#
# A fatal error has been detected by the Java Runtime Environment:
#
#  SIGSEGV (0xb) at pc=0x000000012e435589, pid=86950, tid=0x0000000000013607
#
# JRE version: Java(TM) SE Runtime Environment (8.0_152-b16) (build 1.8.0_152-b16)
# Java VM: Java HotSpot(TM) 64-Bit Server VM (25.152-b16 mixed mode bsd-amd64 compressed oops)
# Problematic frame:
# C  [libCLIPSJNI.jnilib+0xb8589]  Java_net_sf_clipsrules_jni_Environment_getFactList+0x129
#
# Failed to write core dump. Core dumps have been disabled. To enable core dumping, try "ulimit -c unlimited" before starting Java again
#
# If you would like to submit a bug report, please visit:
#   http://bugreport.java.com/bugreport/crash.jsp
# The crash happened outside the Java Virtual Machine in native code.
# See problematic frame for where to report the bug.
#

---------------  T H R E A D  ---------------

Current thread (0x00007fc84ca33000):  JavaThread "AWT-EventQueue-0" [_thread_in_native, id=79367, stack(0x00007000117ad000,0x00007000118ad000)]

siginfo: si_signo: 11 (SIGSEGV), si_code: 1 (SEGV_MAPERR), si_addr: 0x0000000000000020

Registers:
RAX=0x0000000000000000, RBX=0x00007fc84c4b3990, RCX=0x0000000000000002, RDX=0x0000000000000004
RSP=0x00007000118ab560, RBP=0x00007000118ab650, RSI=0x0000000000000007, RDI=0x00007000118ab538
R8 =0x00000000000001eb, R9 =0x00007000118ab288, R10=0x00000000ed7fe34a, R11=0x0000000118d16de0
R12=0x00007fc84c4b3990, R13=0x00007fc84c4d8f20, R14=0x00007fc84e08fa58, R15=0x00007fc84ca331f8
RIP=0x000000012e435589, EFLAGS=0x0000000000010287, ERR=0x0000000000000004
  TRAPNO=0x000000000000000e

Top of Stack: (sp=0x00007000118ab560)
0x00007000118ab560:   00007fc84e08f9d8 0000000000000000
0x00007000118ab570:   00007fc84e10af00 000000010af96b23
0x00007000118ab580:   00007fc84c497a90 000000024c497ab8
0x00007000118ab590:   0000000115933d62 00007fc84e10c4c0
0x00007000118ab5a0:   00007000118ab628 0000000115933db0
0x00007000118ab5b0:   00007fc84ca33000 00007fc84e10af00
0x00007000118ab5c0:   00007fc84c4d8f20 00007fc84c4b3990
0x00007000118ab5d0:   00007fc84c4b3990 00007fc84e08fa28
0x00007000118ab5e0:   000000004e200d20 00007fc84c57af60
0x00007000118ab5f0:   0000000000000002 00007fc84e08f980
0x00007000118ab600:   00007fc800322d66 00007fc84c497830
0x00007000118ab610:   00007fc84c497a90 00007fc84c497ab8
0x00007000118ab620:   6d4e144c9c9500b8 000000012e233438
0x00007000118ab630:   0000000000000000 000000012e233430
0x00007000118ab640:   00007000118ab6f0 00007fc84ca33000
0x00007000118ab650:   00007000118ab6c0 0000000118bc6c84
0x00007000118ab660:   000000000000003a 0000000115933d62
0x00007000118ab670:   00007000118ab690 000000010adf3d8e
0x00007000118ab680:   00007000118ab680 0000000000000000
0x00007000118ab690:   00007000118ab6f0 000000012e238868
0x00007000118ab6a0:   0000000000000000 000000012e233438
0x00007000118ab6b0:   0000000000000000 00007000118ab6e0
0x00007000118ab6c0:   00007000118ab738 0000000118baf0c0
0x00007000118ab6d0:   0000000000000000 0000000118bbd47b
0x00007000118ab6e0:   00007fc84c4b3990 00007000118ab7b0
0x00007000118ab6f0:   000000076bde68c8 00007000118ab6f8
0x00007000118ab700:   000000012e2334d5 00007000118ab748
0x00007000118ab710:   000000012e238868 0000000000000000
0x00007000118ab720:   000000012e2334e0 00007000118ab6e0
0x00007000118ab730:   00007000118ab748 00007000118ab790
0x00007000118ab740:   0000000118baf0c0 000000076bde68c8
0x00007000118ab750:   00007000118ab750 0000000115933d66 

Instructions: (pc=0x000000012e435589)
0x000000012e435569:   08 00 4c 89 ad 70 ff ff ff 0f 84 90 01 00 00 31
0x000000012e435579:   c9 66 0f 1f 44 00 00 48 89 4d a0 48 8b 44 c8 18
0x000000012e435589:   4c 8b 70 20 4c 89 e7 4c 89 ee 4c 89 f2 48 8d 9d
0x000000012e435599:   68 ff ff ff 48 89 d9 e8 0b c4 f7 ff 48 89 df 48 

Register to memory mapping:

RAX=0x0000000000000000 is an unknown value
RBX=0x00007fc84c4b3990 is an unknown value
RCX=0x0000000000000002 is an unknown value
RDX=0x0000000000000004 is an unknown value
RSP=0x00007000118ab560 is pointing into the stack for thread: 0x00007fc84ca33000
RBP=0x00007000118ab650 is pointing into the stack for thread: 0x00007fc84ca33000
RSI=0x0000000000000007 is an unknown value
RDI=0x00007000118ab538 is pointing into the stack for thread: 0x00007fc84ca33000
R8 =0x00000000000001eb is an unknown value
R9 =0x00007000118ab288 is pointing into the stack for thread: 0x00007fc84ca33000
R10=0x00000000ed7fe34a is an unknown value
R11=0x0000000118d16de0 is at entry_point+32 in (nmethod*)0x0000000118d16c10
R12=0x00007fc84c4b3990 is an unknown value
R13=0x00007fc84c4d8f20 is an unknown value
R14=0x00007fc84e08fa58 is an unknown value
R15=0x00007fc84ca331f8 is an unknown value


Stack: [0x00007000117ad000,0x00007000118ad000],  sp=0x00007000118ab560,  free space=1017k
Native frames: (J=compiled Java code, j=interpreted, Vv=VM code, C=native code)
C  [libCLIPSJNI.jnilib+0xb8589]  Java_net_sf_clipsrules_jni_Environment_getFactList+0x129
j  net.sf.clipsrules.jni.Environment.getFactList(J)Ljava/util/List;+0
j  net.sf.clipsrules.jni.Environment.getFactList()Ljava/util/List;+5
j  CharityRecommender.processRules()V+62
j  CharityRecommender.<init>()V+411
j  CharityRecommender$2.run()V+4
j  java.awt.event.InvocationEvent.dispatch$$$capture()V+47
j  java.awt.event.InvocationEvent.dispatch()V+8
j  java.awt.EventQueue.dispatchEventImpl(Ljava/awt/AWTEvent;Ljava/lang/Object;)V+21
j  java.awt.EventQueue.access$500(Ljava/awt/EventQueue;Ljava/awt/AWTEvent;Ljava/lang/Object;)V+3
j  java.awt.EventQueue$3.run()Ljava/lang/Void;+32
j  java.awt.EventQueue$3.run()Ljava/lang/Object;+1
v  ~StubRoutines::call_stub
V  [libjvm.dylib+0x2ef7b2]  JavaCalls::call_helper(JavaValue*, methodHandle*, JavaCallArguments*, Thread*)+0x6ae
V  [libjvm.dylib+0x34ff7c]  JVM_DoPrivileged+0x4b8
j  java.security.AccessController.doPrivileged(Ljava/security/PrivilegedAction;Ljava/security/AccessControlContext;)Ljava/lang/Object;+0
j  java.security.ProtectionDomain$JavaSecurityAccessImpl.doIntersectionPrivilege(Ljava/security/PrivilegedAction;Ljava/security/AccessControlContext;Ljava/security/AccessControlContext;)Ljava/lang/Object;+18
j  java.awt.EventQueue.dispatchEvent(Ljava/awt/AWTEvent;)V+46
j  java.awt.EventDispatchThread.pumpOneEventForFilters(I)V+245
j  java.awt.EventDispatchThread.pumpEventsForFilter(ILjava/awt/Conditional;Ljava/awt/EventFilter;)V+35
j  java.awt.EventDispatchThread.pumpEventsForHierarchy(ILjava/awt/Conditional;Ljava/awt/Component;)V+11
j  java.awt.EventDispatchThread.pumpEvents(ILjava/awt/Conditional;)V+4
j  java.awt.EventDispatchThread.pumpEvents(Ljava/awt/Conditional;)V+3
j  java.awt.EventDispatchThread.run()V+9
v  ~StubRoutines::call_stub
V  [libjvm.dylib+0x2ef7b2]  JavaCalls::call_helper(JavaValue*, methodHandle*, JavaCallArguments*, Thread*)+0x6ae
V  [libjvm.dylib+0x2eff56]  JavaCalls::call_virtual(JavaValue*, KlassHandle, Symbol*, Symbol*, JavaCallArguments*, Thread*)+0x164
V  [libjvm.dylib+0x2f0102]  JavaCalls::call_virtual(JavaValue*, Handle, KlassHandle, Symbol*, Symbol*, Thread*)+0x4a
V  [libjvm.dylib+0x34a8c5]  thread_entry(JavaThread*, Thread*)+0x7c
V  [libjvm.dylib+0x56e327]  JavaThread::thread_main_inner()+0x9b
V  [libjvm.dylib+0x56fa14]  JavaThread::run()+0x1c2
V  [libjvm.dylib+0x48d542]  java_start(Thread*)+0xf6
C  [libsystem_pthread.dylib+0x36c1]  _pthread_body+0x154
C  [libsystem_pthread.dylib+0x356d]  _pthread_body+0x0
C  [libsystem_pthread.dylib+0x2c5d]  thread_start+0xd
C  0x0000000000000000

Java frames: (J=compiled Java code, j=interpreted, Vv=VM code)
j  net.sf.clipsrules.jni.Environment.getFactList(J)Ljava/util/List;+0
j  net.sf.clipsrules.jni.Environment.getFactList()Ljava/util/List;+5
j  CharityRecommender.processRules()V+62
j  CharityRecommender.<init>()V+411
j  CharityRecommender$2.run()V+4
j  java.awt.event.InvocationEvent.dispatch$$$capture()V+47
j  java.awt.event.InvocationEvent.dispatch()V+8
j  java.awt.EventQueue.dispatchEventImpl(Ljava/awt/AWTEvent;Ljava/lang/Object;)V+21
j  java.awt.EventQueue.access$500(Ljava/awt/EventQueue;Ljava/awt/AWTEvent;Ljava/lang/Object;)V+3
j  java.awt.EventQueue$3.run()Ljava/lang/Void;+32
j  java.awt.EventQueue$3.run()Ljava/lang/Object;+1
v  ~StubRoutines::call_stub
j  java.security.AccessController.doPrivileged(Ljava/security/PrivilegedAction;Ljava/security/AccessControlContext;)Ljava/lang/Object;+0
j  java.security.ProtectionDomain$JavaSecurityAccessImpl.doIntersectionPrivilege(Ljava/security/PrivilegedAction;Ljava/security/AccessControlContext;Ljava/security/AccessControlContext;)Ljava/lang/Object;+18
j  java.awt.EventQueue.dispatchEvent(Ljava/awt/AWTEvent;)V+46
j  java.awt.EventDispatchThread.pumpOneEventForFilters(I)V+245
j  java.awt.EventDispatchThread.pumpEventsForFilter(ILjava/awt/Conditional;Ljava/awt/EventFilter;)V+35
j  java.awt.EventDispatchThread.pumpEventsForHierarchy(ILjava/awt/Conditional;Ljava/awt/Component;)V+11
j  java.awt.EventDispatchThread.pumpEvents(ILjava/awt/Conditional;)V+4
j  java.awt.EventDispatchThread.pumpEvents(Ljava/awt/Conditional;)V+3
j  java.awt.EventDispatchThread.run()V+9
v  ~StubRoutines::call_stub

---------------  P R O C E S S  ---------------

Java Threads: ( => current thread )
  0x00007fc84f9e7000 JavaThread "Java2D Disposer" daemon [_thread_blocked, id=55815, stack(0x00007000119b3000,0x0000700011ab3000)]
  0x00007fc84e97a800 JavaThread "Java2D Queue Flusher" daemon [_thread_blocked, id=74247, stack(0x00007000118b0000,0x00007000119b0000)]
  0x00007fc84d87f800 JavaThread "DestroyJavaVM" [_thread_blocked, id=9731, stack(0x000070000fd56000,0x000070000fe56000)]
=>0x00007fc84ca33000 JavaThread "AWT-EventQueue-0" [_thread_in_native, id=79367, stack(0x00007000117ad000,0x00007000118ad000)]
  0x00007fc84f041000 JavaThread "AWT-Shutdown" [_thread_blocked, id=37675, stack(0x0000700011398000,0x0000700011498000)]
  0x00007fc84f8e4000 JavaThread "AppKit Thread" daemon [_thread_in_native, id=775, stack(0x00007ffee596e000,0x00007ffee616e000)]
  0x00007fc84f87f000 JavaThread "Service Thread" daemon [_thread_blocked, id=43011, stack(0x0000700011192000,0x0000700011292000)]
  0x00007fc84d019800 JavaThread "C1 CompilerThread3" daemon [_thread_blocked, id=22019, stack(0x000070001108f000,0x000070001118f000)]
  0x00007fc84c8ae000 JavaThread "C2 CompilerThread2" daemon [_thread_blocked, id=14595, stack(0x0000700010f8c000,0x000070001108c000)]
  0x00007fc850001000 JavaThread "C2 CompilerThread1" daemon [_thread_blocked, id=14339, stack(0x0000700010e89000,0x0000700010f89000)]
  0x00007fc84d010000 JavaThread "C2 CompilerThread0" daemon [_thread_blocked, id=15363, stack(0x0000700010d86000,0x0000700010e86000)]
  0x00007fc84e850000 JavaThread "JDWP Command Reader" daemon [_thread_in_native, id=14083, stack(0x0000700010c83000,0x0000700010d83000)]
  0x00007fc84e84f800 JavaThread "JDWP Event Helper Thread" daemon [_thread_blocked, id=15875, stack(0x0000700010b80000,0x0000700010c80000)]
  0x00007fc850000000 JavaThread "JDWP Transport Listener: dt_socket" daemon [_thread_blocked, id=13575, stack(0x0000700010a7d000,0x0000700010b7d000)]
  0x00007fc84d00c000 JavaThread "Signal Dispatcher" daemon [_thread_blocked, id=16651, stack(0x000070001097a000,0x0000700010a7a000)]
  0x00007fc84f81e800 JavaThread "Finalizer" daemon [_thread_blocked, id=12803, stack(0x0000700010877000,0x0000700010977000)]
  0x00007fc84e838000 JavaThread "Reference Handler" daemon [_thread_blocked, id=19459, stack(0x0000700010774000,0x0000700010874000)]

Other Threads:
  0x00007fc84f81a000 VMThread [stack: 0x0000700010671000,0x0000700010771000] [id=19971]
  0x00007fc84e863000 WatcherThread [stack: 0x0000700011295000,0x0000700011395000] [id=22531]

VM state:not at safepoint (normal execution)

VM Mutex/Monitor currently owned by a thread: None

Heap:
 PSYoungGen      total 76288K, used 23660K [0x000000076ab00000, 0x0000000770000000, 0x00000007c0000000)
  eden space 65536K, 36% used [0x000000076ab00000,0x000000076c21b2d8,0x000000076eb00000)
  from space 10752K, 0% used [0x000000076f580000,0x000000076f580000,0x0000000770000000)
  to   space 10752K, 0% used [0x000000076eb00000,0x000000076eb00000,0x000000076f580000)
 ParOldGen       total 175104K, used 0K [0x00000006c0000000, 0x00000006cab00000, 0x000000076ab00000)
  object space 175104K, 0% used [0x00000006c0000000,0x00000006c0000000,0x00000006cab00000)
 Metaspace       used 10288K, capacity 10400K, committed 10496K, reserved 1058816K
  class space    used 1200K, capacity 1251K, committed 1280K, reserved 1048576K

Card table byte_map: [0x000000010bf7d000,0x000000010c77e000] byte_map_base: 0x000000010897d000

Marking Bits: (ParMarkBitMap*) 0x000000010b4f66c0
 Begin Bits: [0x000000010ccd4000, 0x0000000110cd4000)
 End Bits:   [0x0000000110cd4000, 0x0000000114cd4000)

Polling page: 0x0000000109b17000

CodeCache: size=245760Kb used=2385Kb max_used=2397Kb free=243374Kb
 bounds [0x0000000118ba7000, 0x0000000118e17000, 0x0000000127ba7000]
 total_blobs=932 nmethods=502 adapters=352
 compilation: enabled

Compilation events (10 events):
Event: 3.854 Thread 0x00007fc84d019800  498       3       java.lang.Math::max (11 bytes)
Event: 3.854 Thread 0x00007fc84d019800 nmethod 498 0x0000000118df0a50 code [0x0000000118df0bc0, 0x0000000118df0d50]
Event: 5.723 Thread 0x00007fc84d019800  499       3       java.lang.Integer::stringSize (21 bytes)
Event: 5.723 Thread 0x00007fc84d019800 nmethod 499 0x0000000118df0590 code [0x0000000118df0700, 0x0000000118df0910]
Event: 5.723 Thread 0x00007fc84d019800  500       3       java.lang.Integer::getChars (131 bytes)
Event: 5.724 Thread 0x00007fc84d019800 nmethod 500 0x0000000118defad0 code [0x0000000118defc80, 0x0000000118df0110]
Event: 6.675 Thread 0x00007fc84d019800  501   !   3       java.util.zip.ZipFile$ZipFileInputStream::close (110 bytes)
Event: 6.676 Thread 0x00007fc84d019800 nmethod 501 0x0000000118df2610 code [0x0000000118df27e0, 0x0000000118df3058]
Event: 6.683 Thread 0x00007fc850001000  502       4       java.lang.AbstractStringBuilder::append (50 bytes)
Event: 6.688 Thread 0x00007fc850001000 nmethod 502 0x0000000118df1a90 code [0x0000000118df1c20, 0x0000000118df21a8]

GC Heap History (0 events):
No events

Deoptimization events (1 events):
Event: 0.443 Thread 0x00007fc84f000000 Uncommon trap: reason=unstable_if action=reinterpret pc=0x0000000118d37178 method=org.sqlite.SQLiteJDBCLoader.contentsEquals(Ljava/io/InputStream;Ljava/io/InputStream;)Z @ 39

Classes redefined (0 events):
No events

Internal exceptions (10 events):
Event: 0.043 Thread 0x00007fc84f000000 Exception <a 'java/lang/NoSuchMethodError': Method sun.misc.Unsafe.defineClass(Ljava/lang/String;[BII)Ljava/lang/Class; name or signature does not match> (0x000000076ab07ca8) thrown at [/Users/java_re/workspace/8-2-build-macosx-x86_64/jdk8u152/9742/hotspo
Event: 0.043 Thread 0x00007fc84f000000 Exception <a 'java/lang/NoSuchMethodError': Method sun.misc.Unsafe.prefetchRead(Ljava/lang/Object;J)V name or signature does not match> (0x000000076ab07f90) thrown at [/Users/java_re/workspace/8-2-build-macosx-x86_64/jdk8u152/9742/hotspot/src/share/vm/pri
Event: 0.216 Thread 0x00007fc84f000000 Exception <a 'java/security/PrivilegedActionException'> (0x000000076aeb9a38) thrown at [/Users/java_re/workspace/8-2-build-macosx-x86_64/jdk8u152/9742/hotspot/src/share/vm/prims/jvm.cpp, line 1390]
Event: 0.216 Thread 0x00007fc84f000000 Exception <a 'java/security/PrivilegedActionException'> (0x000000076aeb9c48) thrown at [/Users/java_re/workspace/8-2-build-macosx-x86_64/jdk8u152/9742/hotspot/src/share/vm/prims/jvm.cpp, line 1390]
Event: 0.217 Thread 0x00007fc84f000000 Exception <a 'java/security/PrivilegedActionException'> (0x000000076aebcf78) thrown at [/Users/java_re/workspace/8-2-build-macosx-x86_64/jdk8u152/9742/hotspot/src/share/vm/prims/jvm.cpp, line 1390]
Event: 0.217 Thread 0x00007fc84f000000 Exception <a 'java/security/PrivilegedActionException'> (0x000000076aebd188) thrown at [/Users/java_re/workspace/8-2-build-macosx-x86_64/jdk8u152/9742/hotspot/src/share/vm/prims/jvm.cpp, line 1390]
Event: 0.539 Thread 0x00007fc84f000000 Exception <a 'java/lang/NoSuchFieldError': method resolution failed> (0x000000076b615d70) thrown at [/Users/java_re/workspace/8-2-build-macosx-x86_64/jdk8u152/9742/hotspot/src/share/vm/prims/methodHandles.cpp, line 1167]
Event: 0.541 Thread 0x00007fc84f000000 Exception <a 'java/lang/NoSuchFieldError': method resolution failed> (0x000000076b623f88) thrown at [/Users/java_re/workspace/8-2-build-macosx-x86_64/jdk8u152/9742/hotspot/src/share/vm/prims/methodHandles.cpp, line 1167]
Event: 0.772 Thread 0x00007fc84f000000 Exception <a 'java/io/FileNotFoundException'> (0x000000076b6c5e30) thrown at [/Users/java_re/workspace/8-2-build-macosx-x86_64/jdk8u152/9742/hotspot/src/share/vm/prims/jni.cpp, line 709]
Event: 0.772 Thread 0x00007fc84f000000 Exception <a 'java/io/FileNotFoundException'> (0x000000076b6c69a0) thrown at [/Users/java_re/workspace/8-2-build-macosx-x86_64/jdk8u152/9742/hotspot/src/share/vm/prims/jni.cpp, line 709]

Events (10 events):
Event: 7.384 Executing VM operation: ChangeBreakpoints
Event: 7.384 Executing VM operation: ChangeBreakpoints done
Event: 7.385 Executing VM operation: ChangeBreakpoints
Event: 7.385 Executing VM operation: ChangeBreakpoints done
Event: 7.386 Executing VM operation: ChangeBreakpoints
Event: 7.386 Executing VM operation: ChangeBreakpoints done
Event: 7.386 Executing VM operation: ChangeBreakpoints
Event: 7.386 Executing VM operation: ChangeBreakpoints done
Event: 7.387 Executing VM operation: ChangeBreakpoints
Event: 7.387 Executing VM operation: ChangeBreakpoints done


Dynamic libraries:
0x0000000026a60000 	/System/Library/Frameworks/Cocoa.framework/Versions/A/Cocoa
0x0000000026a60000 	/System/Library/Frameworks/Security.framework/Versions/A/Security
0x0000000026a60000 	/System/Library/Frameworks/ApplicationServices.framework/Versions/A/ApplicationServices
0x0000000026a60000 	/usr/lib/libz.1.dylib
0x0000000026a60000 	/usr/lib/libSystem.B.dylib
0x0000000026a60000 	/usr/lib/libobjc.A.dylib
0x0000000026a60000 	/System/Library/Frameworks/CoreFoundation.framework/Versions/A/CoreFoundation
0x0000000026a60000 	/System/Library/Frameworks/Foundation.framework/Versions/C/Foundation
0x0000000026a60000 	/System/Library/Frameworks/AppKit.framework/Versions/C/AppKit
0x0000000026a60000 	/System/Library/Frameworks/CoreData.framework/Versions/A/CoreData
0x0000000026a60000 	/System/Library/PrivateFrameworks/RemoteViewServices.framework/Versions/A/RemoteViewServices
0x0000000026a60000 	/System/Library/PrivateFrameworks/UIFoundation.framework/Versions/A/UIFoundation
0x0000000026a60000 	/System/Library/PrivateFrameworks/DFRFoundation.framework/Versions/A/DFRFoundation
0x0000000026a60000 	/System/Library/Frameworks/Metal.framework/Versions/A/Metal
0x0000000026a60000 	/System/Library/PrivateFrameworks/DesktopServicesPriv.framework/Versions/A/DesktopServicesPriv
0x0000000026a60000 	/usr/lib/libenergytrace.dylib
0x0000000026a60000 	/System/Library/PrivateFrameworks/SkyLight.framework/Versions/A/SkyLight
0x0000000026a60000 	/System/Library/Frameworks/CoreGraphics.framework/Versions/A/CoreGraphics
0x0000000026a60000 	/usr/lib/libScreenReader.dylib
0x0000000026a60000 	/System/Library/Frameworks/Accelerate.framework/Versions/A/Accelerate
0x0000000026a60000 	/System/Library/Frameworks/IOSurface.framework/Versions/A/IOSurface
0x0000000026a60000 	/System/Library/Frameworks/AudioToolbox.framework/Versions/A/AudioToolbox
0x0000000026a60000 	/System/Library/Frameworks/AudioUnit.framework/Versions/A/AudioUnit
0x0000000026a60000 	/System/Library/PrivateFrameworks/DataDetectorsCore.framework/Versions/A/DataDetectorsCore
0x0000000026a60000 	/System/Library/Frameworks/Carbon.framework/Versions/A/Frameworks/HIToolbox.framework/Versions/A/HIToolbox
0x0000000026a60000 	/usr/lib/libicucore.A.dylib
0x0000000026a60000 	/System/Library/Frameworks/QuartzCore.framework/Versions/A/QuartzCore
0x0000000026a60000 	/System/Library/Frameworks/Carbon.framework/Versions/A/Frameworks/SpeechRecognition.framework/Versions/A/SpeechRecognition
0x0000000026a60000 	/usr/lib/libauto.dylib
0x0000000026a60000 	/usr/lib/libxml2.2.dylib
0x0000000026a60000 	/System/Library/PrivateFrameworks/CoreUI.framework/Versions/A/CoreUI
0x0000000026a60000 	/System/Library/Frameworks/CoreAudio.framework/Versions/A/CoreAudio
0x0000000026a60000 	/System/Library/Frameworks/DiskArbitration.framework/Versions/A/DiskArbitration
0x0000000026a60000 	/usr/lib/liblangid.dylib
0x0000000026a60000 	/System/Library/PrivateFrameworks/MultitouchSupport.framework/Versions/A/MultitouchSupport
0x0000000026a60000 	/System/Library/Frameworks/IOKit.framework/Versions/A/IOKit
0x0000000026a60000 	/usr/lib/libDiagnosticMessagesClient.dylib
0x0000000026a60000 	/System/Library/Frameworks/CoreServices.framework/Versions/A/CoreServices
0x0000000026a60000 	/System/Library/PrivateFrameworks/PerformanceAnalysis.framework/Versions/A/PerformanceAnalysis
0x0000000026a60000 	/System/Library/Frameworks/OpenGL.framework/Versions/A/OpenGL
0x0000000026a60000 	/System/Library/Frameworks/ColorSync.framework/Versions/A/ColorSync
0x0000000026a60000 	/System/Library/Frameworks/CoreImage.framework/Versions/A/CoreImage
0x0000000026a60000 	/System/Library/Frameworks/CoreText.framework/Versions/A/CoreText
0x0000000026a60000 	/System/Library/Frameworks/ImageIO.framework/Versions/A/ImageIO
0x0000000026a60000 	/System/Library/PrivateFrameworks/Backup.framework/Versions/A/Backup
0x0000000026a60000 	/usr/lib/libarchive.2.dylib
0x0000000026a60000 	/System/Library/Frameworks/CFNetwork.framework/Versions/A/CFNetwork
0x0000000026a60000 	/System/Library/Frameworks/SystemConfiguration.framework/Versions/A/SystemConfiguration
0x0000000026a60000 	/usr/lib/libCRFSuite.dylib
0x0000000026a60000 	/usr/lib/libc++.1.dylib
0x0000000026a60000 	/usr/lib/libc++abi.dylib
0x0000000026a60000 	/usr/lib/system/libcache.dylib
0x0000000026a60000 	/usr/lib/system/libcommonCrypto.dylib
0x0000000026a60000 	/usr/lib/system/libcompiler_rt.dylib
0x0000000026a60000 	/usr/lib/system/libcopyfile.dylib
0x0000000026a60000 	/usr/lib/system/libcorecrypto.dylib
0x0000000026a60000 	/usr/lib/system/libdispatch.dylib
0x0000000026a60000 	/usr/lib/system/libdyld.dylib
0x0000000026a60000 	/usr/lib/system/libkeymgr.dylib
0x0000000026a60000 	/usr/lib/system/liblaunch.dylib
0x0000000026a60000 	/usr/lib/system/libmacho.dylib
0x0000000026a60000 	/usr/lib/system/libquarantine.dylib
0x0000000026a60000 	/usr/lib/system/libremovefile.dylib
0x0000000026a60000 	/usr/lib/system/libsystem_asl.dylib
0x0000000026a60000 	/usr/lib/system/libsystem_blocks.dylib
0x0000000026a60000 	/usr/lib/system/libsystem_c.dylib
0x0000000026a60000 	/usr/lib/system/libsystem_configuration.dylib
0x0000000026a60000 	/usr/lib/system/libsystem_coreservices.dylib
0x0000000026a60000 	/usr/lib/system/libsystem_darwin.dylib
0x0000000026a60000 	/usr/lib/system/libsystem_dnssd.dylib
0x0000000026a60000 	/usr/lib/system/libsystem_info.dylib
0x0000000026a60000 	/usr/lib/system/libsystem_m.dylib
0x0000000026a60000 	/usr/lib/system/libsystem_malloc.dylib
0x0000000026a60000 	/usr/lib/system/libsystem_network.dylib
0x0000000026a60000 	/usr/lib/system/libsystem_networkextension.dylib
0x0000000026a60000 	/usr/lib/system/libsystem_notify.dylib
0x0000000026a60000 	/usr/lib/system/libsystem_sandbox.dylib
0x0000000026a60000 	/usr/lib/system/libsystem_secinit.dylib
0x0000000026a60000 	/usr/lib/system/libsystem_kernel.dylib
0x0000000026a60000 	/usr/lib/system/libsystem_platform.dylib
0x0000000026a60000 	/usr/lib/system/libsystem_pthread.dylib
0x0000000026a60000 	/usr/lib/system/libsystem_symptoms.dylib
0x0000000026a60000 	/usr/lib/system/libsystem_trace.dylib
0x0000000026a60000 	/usr/lib/system/libunwind.dylib
0x0000000026a60000 	/usr/lib/system/libxpc.dylib
0x0000000026a60000 	/usr/lib/closure/libclosured.dylib
0x0000000026a60000 	/usr/lib/libbsm.0.dylib
0x0000000026a60000 	/usr/lib/system/libkxld.dylib
0x0000000026a60000 	/usr/lib/libOpenScriptingUtil.dylib
0x0000000026a60000 	/usr/lib/libcoretls.dylib
0x0000000026a60000 	/usr/lib/libcoretls_cfhelpers.dylib
0x0000000026a60000 	/usr/lib/libpam.2.dylib
0x0000000026a60000 	/usr/lib/libsqlite3.dylib
0x0000000026a60000 	/usr/lib/libxar.1.dylib
0x0000000026a60000 	/usr/lib/libbz2.1.0.dylib
0x0000000026a60000 	/usr/lib/liblzma.5.dylib
0x0000000026a60000 	/usr/lib/libnetwork.dylib
0x0000000026a60000 	/usr/lib/libapple_nghttp2.dylib
0x0000000026a60000 	/usr/lib/libpcap.A.dylib
0x0000000026a60000 	/usr/lib/libboringssl.dylib
0x0000000026a60000 	/usr/lib/libusrtcp.dylib
0x0000000026a60000 	/usr/lib/libapple_crypto.dylib
0x0000000026a60000 	/System/Library/Frameworks/CoreServices.framework/Versions/A/Frameworks/FSEvents.framework/Versions/A/FSEvents
0x0000000026a60000 	/System/Library/Frameworks/CoreServices.framework/Versions/A/Frameworks/CarbonCore.framework/Versions/A/CarbonCore
0x0000000026a60000 	/System/Library/Frameworks/CoreServices.framework/Versions/A/Frameworks/Metadata.framework/Versions/A/Metadata
0x0000000026a60000 	/System/Library/Frameworks/CoreServices.framework/Versions/A/Frameworks/OSServices.framework/Versions/A/OSServices
0x0000000026a60000 	/System/Library/Frameworks/CoreServices.framework/Versions/A/Frameworks/SearchKit.framework/Versions/A/SearchKit
0x0000000026a60000 	/System/Library/Frameworks/CoreServices.framework/Versions/A/Frameworks/AE.framework/Versions/A/AE
0x0000000026a60000 	/System/Library/Frameworks/CoreServices.framework/Versions/A/Frameworks/LaunchServices.framework/Versions/A/LaunchServices
0x0000000026a60000 	/System/Library/Frameworks/CoreServices.framework/Versions/A/Frameworks/DictionaryServices.framework/Versions/A/DictionaryServices
0x0000000026a60000 	/System/Library/Frameworks/CoreServices.framework/Versions/A/Frameworks/SharedFileList.framework/Versions/A/SharedFileList
0x0000000026a60000 	/System/Library/Frameworks/NetFS.framework/Versions/A/NetFS
0x0000000026a60000 	/System/Library/PrivateFrameworks/NetAuth.framework/Versions/A/NetAuth
0x0000000026a60000 	/System/Library/PrivateFrameworks/login.framework/Versions/A/Frameworks/loginsupport.framework/Versions/A/loginsupport
0x0000000026a60000 	/System/Library/PrivateFrameworks/TCC.framework/Versions/A/TCC
0x0000000026a60000 	/usr/lib/libmecabra.dylib
0x0000000026a60000 	/System/Library/Frameworks/ApplicationServices.framework/Versions/A/Frameworks/ATS.framework/Versions/A/ATS
0x0000000026a60000 	/System/Library/Frameworks/ApplicationServices.framework/Versions/A/Frameworks/ColorSyncLegacy.framework/Versions/A/ColorSyncLegacy
0x0000000026a60000 	/System/Library/Frameworks/ApplicationServices.framework/Versions/A/Frameworks/HIServices.framework/Versions/A/HIServices
0x0000000026a60000 	/System/Library/Frameworks/ApplicationServices.framework/Versions/A/Frameworks/LangAnalysis.framework/Versions/A/LangAnalysis
0x0000000026a60000 	/System/Library/Frameworks/ApplicationServices.framework/Versions/A/Frameworks/PrintCore.framework/Versions/A/PrintCore
0x0000000026a60000 	/System/Library/Frameworks/ApplicationServices.framework/Versions/A/Frameworks/QD.framework/Versions/A/QD
0x0000000026a60000 	/System/Library/Frameworks/ApplicationServices.framework/Versions/A/Frameworks/SpeechSynthesis.framework/Versions/A/SpeechSynthesis
0x0000000026a60000 	/System/Library/Frameworks/CoreDisplay.framework/Versions/A/CoreDisplay
0x0000000026a60000 	/System/Library/Frameworks/Accelerate.framework/Versions/A/Frameworks/vImage.framework/Versions/A/vImage
0x0000000026a60000 	/System/Library/Frameworks/Accelerate.framework/Versions/A/Frameworks/vecLib.framework/Versions/A/vecLib
0x0000000026a60000 	/System/Library/Frameworks/Accelerate.framework/Versions/A/Frameworks/vecLib.framework/Versions/A/libvDSP.dylib
0x0000000026a60000 	/System/Library/Frameworks/Accelerate.framework/Versions/A/Frameworks/vecLib.framework/Versions/A/libBNNS.dylib
0x0000000026a60000 	/System/Library/Frameworks/Accelerate.framework/Versions/A/Frameworks/vecLib.framework/Versions/A/libQuadrature.dylib
0x0000000026a60000 	/System/Library/Frameworks/Accelerate.framework/Versions/A/Frameworks/vecLib.framework/Versions/A/libvMisc.dylib
0x0000000026a60000 	/System/Library/Frameworks/Accelerate.framework/Versions/A/Frameworks/vecLib.framework/Versions/A/libLAPACK.dylib
0x0000000026a60000 	/System/Library/Frameworks/Accelerate.framework/Versions/A/Frameworks/vecLib.framework/Versions/A/libBLAS.dylib
0x0000000026a60000 	/System/Library/Frameworks/Accelerate.framework/Versions/A/Frameworks/vecLib.framework/Versions/A/libLinearAlgebra.dylib
0x0000000026a60000 	/System/Library/Frameworks/Accelerate.framework/Versions/A/Frameworks/vecLib.framework/Versions/A/libSparse.dylib
0x0000000026a60000 	/System/Library/Frameworks/Accelerate.framework/Versions/A/Frameworks/vecLib.framework/Versions/A/libSparseBLAS.dylib
0x0000000026a60000 	/System/Library/PrivateFrameworks/IOAccelerator.framework/Versions/A/IOAccelerator
0x0000000026a60000 	/System/Library/PrivateFrameworks/IOPresentment.framework/Versions/A/IOPresentment
0x0000000026a60000 	/System/Library/PrivateFrameworks/DSExternalDisplay.framework/Versions/A/DSExternalDisplay
0x0000000026a60000 	/System/Library/Frameworks/OpenGL.framework/Versions/A/Libraries/libCoreFSCache.dylib
0x0000000026a60000 	/System/Library/Frameworks/CoreVideo.framework/Versions/A/CoreVideo
0x0000000026a60000 	/System/Library/PrivateFrameworks/GraphVisualizer.framework/Versions/A/GraphVisualizer
0x0000000026a60000 	/System/Library/Frameworks/MetalPerformanceShaders.framework/Versions/A/MetalPerformanceShaders
0x0000000026a60000 	/usr/lib/libFosl_dynamic.dylib
0x0000000026a60000 	/System/Library/PrivateFrameworks/FaceCore.framework/Versions/A/FaceCore
0x0000000026a60000 	/System/Library/Frameworks/OpenCL.framework/Versions/A/OpenCL
0x0000000026a60000 	/usr/lib/libcompression.dylib
0x0000000026a60000 	/System/Library/Frameworks/ApplicationServices.framework/Versions/A/Frameworks/ATS.framework/Versions/A/Resources/libFontParser.dylib
0x0000000026a60000 	/System/Library/Frameworks/ApplicationServices.framework/Versions/A/Frameworks/ATS.framework/Versions/A/Resources/libFontRegistry.dylib
0x0000000026a60000 	/System/Library/Frameworks/ImageIO.framework/Versions/A/Resources/libJPEG.dylib
0x0000000026a60000 	/System/Library/Frameworks/ImageIO.framework/Versions/A/Resources/libTIFF.dylib
0x0000000026a60000 	/System/Library/Frameworks/ImageIO.framework/Versions/A/Resources/libPng.dylib
0x0000000026a60000 	/System/Library/Frameworks/ImageIO.framework/Versions/A/Resources/libGIF.dylib
0x0000000026a60000 	/System/Library/Frameworks/ImageIO.framework/Versions/A/Resources/libJP2.dylib
0x0000000026a60000 	/System/Library/Frameworks/ImageIO.framework/Versions/A/Resources/libRadiance.dylib
0x0000000026a60000 	/System/Library/PrivateFrameworks/AppleJPEG.framework/Versions/A/AppleJPEG
0x0000000026a60000 	/System/Library/PrivateFrameworks/MetalTools.framework/Versions/A/MetalTools
0x0000000026a60000 	/System/Library/Frameworks/MetalPerformanceShaders.framework/Frameworks/MPSCore.framework/Versions/A/MPSCore
0x0000000026a60000 	/System/Library/Frameworks/MetalPerformanceShaders.framework/Frameworks/MPSImage.framework/Versions/A/MPSImage
0x0000000026a60000 	/System/Library/Frameworks/MetalPerformanceShaders.framework/Frameworks/MPSMatrix.framework/Versions/A/MPSMatrix
0x0000000026a60000 	/System/Library/Frameworks/MetalPerformanceShaders.framework/Frameworks/MPSNeuralNetwork.framework/Versions/A/MPSNeuralNetwork
0x0000000026a60000 	/System/Library/Frameworks/OpenGL.framework/Versions/A/Libraries/libGLU.dylib
0x0000000026a60000 	/System/Library/Frameworks/OpenGL.framework/Versions/A/Libraries/libGFXShared.dylib
0x0000000026a60000 	/System/Library/Frameworks/OpenGL.framework/Versions/A/Libraries/libGL.dylib
0x0000000026a60000 	/System/Library/Frameworks/OpenGL.framework/Versions/A/Libraries/libGLImage.dylib
0x0000000026a60000 	/System/Library/Frameworks/OpenGL.framework/Versions/A/Libraries/libCVMSPluginSupport.dylib
0x0000000026a60000 	/System/Library/Frameworks/OpenGL.framework/Versions/A/Libraries/libCoreVMClient.dylib
0x0000000026a60000 	/usr/lib/libcups.2.dylib
0x0000000026a60000 	/System/Library/Frameworks/Kerberos.framework/Versions/A/Kerberos
0x0000000026a60000 	/System/Library/Frameworks/GSS.framework/Versions/A/GSS
0x0000000026a60000 	/usr/lib/libresolv.9.dylib
0x0000000026a60000 	/usr/lib/libiconv.2.dylib
0x0000000026a60000 	/System/Library/PrivateFrameworks/Heimdal.framework/Versions/A/Heimdal
0x0000000026a60000 	/usr/lib/libheimdal-asn1.dylib
0x0000000026a60000 	/System/Library/Frameworks/OpenDirectory.framework/Versions/A/OpenDirectory
0x0000000026a60000 	/System/Library/PrivateFrameworks/CommonAuth.framework/Versions/A/CommonAuth
0x0000000026a60000 	/System/Library/Frameworks/OpenDirectory.framework/Versions/A/Frameworks/CFOpenDirectory.framework/Versions/A/CFOpenDirectory
0x0000000026a60000 	/System/Library/Frameworks/SecurityFoundation.framework/Versions/A/SecurityFoundation
0x0000000026a60000 	/System/Library/PrivateFrameworks/APFS.framework/Versions/A/APFS
0x0000000026a60000 	/usr/lib/libutil.dylib
0x0000000026a60000 	/System/Library/PrivateFrameworks/AppleSauce.framework/Versions/A/AppleSauce
0x0000000026a60000 	/System/Library/PrivateFrameworks/LinguisticData.framework/Versions/A/LinguisticData
0x0000000026a60000 	/usr/lib/libmarisa.dylib
0x0000000026a60000 	/System/Library/PrivateFrameworks/Lexicon.framework/Versions/A/Lexicon
0x0000000026a60000 	/usr/lib/libChineseTokenizer.dylib
0x0000000026a60000 	/usr/lib/libcmph.dylib
0x0000000026a60000 	/System/Library/PrivateFrameworks/LanguageModeling.framework/Versions/A/LanguageModeling
0x0000000026a60000 	/System/Library/PrivateFrameworks/CoreEmoji.framework/Versions/A/CoreEmoji
0x0000000026a60000 	/System/Library/Frameworks/ServiceManagement.framework/Versions/A/ServiceManagement
0x0000000026a60000 	/System/Library/PrivateFrameworks/BackgroundTaskManagement.framework/Versions/A/BackgroundTaskManagement
0x0000000026a60000 	/usr/lib/libxslt.1.dylib
0x0000000026a60000 	/System/Library/Frameworks/Carbon.framework/Versions/A/Frameworks/Ink.framework/Versions/A/Ink
0x0000000026a60000 	/System/Library/PrivateFrameworks/TextureIO.framework/Versions/A/TextureIO
0x0000000026a60000 	/usr/lib/libate.dylib
0x0000000026a60000 	/System/Library/PrivateFrameworks/CrashReporterSupport.framework/Versions/A/CrashReporterSupport
0x0000000026a60000 	/System/Library/PrivateFrameworks/Sharing.framework/Versions/A/Sharing
0x0000000026a60000 	/System/Library/PrivateFrameworks/IconServices.framework/Versions/A/IconServices
0x0000000026a60000 	/System/Library/PrivateFrameworks/ProtocolBuffer.framework/Versions/A/ProtocolBuffer
0x0000000026a60000 	/System/Library/PrivateFrameworks/Apple80211.framework/Versions/A/Apple80211
0x0000000026a60000 	/System/Library/Frameworks/CoreWLAN.framework/Versions/A/CoreWLAN
0x0000000026a60000 	/System/Library/PrivateFrameworks/CoreUtils.framework/Versions/A/CoreUtils
0x0000000026a60000 	/System/Library/Frameworks/IOBluetooth.framework/Versions/A/IOBluetooth
0x0000000026a60000 	/System/Library/PrivateFrameworks/CoreWiFi.framework/Versions/A/CoreWiFi
0x0000000026a60000 	/System/Library/Frameworks/CoreBluetooth.framework/Versions/A/CoreBluetooth
0x0000000026a60000 	/System/Library/PrivateFrameworks/SignpostNotification.framework/Versions/A/SignpostNotification
0x0000000026a60000 	/System/Library/PrivateFrameworks/DebugSymbols.framework/Versions/A/DebugSymbols
0x0000000026a60000 	/System/Library/PrivateFrameworks/CoreSymbolication.framework/Versions/A/CoreSymbolication
0x0000000026a60000 	/System/Library/PrivateFrameworks/Symbolication.framework/Versions/A/Symbolication
0x0000000026a60000 	/System/Library/PrivateFrameworks/AppleFSCompression.framework/Versions/A/AppleFSCompression
0x0000000026a60000 	/System/Library/PrivateFrameworks/SpeechRecognitionCore.framework/Versions/A/SpeechRecognitionCore
0x000000010ac00000 	/Library/Java/JavaVirtualMachines/jdk1.8.0_152.jdk/Contents/Home/jre/lib/server/libjvm.dylib
0x0000000026a60000 	/usr/lib/libstdc++.6.0.9.dylib
0x0000000109ad3000 	/Library/Java/JavaVirtualMachines/jdk1.8.0_152.jdk/Contents/Home/jre/lib/libverify.dylib
0x0000000109ae1000 	/Library/Java/JavaVirtualMachines/jdk1.8.0_152.jdk/Contents/Home/jre/lib/libjava.dylib
0x0000000109b18000 	/Library/Java/JavaVirtualMachines/jdk1.8.0_152.jdk/Contents/Home/jre/lib/libjdwp.dylib
0x0000000109b63000 	/Library/Java/JavaVirtualMachines/jdk1.8.0_152.jdk/Contents/Home/jre/lib/libnpt.dylib
0x0000000109b67000 	/Library/Java/JavaVirtualMachines/jdk1.8.0_152.jdk/Contents/Home/jre/lib/libinstrument.dylib
0x000000010bbb4000 	/Library/Java/JavaVirtualMachines/jdk1.8.0_152.jdk/Contents/Home/jre/lib/libzip.dylib
0x0000000117c8e000 	/Library/Java/JavaVirtualMachines/jdk1.8.0_152.jdk/Contents/Home/jre/lib/libdt_socket.dylib
0x0000000117e61000 	/private/var/folders/sz/k8vlylnn1fq0qtrv4jlk1zhc0000gn/T/sqlite-3.21.0-38cc2e1b-9f0b-4962-ac40-efea3351c2fc-libsqlitejdbc.jnilib
0x0000000118006000 	/Library/Java/JavaVirtualMachines/jdk1.8.0_152.jdk/Contents/Home/jre/lib/libawt.dylib
0x00000001180b0000 	/Library/Java/JavaVirtualMachines/jdk1.8.0_152.jdk/Contents/Home/jre/lib/./libmlib_image.dylib
0x0000000026a60000 	/System/Library/Frameworks/JavaVM.framework/Versions/A/Frameworks/JavaNativeFoundation.framework/Versions/A/JavaNativeFoundation
0x0000000026a60000 	/System/Library/Frameworks/JavaVM.framework/Versions/A/Frameworks/JavaRuntimeSupport.framework/Versions/A/JavaRuntimeSupport
0x0000000026a60000 	/System/Library/Frameworks/JavaVM.framework/Versions/A/JavaVM
0x0000000026a60000 	/System/Library/PrivateFrameworks/JavaLaunching.framework/Versions/A/JavaLaunching
0x0000000026a60000 	/System/Library/Frameworks/Carbon.framework/Versions/A/Carbon
0x0000000026a60000 	/System/Library/Frameworks/Carbon.framework/Versions/A/Frameworks/CommonPanels.framework/Versions/A/CommonPanels
0x0000000026a60000 	/System/Library/Frameworks/Carbon.framework/Versions/A/Frameworks/Help.framework/Versions/A/Help
0x0000000026a60000 	/System/Library/Frameworks/Carbon.framework/Versions/A/Frameworks/ImageCapture.framework/Versions/A/ImageCapture
0x0000000026a60000 	/System/Library/Frameworks/Carbon.framework/Versions/A/Frameworks/OpenScripting.framework/Versions/A/OpenScripting
0x0000000026a60000 	/System/Library/Frameworks/Carbon.framework/Versions/A/Frameworks/Print.framework/Versions/A/Print
0x0000000026a60000 	/System/Library/Frameworks/Carbon.framework/Versions/A/Frameworks/SecurityHI.framework/Versions/A/SecurityHI
0x000000011817c000 	/Library/Java/JavaVirtualMachines/jdk1.8.0_152.jdk/Contents/Home/jre/lib/libawt_lwawt.dylib
0x0000000118236000 	/Library/Java/JavaVirtualMachines/jdk1.8.0_152.jdk/Contents/Home/jre/lib/./libosxapp.dylib
0x0000000026a60000 	/System/Library/Frameworks/ExceptionHandling.framework/Versions/A/ExceptionHandling
0x0000000026a60000 	/System/Library/PrivateFrameworks/CoreServicesInternal.framework/Versions/A/CoreServicesInternal
0x0000000026a60000 	/System/Library/CoreServices/RawCamera.bundle/Contents/MacOS/RawCamera
0x0000000026a60000 	/System/Library/PrivateFrameworks/MobileAsset.framework/Versions/A/MobileAsset
0x0000000026a60000 	/System/Library/PrivateFrameworks/StreamingZip.framework/Versions/A/StreamingZip
0x0000000026a60000 	/System/Library/Frameworks/MediaToolbox.framework/Versions/A/MediaToolbox
0x0000000026a60000 	/System/Library/PrivateFrameworks/CoreAVCHD.framework/Versions/A/CoreAVCHD
0x0000000026a60000 	/System/Library/Frameworks/MediaAccessibility.framework/Versions/A/MediaAccessibility
0x0000000026a60000 	/System/Library/PrivateFrameworks/Mangrove.framework/Versions/A/Mangrove
0x0000000026a60000 	/System/Library/Frameworks/CoreMedia.framework/Versions/A/CoreMedia
0x0000000026a60000 	/System/Library/Frameworks/VideoToolbox.framework/Versions/A/VideoToolbox
0x0000000026a60000 	/System/Library/PrivateFrameworks/CoreAUC.framework/Versions/A/CoreAUC
0x0000000026a60000 	/usr/lib/libspindump.dylib
0x0000000026a60000 	/usr/lib/libdscsym.dylib
0x0000000026a60000 	/System/Library/PrivateFrameworks/AppleVA.framework/Versions/A/AppleVA
0x0000000026a60000 	/System/Library/Frameworks/Accelerate.framework/Versions/A/Frameworks/vImage.framework/Versions/A/Libraries/libCGInterfaces.dylib
0x0000000026a60000 	/System/Library/Frameworks/ApplicationServices.framework/Versions/A/Frameworks/ATS.framework/Versions/A/Resources/libTrueTypeScaler.dylib
0x0000000026a60000 	/System/Library/Frameworks/OpenGL.framework/Versions/A/Resources/GLEngine.bundle/GLEngine
0x0000000026a60000 	/System/Library/Frameworks/OpenGL.framework/Versions/A/Libraries/libGLProgrammability.dylib
0x000000012b0fa000 	/System/Library/Extensions/AppleIntelSKLGraphicsGLDriver.bundle/Contents/MacOS/AppleIntelSKLGraphicsGLDriver
0x0000000026a60000 	/System/Library/PrivateFrameworks/GPUSupport.framework/Versions/A/Libraries/libGPUSupportMercury.dylib
0x000000012c125000 	/System/Library/Extensions/AMDRadeonX4000GLDriver.bundle/Contents/MacOS/AMDRadeonX4000GLDriver
0x0000000026a60000 	/System/Library/Extensions/AMDRadeonX4000GLDriver.bundle/Contents/MacOS/ATIRadeonX4000SCLib.dylib
0x0000000026a60000 	/System/Library/Frameworks/OpenGL.framework/Versions/A/Resources/GLRendererFloat.bundle/GLRendererFloat
0x0000000026a60000 	/System/Library/Frameworks/OpenCL.framework/Versions/A/Libraries/libcldcpuengine.dylib
0x0000000026a60000 	/usr/lib/libcrypto.35.dylib
0x0000000026a60000 	/System/Library/PrivateFrameworks/TrustEvaluationAgent.framework/Versions/A/TrustEvaluationAgent
0x0000000026a60000 	/System/Library/Extensions/AppleIntelSKLGraphicsMTLDriver.bundle/Contents/MacOS/AppleIntelSKLGraphicsMTLDriver
0x000000012c238000 	/System/Library/Extensions/AMDMTLBronzeDriver.bundle/Contents/MacOS/AMDMTLBronzeDriver
0x0000000026a60000 	/System/Library/PrivateFrameworks/IOAccelMemoryInfo.framework/Versions/A/IOAccelMemoryInfo
0x0000000026a60000 	/System/Library/PrivateFrameworks/GPUCompiler.framework/Versions/3802/Libraries/libmetal_timestamp.dylib
0x0000000026a60000 	/System/Library/PrivateFrameworks/FamilyControls.framework/Versions/A/FamilyControls
0x0000000026a60000 	/System/Library/PrivateFrameworks/CommerceKit.framework/Versions/A/Frameworks/CommerceCore.framework/Versions/A/CommerceCore
0x0000000026a60000 	/System/Library/PrivateFrameworks/SystemAdministration.framework/Versions/A/SystemAdministration
0x0000000026a60000 	/System/Library/PrivateFrameworks/AppContainer.framework/Versions/A/AppContainer
0x0000000026a60000 	/System/Library/PrivateFrameworks/SecCodeWrapper.framework/Versions/A/SecCodeWrapper
0x0000000026a60000 	/System/Library/PrivateFrameworks/DiskManagement.framework/Versions/A/DiskManagement
0x0000000026a60000 	/System/Library/Frameworks/DirectoryService.framework/Versions/A/DirectoryService
0x0000000026a60000 	/System/Library/PrivateFrameworks/DiskImages.framework/Versions/A/DiskImages
0x0000000026a60000 	/System/Library/PrivateFrameworks/LoginUIKit.framework/Versions/A/Frameworks/LoginUICore.framework/Versions/A/LoginUICore
0x0000000026a60000 	/usr/lib/libCoreStorage.dylib
0x0000000026a60000 	/usr/lib/libcsfde.dylib
0x0000000026a60000 	/usr/lib/libodfde.dylib
0x0000000026a60000 	/System/Library/PrivateFrameworks/MediaKit.framework/Versions/A/MediaKit
0x0000000026a60000 	/System/Library/Frameworks/DiscRecording.framework/Versions/A/DiscRecording
0x0000000026a60000 	/System/Library/PrivateFrameworks/EFILogin.framework/Versions/A/EFILogin
0x0000000026a60000 	/System/Library/PrivateFrameworks/ProtectedCloudStorage.framework/Versions/A/ProtectedCloudStorage
0x0000000026a60000 	/usr/lib/libcurl.4.dylib
0x0000000026a60000 	/usr/lib/libssl.35.dylib
0x0000000026a60000 	/System/Library/Frameworks/LDAP.framework/Versions/A/LDAP
0x0000000026a60000 	/usr/lib/libsasl2.2.dylib
0x0000000026a60000 	/System/Library/PrivateFrameworks/CoreDaemon.framework/Versions/B/CoreDaemon
0x0000000026a60000 	/System/Library/PrivateFrameworks/AppleSRP.framework/Versions/A/AppleSRP
0x000000012d4c0000 	/Library/Java/JavaVirtualMachines/jdk1.8.0_152.jdk/Contents/Home/jre/lib/libfontmanager.dylib
0x000000012d5b6000 	/Library/Java/JavaVirtualMachines/jdk1.8.0_152.jdk/Contents/Home/jre/lib/libosxui.dylib
0x000000012e37d000 	/Users/pierlim/IdeaProjects/Clips_Project/src/CLIPSJNI/libCLIPSJNI.jnilib
0x0000000026a60000 	/System/Library/PrivateFrameworks/ViewBridge.framework/Versions/A/ViewBridge

VM Arguments:
jvm_args: -agentlib:jdwp=transport=dt_socket,address=127.0.0.1:64135,suspend=y,server=n -Djava.library.path=/Users/pierlim/IdeaProjects/Clips_Project/src/CLIPSJNI -javaagent:/Users/pierlim/Library/Caches/IntelliJIdea2017.3/captureAgent/debugger-agent.jar=/private/var/folders/sz/k8vlylnn1fq0qtrv4jlk1zhc0000gn/T/capture.props -Dfile.encoding=UTF-8 
java_command: CharityRecommender
java_class_path (initial): /Library/Java/JavaVirtualMachines/jdk1.8.0_152.jdk/Contents/Home/jre/lib/charsets.jar:/Library/Java/JavaVirtualMachines/jdk1.8.0_152.jdk/Contents/Home/jre/lib/deploy.jar:/Library/Java/JavaVirtualMachines/jdk1.8.0_152.jdk/Contents/Home/jre/lib/ext/cldrdata.jar:/Library/Java/JavaVirtualMachines/jdk1.8.0_152.jdk/Contents/Home/jre/lib/ext/dnsns.jar:/Library/Java/JavaVirtualMachines/jdk1.8.0_152.jdk/Contents/Home/jre/lib/ext/jaccess.jar:/Library/Java/JavaVirtualMachines/jdk1.8.0_152.jdk/Contents/Home/jre/lib/ext/jfxrt.jar:/Library/Java/JavaVirtualMachines/jdk1.8.0_152.jdk/Contents/Home/jre/lib/ext/localedata.jar:/Library/Java/JavaVirtualMachines/jdk1.8.0_152.jdk/Contents/Home/jre/lib/ext/nashorn.jar:/Library/Java/JavaVirtualMachines/jdk1.8.0_152.jdk/Contents/Home/jre/lib/ext/sunec.jar:/Library/Java/JavaVirtualMachines/jdk1.8.0_152.jdk/Contents/Home/jre/lib/ext/sunjce_provider.jar:/Library/Java/JavaVirtualMachines/jdk1.8.0_152.jdk/Contents/Home/jre/lib/ext/sunpkcs11.jar:/Library/Java/JavaVirtualMachines/jdk1.8.0_152.jdk/Contents/Home/jre/lib/ext/zipfs.jar:/Library/Java/JavaVirtualMachines/jdk1.8.0_152.jdk/Contents/Home/jre/lib/javaws.jar:/Library/Java/JavaVirtualMachines/jdk1.8.0_152.jdk/Contents/Home/jre/lib/jce.jar:/Library/Java/JavaVirtualMachines/jdk1.8.0_152.jdk/Contents/Home/jre/lib/jfr.jar:/Library/Java/JavaVirtualMachines/jdk1.8.0_152.jdk/Contents/Home/jre/lib/jfxswt.jar:/Library/Java/JavaVirtualMachines/jdk1.8.0_152.jdk/Contents/Home/jre/lib/jsse.jar:/Library/Java/JavaVirtualMachines/jdk1.8.0_152.jdk/Contents/Home/jre/lib/management-agent.jar:/Library/Java/JavaVirtualMachines/jdk1.8.0_152.jdk/Contents/Home/jre/lib/plugin.jar:/Library/Java/JavaVirtualMachines/jdk1.8.0_152.jdk/Contents/Home/jre/lib/resources.jar:/Library/Java/JavaVirtualMachines/jdk1.8.0_152.jdk/Contents/Home/jre/lib/rt.jar:/Library/Java/JavaVirtualMachines/jdk1.8.0_152.jdk/Contents/Home/lib/ant-javafx.jar:/Library/Java/JavaVirtualMachines/jdk1.8.0_152.jdk/Contents/Home
Launcher Type: SUN_STANDARD

Environment Variables:
PATH=/usr/local/bin:/usr/local/bin:/opt/local/bin:/opt/local/sbin:/Users/pierlim/anaconda/bin:/Users/pierlim/miniconda2/bin:/usr/local/bin:/usr/bin:/bin:/usr/sbin:/sbin:/opt/X11/bin
SHELL=/bin/bash
DISPLAY=/private/tmp/com.apple.launchd.OhAckoYu1n/org.macosforge.xquartz:0

Signal Handlers:
SIGSEGV: [libjvm.dylib+0x5b494d], sa_mask[0]=11111111011111110111111111111111, sa_flags=SA_ONSTACK|SA_RESTART|SA_SIGINFO
SIGBUS: [libjvm.dylib+0x5b494d], sa_mask[0]=11111111011111110111111111111111, sa_flags=SA_RESTART|SA_SIGINFO
SIGFPE: [libjvm.dylib+0x48ab54], sa_mask[0]=11111111011111110111111111111111, sa_flags=SA_RESTART|SA_SIGINFO
SIGPIPE: [libjvm.dylib+0x48ab54], sa_mask[0]=11111111011111110111111111111111, sa_flags=SA_RESTART|SA_SIGINFO
SIGXFSZ: [libjvm.dylib+0x48ab54], sa_mask[0]=11111111011111110111111111111111, sa_flags=SA_RESTART|SA_SIGINFO
SIGILL: [libjvm.dylib+0x48ab54], sa_mask[0]=11111111011111110111111111111111, sa_flags=SA_RESTART|SA_SIGINFO
SIGUSR1: SIG_DFL, sa_mask[0]=00000000000000000000000000000000, sa_flags=none
SIGUSR2: [libjvm.dylib+0x48a672], sa_mask[0]=00100000000000000000000000000000, sa_flags=SA_RESTART|SA_SIGINFO
SIGHUP: [libjvm.dylib+0x488c49], sa_mask[0]=11111111011111110111111111111111, sa_flags=SA_RESTART|SA_SIGINFO
SIGINT: [libjvm.dylib+0x488c49], sa_mask[0]=11111111011111110111111111111111, sa_flags=SA_RESTART|SA_SIGINFO
SIGTERM: [libjvm.dylib+0x488c49], sa_mask[0]=11111111011111110111111111111111, sa_flags=SA_RESTART|SA_SIGINFO
SIGQUIT: [libjvm.dylib+0x488c49], sa_mask[0]=11111111011111110111111111111111, sa_flags=SA_RESTART|SA_SIGINFO


---------------  S Y S T E M  ---------------

OS:Bsduname:Darwin 17.4.0 Darwin Kernel Version 17.4.0: Sun Dec 17 09:19:54 PST 2017; root:xnu-4570.41.2~1/RELEASE_X86_64 x86_64
rlimit: STACK 8192k, CORE 0k, NPROC 1418, NOFILE 10240, AS infinity
load average:2.67 2.05 1.95

CPU:total 8 (initial active 8) (4 cores per cpu, 2 threads per core) family 6 model 94 stepping 3, cmov, cx8, fxsr, mmx, sse, sse2, sse3, ssse3, sse4.1, sse4.2, popcnt, avx, avx2, aes, clmul, erms, rtm, 3dnowpref, lzcnt, ht, tsc, tscinvbit, bmi1, bmi2, adx

Memory: 4k page, physical 16777216k(234304k free)

/proc/meminfo:


vm_info: Java HotSpot(TM) 64-Bit Server VM (25.152-b16) for bsd-amd64 JRE (1.8.0_152-b16), built on Sep 14 2017 02:31:13 by "java_re" with gcc 4.2.1 (Based on Apple Inc. build 5658) (LLVM build 2336.11.00)

time: Wed Feb 14 15:39:31 2018
elapsed time: 7 seconds (0d 0h 0m 7s)

