#
# A fatal error has been detected by the Java Runtime Environment:
#
#  SIGSEGV (0xb) at pc=0x000000012ef84589, pid=92112, tid=0x0000000000013907
#
# JRE version: Java(TM) SE Runtime Environment (8.0_152-b16) (build 1.8.0_152-b16)
# Java VM: Java HotSpot(TM) 64-Bit Server VM (25.152-b16 mixed mode bsd-amd64 compressed oops)
# Problematic frame:
# C  [libCLIPSJNI.jnilib+0xb8589]  Java_net_sf_clipsrules_jni_Environment_getFactList+0x129
#
# Failed to write core dump. Core dumps have been disabled. To enable core dumping, try "ulimit -c unlimited" before starting Java again
#
# If you would like to submit a bug report, please visit:
#   http://bugreport.java.com/bugreport/crash.jsp
# The crash happened outside the Java Virtual Machine in native code.
# See problematic frame for where to report the bug.
#

---------------  T H R E A D  ---------------

Current thread (0x00007fcbf7070800):  JavaThread "AWT-EventQueue-0" [_thread_in_native, id=80135, stack(0x0000700007f8d000,0x000070000808d000)]

siginfo: si_signo: 11 (SIGSEGV), si_code: 1 (SEGV_MAPERR), si_addr: 0x00000000000400ab

Registers:
RAX=0x000000000004008b, RBX=0x00007fcbf5e80eb0, RCX=0x0000000000000002, RDX=0x0000000000000004
RSP=0x000070000808a1a0, RBP=0x000070000808a290, RSI=0x0000000000000007, RDI=0x000070000808a178
R8 =0x0000000000000500, R9 =0x0000700008089ec8, R10=0x00000000ed8cf3a3, R11=0x000000011845a420
R12=0x00007fcbf5e80eb0, R13=0x00007fcbf5e1a560, R14=0x00007fcbf5f0ec20, R15=0x00007fcbf70709f8
RIP=0x000000012ef84589, EFLAGS=0x0000000000010287, ERR=0x0000000000000004
  TRAPNO=0x000000000000000e

Top of Stack: (sp=0x000070000808a1a0)
0x000070000808a1a0:   00007fcbf5f0ec88 000000010bc8d1b5
0x000070000808a1b0:   00007fcbf5e981f0 0000000000000000
0x000070000808a1c0:   0000000000000000 000000010bc87510
0x000070000808a1d0:   000070000808a2a8 00007fcbf79c8cd0
0x000070000808a1e0:   0000000000000000 0000000000000001
0x000070000808a1f0:   00000001182cb2bd 00007fcbf5e981f0
0x000070000808a200:   00007fcbf5e1a560 00007fcbf5e80eb0
0x000070000808a210:   00007fcbf5e80eb0 00007fcbf5f0ec50
0x000070000808a220:   000000000c0f75f0 00007fcbfe5aa210
0x000070000808a230:   0000000000000002 00007fcbf5f0ebe0
0x000070000808a240:   0000700037312d66 000070000808a248
0x000070000808a250:   0000000000000000 000070000808a2a8
0x000070000808a260:   ce14181b105a00ef 00000001165a5bc8
0x000070000808a270:   0000000000000000 00000001165a5bc0
0x000070000808a280:   000070000808a330 00007fcbf7070800
0x000070000808a290:   000070000808a300 00000001182da9f4
0x000070000808a2a0:   00000001182d4538 000000076c677918
0x000070000808a2b0:   000000076c677908 0000000000000000
0x000070000808a2c0:   000070000808a2c0 0000000000000000
0x000070000808a2d0:   000070000808a330 000000012ed6ccd0
0x000070000808a2e0:   0000000000000000 00000001165a5bc8
0x000070000808a2f0:   0000000000000000 000070000808a320
0x000070000808a300:   000070000808a378 00000001182cb040
0x000070000808a310:   0000000000000000 00000001182d453b
0x000070000808a320:   00007fcbf5e80eb0 0000000000000001
0x000070000808a330:   000000076bc908b8 000070000808a338
0x000070000808a340:   00000001165a5c65 000070000808a388
0x000070000808a350:   000000012ed6ccd0 0000000000000000
0x000070000808a360:   00000001165a5c70 000070000808a320
0x000070000808a370:   000070000808a388 000070000808a3d8
0x000070000808a380:   00000001182cb040 000000076bc908b8
0x000070000808a390:   000000076b7d9f30 000070000808a398 

Instructions: (pc=0x000000012ef84589)
0x000000012ef84569:   08 00 4c 89 ad 70 ff ff ff 0f 84 90 01 00 00 31
0x000000012ef84579:   c9 66 0f 1f 44 00 00 48 89 4d a0 48 8b 44 c8 18
0x000000012ef84589:   4c 8b 70 20 4c 89 e7 4c 89 ee 4c 89 f2 48 8d 9d
0x000000012ef84599:   68 ff ff ff 48 89 d9 e8 0b c4 f7 ff 48 89 df 48 

Register to memory mapping:

RAX=0x000000000004008b is an unknown value
RBX=0x00007fcbf5e80eb0 is an unknown value
RCX=0x0000000000000002 is an unknown value
RDX=0x0000000000000004 is an unknown value
RSP=0x000070000808a1a0 is pointing into the stack for thread: 0x00007fcbf7070800
RBP=0x000070000808a290 is pointing into the stack for thread: 0x00007fcbf7070800
RSI=0x0000000000000007 is an unknown value
RDI=0x000070000808a178 is pointing into the stack for thread: 0x00007fcbf7070800
R8 =0x0000000000000500 is an unknown value
R9 =0x0000700008089ec8 is pointing into the stack for thread: 0x00007fcbf7070800
R10=0x00000000ed8cf3a3 is an unknown value
R11=0x000000011845a420 is at entry_point+32 in (nmethod*)0x000000011845a250
R12=0x00007fcbf5e80eb0 is an unknown value
R13=0x00007fcbf5e1a560 is an unknown value
R14=0x00007fcbf5f0ec20 is an unknown value
R15=0x00007fcbf70709f8 is an unknown value


Stack: [0x0000700007f8d000,0x000070000808d000],  sp=0x000070000808a1a0,  free space=1012k
Native frames: (J=compiled Java code, j=interpreted, Vv=VM code, C=native code)
C  [libCLIPSJNI.jnilib+0xb8589]  Java_net_sf_clipsrules_jni_Environment_getFactList+0x129
j  net.sf.clipsrules.jni.Environment.getFactList(J)Ljava/util/List;+0
j  net.sf.clipsrules.jni.Environment.getFactList()Ljava/util/List;+5
j  CharityRecommender.processRules()V+63
j  CharityRecommender.nextButtonAction()V+203
j  CharityRecommender.onActionPerformed(Ljava/awt/event/ActionEvent;)V+21
j  CharityRecommender.actionPerformed(Ljava/awt/event/ActionEvent;)V+2
j  javax.swing.AbstractButton.fireActionPerformed(Ljava/awt/event/ActionEvent;)V+83
j  javax.swing.AbstractButton$Handler.actionPerformed(Ljava/awt/event/ActionEvent;)V+5
j  javax.swing.DefaultButtonModel.fireActionPerformed(Ljava/awt/event/ActionEvent;)V+34
j  javax.swing.DefaultButtonModel.setPressed(Z)V+117
j  javax.swing.plaf.basic.BasicButtonListener.mouseReleased(Ljava/awt/event/MouseEvent;)V+35
j  java.awt.Component.processMouseEvent(Ljava/awt/event/MouseEvent;)V+64
j  javax.swing.JComponent.processMouseEvent(Ljava/awt/event/MouseEvent;)V+23
j  java.awt.Component.processEvent(Ljava/awt/AWTEvent;)V+81
j  java.awt.Container.processEvent(Ljava/awt/AWTEvent;)V+18
J 986 C1 java.awt.Component.dispatchEventImpl(Ljava/awt/AWTEvent;)V (883 bytes) @ 0x0000000118621dbc [0x000000011861c880+0x553c]
J 895 C1 java.awt.Container.dispatchEventImpl(Ljava/awt/AWTEvent;)V (129 bytes) @ 0x00000001185c9b6c [0x00000001185c9a20+0x14c]
J 894 C1 java.awt.Component.dispatchEvent(Ljava/awt/AWTEvent;)V (6 bytes) @ 0x00000001185c9684 [0x00000001185c9580+0x104]
j  java.awt.LightweightDispatcher.retargetMouseEvent(Ljava/awt/Component;ILjava/awt/event/MouseEvent;)V+327
j  java.awt.LightweightDispatcher.processMouseEvent(Ljava/awt/event/MouseEvent;)Z+155
J 998 C1 java.awt.LightweightDispatcher.dispatchEvent(Ljava/awt/AWTEvent;)Z (73 bytes) @ 0x0000000118632134 [0x0000000118631d00+0x434]
J 895 C1 java.awt.Container.dispatchEventImpl(Ljava/awt/AWTEvent;)V (129 bytes) @ 0x00000001185c9b0c [0x00000001185c9a20+0xec]
J 989 C1 java.awt.Window.dispatchEventImpl(Ljava/awt/AWTEvent;)V (23 bytes) @ 0x000000011862dd8c [0x000000011862d7a0+0x5ec]
J 922 C1 java.awt.EventQueue.dispatchEventImpl(Ljava/awt/AWTEvent;Ljava/lang/Object;)V (149 bytes) @ 0x00000001185da764 [0x00000001185d8f00+0x1864]
J 920 C1 java.awt.EventQueue$3.run()Ljava/lang/Void; (60 bytes) @ 0x00000001185d82d4 [0x00000001185d80c0+0x214]
J 919 C1 java.awt.EventQueue$3.run()Ljava/lang/Object; (5 bytes) @ 0x00000001185d7d4c [0x00000001185d7cc0+0x8c]
v  ~StubRoutines::call_stub
V  [libjvm.dylib+0x2ef7b2]
V  [libjvm.dylib+0x34ff7c]
J 793  java.security.AccessController.doPrivileged(Ljava/security/PrivilegedAction;Ljava/security/AccessControlContext;)Ljava/lang/Object; (0 bytes) @ 0x0000000118599d55 [0x0000000118599c80+0xd5]
J 849 C1 java.awt.EventQueue$4.run()Ljava/lang/Object; (5 bytes) @ 0x00000001185b232c [0x00000001185b1f00+0x42c]
v  ~StubRoutines::call_stub
V  [libjvm.dylib+0x2ef7b2]
V  [libjvm.dylib+0x34ff7c]
J 793  java.security.AccessController.doPrivileged(Ljava/security/PrivilegedAction;Ljava/security/AccessControlContext;)Ljava/lang/Object; (0 bytes) @ 0x0000000118599d55 [0x0000000118599c80+0xd5]
J 846 C1 java.awt.EventQueue.dispatchEvent(Ljava/awt/AWTEvent;)V (80 bytes) @ 0x00000001185afd74 [0x00000001185aeec0+0xeb4]
J 923 C1 java.awt.EventDispatchThread.pumpOneEventForFilters(I)V (295 bytes) @ 0x00000001185d56fc [0x00000001185d3b80+0x1b7c]
j  java.awt.EventDispatchThread.pumpEventsForFilter(ILjava/awt/Conditional;Ljava/awt/EventFilter;)V+35
j  java.awt.EventDispatchThread.pumpEventsForHierarchy(ILjava/awt/Conditional;Ljava/awt/Component;)V+11
j  java.awt.EventDispatchThread.pumpEvents(ILjava/awt/Conditional;)V+4
j  java.awt.EventDispatchThread.pumpEvents(Ljava/awt/Conditional;)V+3
j  java.awt.EventDispatchThread.run()V+9
v  ~StubRoutines::call_stub
V  [libjvm.dylib+0x2ef7b2]
V  [libjvm.dylib+0x2eff56]
V  [libjvm.dylib+0x2f0102]
V  [libjvm.dylib+0x34a8c5]
V  [libjvm.dylib+0x56e327]
V  [libjvm.dylib+0x56fa14]
V  [libjvm.dylib+0x48d542]
C  [libsystem_pthread.dylib+0x36c1]  _pthread_body+0x154
C  [libsystem_pthread.dylib+0x356d]  _pthread_body+0x0
C  [libsystem_pthread.dylib+0x2c5d]  thread_start+0xd
C  0x0000000000000000

Java frames: (J=compiled Java code, j=interpreted, Vv=VM code)
j  net.sf.clipsrules.jni.Environment.getFactList(J)Ljava/util/List;+0
j  net.sf.clipsrules.jni.Environment.getFactList()Ljava/util/List;+5
j  CharityRecommender.processRules()V+63
j  CharityRecommender.nextButtonAction()V+203
j  CharityRecommender.onActionPerformed(Ljava/awt/event/ActionEvent;)V+21
j  CharityRecommender.actionPerformed(Ljava/awt/event/ActionEvent;)V+2
j  javax.swing.AbstractButton.fireActionPerformed(Ljava/awt/event/ActionEvent;)V+83
j  javax.swing.AbstractButton$Handler.actionPerformed(Ljava/awt/event/ActionEvent;)V+5
j  javax.swing.DefaultButtonModel.fireActionPerformed(Ljava/awt/event/ActionEvent;)V+34
j  javax.swing.DefaultButtonModel.setPressed(Z)V+117
j  javax.swing.plaf.basic.BasicButtonListener.mouseReleased(Ljava/awt/event/MouseEvent;)V+35
j  java.awt.Component.processMouseEvent(Ljava/awt/event/MouseEvent;)V+64
j  javax.swing.JComponent.processMouseEvent(Ljava/awt/event/MouseEvent;)V+23
j  java.awt.Component.processEvent(Ljava/awt/AWTEvent;)V+81
j  java.awt.Container.processEvent(Ljava/awt/AWTEvent;)V+18
J 986 C1 java.awt.Component.dispatchEventImpl(Ljava/awt/AWTEvent;)V (883 bytes) @ 0x0000000118621dbc [0x000000011861c880+0x553c]
J 895 C1 java.awt.Container.dispatchEventImpl(Ljava/awt/AWTEvent;)V (129 bytes) @ 0x00000001185c9b6c [0x00000001185c9a20+0x14c]
J 894 C1 java.awt.Component.dispatchEvent(Ljava/awt/AWTEvent;)V (6 bytes) @ 0x00000001185c9684 [0x00000001185c9580+0x104]
j  java.awt.LightweightDispatcher.retargetMouseEvent(Ljava/awt/Component;ILjava/awt/event/MouseEvent;)V+327
j  java.awt.LightweightDispatcher.processMouseEvent(Ljava/awt/event/MouseEvent;)Z+155
J 998 C1 java.awt.LightweightDispatcher.dispatchEvent(Ljava/awt/AWTEvent;)Z (73 bytes) @ 0x0000000118632134 [0x0000000118631d00+0x434]
J 895 C1 java.awt.Container.dispatchEventImpl(Ljava/awt/AWTEvent;)V (129 bytes) @ 0x00000001185c9b0c [0x00000001185c9a20+0xec]
J 989 C1 java.awt.Window.dispatchEventImpl(Ljava/awt/AWTEvent;)V (23 bytes) @ 0x000000011862dd8c [0x000000011862d7a0+0x5ec]
J 922 C1 java.awt.EventQueue.dispatchEventImpl(Ljava/awt/AWTEvent;Ljava/lang/Object;)V (149 bytes) @ 0x00000001185da764 [0x00000001185d8f00+0x1864]
J 920 C1 java.awt.EventQueue$3.run()Ljava/lang/Void; (60 bytes) @ 0x00000001185d82d4 [0x00000001185d80c0+0x214]
J 919 C1 java.awt.EventQueue$3.run()Ljava/lang/Object; (5 bytes) @ 0x00000001185d7d4c [0x00000001185d7cc0+0x8c]
v  ~StubRoutines::call_stub
J 793  java.security.AccessController.doPrivileged(Ljava/security/PrivilegedAction;Ljava/security/AccessControlContext;)Ljava/lang/Object; (0 bytes) @ 0x0000000118599ce3 [0x0000000118599c80+0x63]
J 849 C1 java.awt.EventQueue$4.run()Ljava/lang/Object; (5 bytes) @ 0x00000001185b232c [0x00000001185b1f00+0x42c]
v  ~StubRoutines::call_stub
J 793  java.security.AccessController.doPrivileged(Ljava/security/PrivilegedAction;Ljava/security/AccessControlContext;)Ljava/lang/Object; (0 bytes) @ 0x0000000118599ce3 [0x0000000118599c80+0x63]
J 846 C1 java.awt.EventQueue.dispatchEvent(Ljava/awt/AWTEvent;)V (80 bytes) @ 0x00000001185afd74 [0x00000001185aeec0+0xeb4]
J 923 C1 java.awt.EventDispatchThread.pumpOneEventForFilters(I)V (295 bytes) @ 0x00000001185d56fc [0x00000001185d3b80+0x1b7c]
j  java.awt.EventDispatchThread.pumpEventsForFilter(ILjava/awt/Conditional;Ljava/awt/EventFilter;)V+35
j  java.awt.EventDispatchThread.pumpEventsForHierarchy(ILjava/awt/Conditional;Ljava/awt/Component;)V+11
j  java.awt.EventDispatchThread.pumpEvents(ILjava/awt/Conditional;)V+4
j  java.awt.EventDispatchThread.pumpEvents(Ljava/awt/Conditional;)V+3
j  java.awt.EventDispatchThread.run()V+9
v  ~StubRoutines::call_stub

---------------  P R O C E S S  ---------------

Java Threads: ( => current thread )
  0x00007fcbf89a3000 JavaThread "Java2D Disposer" daemon [_thread_blocked, id=73991, stack(0x0000700008193000,0x0000700008293000)]
  0x00007fcbf992b000 JavaThread "Java2D Queue Flusher" daemon [_thread_blocked, id=74759, stack(0x0000700008090000,0x0000700008190000)]
  0x00007fcbf7071000 JavaThread "DestroyJavaVM" [_thread_blocked, id=6403, stack(0x000070000673c000,0x000070000683c000)]
=>0x00007fcbf7070800 JavaThread "AWT-EventQueue-0" [_thread_in_native, id=80135, stack(0x0000700007f8d000,0x000070000808d000)]
  0x00007fcbf896b800 JavaThread "AWT-Shutdown" [_thread_blocked, id=26411, stack(0x0000700007b78000,0x0000700007c78000)]
  0x00007fcbf8953000 JavaThread "AppKit Thread" daemon [_thread_in_native, id=775, stack(0x00007ffee4dfb000,0x00007ffee55fb000)]
  0x00007fcbf8001000 JavaThread "Service Thread" daemon [_thread_blocked, id=21763, stack(0x0000700007972000,0x0000700007a72000)]
  0x00007fcbf8019800 JavaThread "C1 CompilerThread3" daemon [_thread_blocked, id=16899, stack(0x000070000786f000,0x000070000796f000)]
  0x00007fcbf9826800 JavaThread "C2 CompilerThread2" daemon [_thread_blocked, id=16387, stack(0x000070000776c000,0x000070000786c000)]
  0x00007fcbf88c2800 JavaThread "C2 CompilerThread1" daemon [_thread_blocked, id=16131, stack(0x0000700007669000,0x0000700007769000)]
  0x00007fcbf684b800 JavaThread "C2 CompilerThread0" daemon [_thread_blocked, id=15875, stack(0x0000700007566000,0x0000700007666000)]
  0x00007fcbf6843000 JavaThread "Monitor Ctrl-Break" daemon [_thread_in_native, id=15619, stack(0x0000700007463000,0x0000700007563000)]
  0x00007fcbf9009800 JavaThread "Signal Dispatcher" daemon [_thread_blocked, id=18179, stack(0x0000700007360000,0x0000700007460000)]
  0x00007fcbf9007000 JavaThread "Finalizer" daemon [_thread_blocked, id=13059, stack(0x000070000725d000,0x000070000735d000)]
  0x00007fcbf9802000 JavaThread "Reference Handler" daemon [_thread_blocked, id=12803, stack(0x000070000715a000,0x000070000725a000)]

Other Threads:
  0x00007fcbf8824800 VMThread [stack: 0x0000700007057000,0x0000700007157000] [id=12547]
  0x00007fcbf9009000 WatcherThread [stack: 0x0000700007a75000,0x0000700007b75000] [id=22275]

VM state:not at safepoint (normal execution)

VM Mutex/Monitor currently owned by a thread: None

Heap:
 PSYoungGen      total 76288K, used 31487K [0x000000076ab00000, 0x0000000770000000, 0x00000007c0000000)
  eden space 65536K, 48% used [0x000000076ab00000,0x000000076c9bfca0,0x000000076eb00000)
  from space 10752K, 0% used [0x000000076f580000,0x000000076f580000,0x0000000770000000)
  to   space 10752K, 0% used [0x000000076eb00000,0x000000076eb00000,0x000000076f580000)
 ParOldGen       total 175104K, used 0K [0x00000006c0000000, 0x00000006cab00000, 0x000000076ab00000)
  object space 175104K, 0% used [0x00000006c0000000,0x00000006c0000000,0x00000006cab00000)
 Metaspace       used 13896K, capacity 14204K, committed 14464K, reserved 1062912K
  class space    used 1725K, capacity 1843K, committed 1920K, reserved 1048576K

Card table byte_map: [0x000000010cb6c000,0x000000010d36d000] byte_map_base: 0x000000010956c000

Marking Bits: (ParMarkBitMap*) 0x000000010c0f66c0
 Begin Bits: [0x000000010d8c3000, 0x00000001118c3000)
 End Bits:   [0x00000001118c3000, 0x00000001158c3000)

Polling page: 0x000000010a68a000

CodeCache: size=245760Kb used=3690Kb max_used=3696Kb free=242069Kb
 bounds [0x00000001182c3000, 0x0000000118663000, 0x00000001272c3000]
 total_blobs=1634 nmethods=1073 adapters=475
 compilation: enabled

Compilation events (10 events):
Event: 5.463 Thread 0x00007fcbf8019800 1069       3       java.awt.Component::areInputMethodsEnabled (39 bytes)
Event: 5.463 Thread 0x00007fcbf8019800 nmethod 1069 0x000000011865d1d0 code [0x000000011865d340, 0x000000011865d5b0]
Event: 6.319 Thread 0x00007fcbf88c2800 1071       4       sun.java2d.pipe.RenderBuffer::putInt (26 bytes)
Event: 6.319 Thread 0x00007fcbf8019800 1070       3       java.util.concurrent.locks.ReentrantReadWriteLock::readLock (5 bytes)
Event: 6.319 Thread 0x00007fcbf8019800 nmethod 1070 0x000000011865d610 code [0x000000011865d780, 0x000000011865d8f0]
Event: 6.320 Thread 0x00007fcbf88c2800 nmethod 1071 0x0000000118660610 code [0x0000000118660760, 0x00000001186607f8]
Event: 6.423 Thread 0x00007fcbf8019800 1072       3       java.lang.AbstractStringBuilder::append (62 bytes)
Event: 6.424 Thread 0x00007fcbf8019800 nmethod 1072 0x000000011865f5d0 code [0x000000011865f7e0, 0x0000000118660118]
Event: 6.424 Thread 0x00007fcbf8019800 1073       3       java.lang.StringBuilder::append (8 bytes)
Event: 6.424 Thread 0x00007fcbf8019800 nmethod 1073 0x000000011865f250 code [0x000000011865f3c0, 0x000000011865f548]

GC Heap History (0 events):
No events

Deoptimization events (5 events):
Event: 0.466 Thread 0x00007fcbf8001800 Uncommon trap: reason=unstable_if action=reinterpret pc=0x0000000118447428 method=org.sqlite.SQLiteJDBCLoader.contentsEquals(Ljava/io/InputStream;Ljava/io/InputStream;)Z @ 39
Event: 2.836 Thread 0x00007fcbf7070800 Uncommon trap: reason=class_check action=maybe_recompile pc=0x00000001183d8248 method=java.lang.String.equals(Ljava/lang/Object;)Z @ 8
Event: 2.836 Thread 0x00007fcbf7070800 Uncommon trap: reason=class_check action=maybe_recompile pc=0x00000001183d8248 method=java.lang.String.equals(Ljava/lang/Object;)Z @ 8
Event: 2.837 Thread 0x00007fcbf7070800 Uncommon trap: reason=class_check action=maybe_recompile pc=0x00000001183d8248 method=java.lang.String.equals(Ljava/lang/Object;)Z @ 8
Event: 2.838 Thread 0x00007fcbf7070800 Uncommon trap: reason=class_check action=maybe_recompile pc=0x00000001183d8248 method=java.lang.String.equals(Ljava/lang/Object;)Z @ 8

Classes redefined (0 events):
No events

Internal exceptions (10 events):
Event: 0.045 Thread 0x00007fcbf8001800 Exception <a 'java/lang/NoSuchMethodError': Method sun.misc.Unsafe.defineClass(Ljava/lang/String;[BII)Ljava/lang/Class; name or signature does not match> (0x000000076ab07ca8) thrown at [/Users/java_re/workspace/8-2-build-macosx-x86_64/jdk8u152/9742/hotspo
Event: 0.045 Thread 0x00007fcbf8001800 Exception <a 'java/lang/NoSuchMethodError': Method sun.misc.Unsafe.prefetchRead(Ljava/lang/Object;J)V name or signature does not match> (0x000000076ab07f90) thrown at [/Users/java_re/workspace/8-2-build-macosx-x86_64/jdk8u152/9742/hotspot/src/share/vm/pri
Event: 0.226 Thread 0x00007fcbf8001800 Exception <a 'java/security/PrivilegedActionException'> (0x000000076acf2650) thrown at [/Users/java_re/workspace/8-2-build-macosx-x86_64/jdk8u152/9742/hotspot/src/share/vm/prims/jvm.cpp, line 1390]
Event: 0.226 Thread 0x00007fcbf8001800 Exception <a 'java/security/PrivilegedActionException'> (0x000000076acf2860) thrown at [/Users/java_re/workspace/8-2-build-macosx-x86_64/jdk8u152/9742/hotspot/src/share/vm/prims/jvm.cpp, line 1390]
Event: 0.226 Thread 0x00007fcbf8001800 Exception <a 'java/security/PrivilegedActionException'> (0x000000076acf5b90) thrown at [/Users/java_re/workspace/8-2-build-macosx-x86_64/jdk8u152/9742/hotspot/src/share/vm/prims/jvm.cpp, line 1390]
Event: 0.226 Thread 0x00007fcbf8001800 Exception <a 'java/security/PrivilegedActionException'> (0x000000076acf5da0) thrown at [/Users/java_re/workspace/8-2-build-macosx-x86_64/jdk8u152/9742/hotspot/src/share/vm/prims/jvm.cpp, line 1390]
Event: 0.542 Thread 0x00007fcbf8001800 Exception <a 'java/lang/NoSuchFieldError': method resolution failed> (0x000000076b4a2b68) thrown at [/Users/java_re/workspace/8-2-build-macosx-x86_64/jdk8u152/9742/hotspot/src/share/vm/prims/methodHandles.cpp, line 1167]
Event: 0.544 Thread 0x00007fcbf8001800 Exception <a 'java/lang/NoSuchFieldError': method resolution failed> (0x000000076b4b0d80) thrown at [/Users/java_re/workspace/8-2-build-macosx-x86_64/jdk8u152/9742/hotspot/src/share/vm/prims/methodHandles.cpp, line 1167]
Event: 0.786 Thread 0x00007fcbf8001800 Exception <a 'java/io/FileNotFoundException'> (0x000000076b554380) thrown at [/Users/java_re/workspace/8-2-build-macosx-x86_64/jdk8u152/9742/hotspot/src/share/vm/prims/jni.cpp, line 709]
Event: 0.786 Thread 0x00007fcbf8001800 Exception <a 'java/io/FileNotFoundException'> (0x000000076b554ef0) thrown at [/Users/java_re/workspace/8-2-build-macosx-x86_64/jdk8u152/9742/hotspot/src/share/vm/prims/jni.cpp, line 709]

Events (10 events):
Event: 4.450 loading class javax/swing/JToggleButton$AccessibleJToggleButton
Event: 4.450 loading class javax/swing/JToggleButton$AccessibleJToggleButton done
Event: 4.450 loading class javax/swing/JRadioButton$AccessibleJRadioButton done
Event: 5.456 Thread 0x00007fcbf68ea800 Thread added: 0x00007fcbf68ea800
Event: 5.456 Executing VM operation: RevokeBias
Event: 5.456 Executing VM operation: RevokeBias done
Event: 5.456 Thread 0x00007fcbf68ea800 Thread exited: 0x00007fcbf68ea800
Event: 5.458 Executing VM operation: RevokeBias
Event: 5.458 Executing VM operation: RevokeBias done
Event: 6.424 Thread 0x00007fcbf68ea800 Thread added: 0x00007fcbf68ea800


Dynamic libraries:
0x0000000026a60000 	/System/Library/Frameworks/Cocoa.framework/Versions/A/Cocoa
0x0000000026a60000 	/System/Library/Frameworks/Security.framework/Versions/A/Security
0x0000000026a60000 	/System/Library/Frameworks/ApplicationServices.framework/Versions/A/ApplicationServices
0x0000000026a60000 	/usr/lib/libz.1.dylib
0x0000000026a60000 	/usr/lib/libSystem.B.dylib
0x0000000026a60000 	/usr/lib/libobjc.A.dylib
0x0000000026a60000 	/System/Library/Frameworks/CoreFoundation.framework/Versions/A/CoreFoundation
0x0000000026a60000 	/System/Library/Frameworks/Foundation.framework/Versions/C/Foundation
0x0000000026a60000 	/System/Library/Frameworks/AppKit.framework/Versions/C/AppKit
0x0000000026a60000 	/System/Library/Frameworks/CoreData.framework/Versions/A/CoreData
0x0000000026a60000 	/System/Library/PrivateFrameworks/RemoteViewServices.framework/Versions/A/RemoteViewServices
0x0000000026a60000 	/System/Library/PrivateFrameworks/UIFoundation.framework/Versions/A/UIFoundation
0x0000000026a60000 	/System/Library/PrivateFrameworks/DFRFoundation.framework/Versions/A/DFRFoundation
0x0000000026a60000 	/System/Library/Frameworks/Metal.framework/Versions/A/Metal
0x0000000026a60000 	/System/Library/PrivateFrameworks/DesktopServicesPriv.framework/Versions/A/DesktopServicesPriv
0x0000000026a60000 	/usr/lib/libenergytrace.dylib
0x0000000026a60000 	/System/Library/PrivateFrameworks/SkyLight.framework/Versions/A/SkyLight
0x0000000026a60000 	/System/Library/Frameworks/CoreGraphics.framework/Versions/A/CoreGraphics
0x0000000026a60000 	/usr/lib/libScreenReader.dylib
0x0000000026a60000 	/System/Library/Frameworks/Accelerate.framework/Versions/A/Accelerate
0x0000000026a60000 	/System/Library/Frameworks/IOSurface.framework/Versions/A/IOSurface
0x0000000026a60000 	/System/Library/Frameworks/AudioToolbox.framework/Versions/A/AudioToolbox
0x0000000026a60000 	/System/Library/Frameworks/AudioUnit.framework/Versions/A/AudioUnit
0x0000000026a60000 	/System/Library/PrivateFrameworks/DataDetectorsCore.framework/Versions/A/DataDetectorsCore
0x0000000026a60000 	/System/Library/Frameworks/Carbon.framework/Versions/A/Frameworks/HIToolbox.framework/Versions/A/HIToolbox
0x0000000026a60000 	/usr/lib/libicucore.A.dylib
0x0000000026a60000 	/System/Library/Frameworks/QuartzCore.framework/Versions/A/QuartzCore
0x0000000026a60000 	/System/Library/Frameworks/Carbon.framework/Versions/A/Frameworks/SpeechRecognition.framework/Versions/A/SpeechRecognition
0x0000000026a60000 	/usr/lib/libauto.dylib
0x0000000026a60000 	/usr/lib/libxml2.2.dylib
0x0000000026a60000 	/System/Library/PrivateFrameworks/CoreUI.framework/Versions/A/CoreUI
0x0000000026a60000 	/System/Library/Frameworks/CoreAudio.framework/Versions/A/CoreAudio
0x0000000026a60000 	/System/Library/Frameworks/DiskArbitration.framework/Versions/A/DiskArbitration
0x0000000026a60000 	/usr/lib/liblangid.dylib
0x0000000026a60000 	/System/Library/PrivateFrameworks/MultitouchSupport.framework/Versions/A/MultitouchSupport
0x0000000026a60000 	/System/Library/Frameworks/IOKit.framework/Versions/A/IOKit
0x0000000026a60000 	/usr/lib/libDiagnosticMessagesClient.dylib
0x0000000026a60000 	/System/Library/Frameworks/CoreServices.framework/Versions/A/CoreServices
0x0000000026a60000 	/System/Library/PrivateFrameworks/PerformanceAnalysis.framework/Versions/A/PerformanceAnalysis
0x0000000026a60000 	/System/Library/Frameworks/OpenGL.framework/Versions/A/OpenGL
0x0000000026a60000 	/System/Library/Frameworks/ColorSync.framework/Versions/A/ColorSync
0x0000000026a60000 	/System/Library/Frameworks/CoreImage.framework/Versions/A/CoreImage
0x0000000026a60000 	/System/Library/Frameworks/CoreText.framework/Versions/A/CoreText
0x0000000026a60000 	/System/Library/Frameworks/ImageIO.framework/Versions/A/ImageIO
0x0000000026a60000 	/System/Library/PrivateFrameworks/Backup.framework/Versions/A/Backup
0x0000000026a60000 	/usr/lib/libarchive.2.dylib
0x0000000026a60000 	/System/Library/Frameworks/CFNetwork.framework/Versions/A/CFNetwork
0x0000000026a60000 	/System/Library/Frameworks/SystemConfiguration.framework/Versions/A/SystemConfiguration
0x0000000026a60000 	/usr/lib/libCRFSuite.dylib
0x0000000026a60000 	/usr/lib/libc++.1.dylib
0x0000000026a60000 	/usr/lib/libc++abi.dylib
0x0000000026a60000 	/usr/lib/system/libcache.dylib
0x0000000026a60000 	/usr/lib/system/libcommonCrypto.dylib
0x0000000026a60000 	/usr/lib/system/libcompiler_rt.dylib
0x0000000026a60000 	/usr/lib/system/libcopyfile.dylib
0x0000000026a60000 	/usr/lib/system/libcorecrypto.dylib
0x0000000026a60000 	/usr/lib/system/libdispatch.dylib
0x0000000026a60000 	/usr/lib/system/libdyld.dylib
0x0000000026a60000 	/usr/lib/system/libkeymgr.dylib
0x0000000026a60000 	/usr/lib/system/liblaunch.dylib
0x0000000026a60000 	/usr/lib/system/libmacho.dylib
0x0000000026a60000 	/usr/lib/system/libquarantine.dylib
0x0000000026a60000 	/usr/lib/system/libremovefile.dylib
0x0000000026a60000 	/usr/lib/system/libsystem_asl.dylib
0x0000000026a60000 	/usr/lib/system/libsystem_blocks.dylib
0x0000000026a60000 	/usr/lib/system/libsystem_c.dylib
0x0000000026a60000 	/usr/lib/system/libsystem_configuration.dylib
0x0000000026a60000 	/usr/lib/system/libsystem_coreservices.dylib
0x0000000026a60000 	/usr/lib/system/libsystem_darwin.dylib
0x0000000026a60000 	/usr/lib/system/libsystem_dnssd.dylib
0x0000000026a60000 	/usr/lib/system/libsystem_info.dylib
0x0000000026a60000 	/usr/lib/system/libsystem_m.dylib
0x0000000026a60000 	/usr/lib/system/libsystem_malloc.dylib
0x0000000026a60000 	/usr/lib/system/libsystem_network.dylib
0x0000000026a60000 	/usr/lib/system/libsystem_networkextension.dylib
0x0000000026a60000 	/usr/lib/system/libsystem_notify.dylib
0x0000000026a60000 	/usr/lib/system/libsystem_sandbox.dylib
0x0000000026a60000 	/usr/lib/system/libsystem_secinit.dylib
0x0000000026a60000 	/usr/lib/system/libsystem_kernel.dylib
0x0000000026a60000 	/usr/lib/system/libsystem_platform.dylib
0x0000000026a60000 	/usr/lib/system/libsystem_pthread.dylib
0x0000000026a60000 	/usr/lib/system/libsystem_symptoms.dylib
0x0000000026a60000 	/usr/lib/system/libsystem_trace.dylib
0x0000000026a60000 	/usr/lib/system/libunwind.dylib
0x0000000026a60000 	/usr/lib/system/libxpc.dylib
0x0000000026a60000 	/usr/lib/closure/libclosured.dylib
0x0000000026a60000 	/usr/lib/libbsm.0.dylib
0x0000000026a60000 	/usr/lib/system/libkxld.dylib
0x0000000026a60000 	/usr/lib/libOpenScriptingUtil.dylib
0x0000000026a60000 	/usr/lib/libcoretls.dylib
0x0000000026a60000 	/usr/lib/libcoretls_cfhelpers.dylib
0x0000000026a60000 	/usr/lib/libpam.2.dylib
0x0000000026a60000 	/usr/lib/libsqlite3.dylib
0x0000000026a60000 	/usr/lib/libxar.1.dylib
0x0000000026a60000 	/usr/lib/libbz2.1.0.dylib
0x0000000026a60000 	/usr/lib/liblzma.5.dylib
0x0000000026a60000 	/usr/lib/libnetwork.dylib
0x0000000026a60000 	/usr/lib/libapple_nghttp2.dylib
0x0000000026a60000 	/usr/lib/libpcap.A.dylib
0x0000000026a60000 	/usr/lib/libboringssl.dylib
0x0000000026a60000 	/usr/lib/libusrtcp.dylib
0x0000000026a60000 	/usr/lib/libapple_crypto.dylib
0x0000000026a60000 	/System/Library/Frameworks/CoreServices.framework/Versions/A/Frameworks/FSEvents.framework/Versions/A/FSEvents
0x0000000026a60000 	/System/Library/Frameworks/CoreServices.framework/Versions/A/Frameworks/CarbonCore.framework/Versions/A/CarbonCore
0x0000000026a60000 	/System/Library/Frameworks/CoreServices.framework/Versions/A/Frameworks/Metadata.framework/Versions/A/Metadata
0x0000000026a60000 	/System/Library/Frameworks/CoreServices.framework/Versions/A/Frameworks/OSServices.framework/Versions/A/OSServices
0x0000000026a60000 	/System/Library/Frameworks/CoreServices.framework/Versions/A/Frameworks/SearchKit.framework/Versions/A/SearchKit
0x0000000026a60000 	/System/Library/Frameworks/CoreServices.framework/Versions/A/Frameworks/AE.framework/Versions/A/AE
0x0000000026a60000 	/System/Library/Frameworks/CoreServices.framework/Versions/A/Frameworks/LaunchServices.framework/Versions/A/LaunchServices
0x0000000026a60000 	/System/Library/Frameworks/CoreServices.framework/Versions/A/Frameworks/DictionaryServices.framework/Versions/A/DictionaryServices
0x0000000026a60000 	/System/Library/Frameworks/CoreServices.framework/Versions/A/Frameworks/SharedFileList.framework/Versions/A/SharedFileList
0x0000000026a60000 	/System/Library/Frameworks/NetFS.framework/Versions/A/NetFS
0x0000000026a60000 	/System/Library/PrivateFrameworks/NetAuth.framework/Versions/A/NetAuth
0x0000000026a60000 	/System/Library/PrivateFrameworks/login.framework/Versions/A/Frameworks/loginsupport.framework/Versions/A/loginsupport
0x0000000026a60000 	/System/Library/PrivateFrameworks/TCC.framework/Versions/A/TCC
0x0000000026a60000 	/usr/lib/libmecabra.dylib
0x0000000026a60000 	/System/Library/Frameworks/ApplicationServices.framework/Versions/A/Frameworks/ATS.framework/Versions/A/ATS
0x0000000026a60000 	/System/Library/Frameworks/ApplicationServices.framework/Versions/A/Frameworks/ColorSyncLegacy.framework/Versions/A/ColorSyncLegacy
0x0000000026a60000 	/System/Library/Frameworks/ApplicationServices.framework/Versions/A/Frameworks/HIServices.framework/Versions/A/HIServices
0x0000000026a60000 	/System/Library/Frameworks/ApplicationServices.framework/Versions/A/Frameworks/LangAnalysis.framework/Versions/A/LangAnalysis
0x0000000026a60000 	/System/Library/Frameworks/ApplicationServices.framework/Versions/A/Frameworks/PrintCore.framework/Versions/A/PrintCore
0x0000000026a60000 	/System/Library/Frameworks/ApplicationServices.framework/Versions/A/Frameworks/QD.framework/Versions/A/QD
0x0000000026a60000 	/System/Library/Frameworks/ApplicationServices.framework/Versions/A/Frameworks/SpeechSynthesis.framework/Versions/A/SpeechSynthesis
0x0000000026a60000 	/System/Library/Frameworks/CoreDisplay.framework/Versions/A/CoreDisplay
0x0000000026a60000 	/System/Library/Frameworks/Accelerate.framework/Versions/A/Frameworks/vImage.framework/Versions/A/vImage
0x0000000026a60000 	/System/Library/Frameworks/Accelerate.framework/Versions/A/Frameworks/vecLib.framework/Versions/A/vecLib
0x0000000026a60000 	/System/Library/Frameworks/Accelerate.framework/Versions/A/Frameworks/vecLib.framework/Versions/A/libvDSP.dylib
0x0000000026a60000 	/System/Library/Frameworks/Accelerate.framework/Versions/A/Frameworks/vecLib.framework/Versions/A/libBNNS.dylib
0x0000000026a60000 	/System/Library/Frameworks/Accelerate.framework/Versions/A/Frameworks/vecLib.framework/Versions/A/libQuadrature.dylib
0x0000000026a60000 	/System/Library/Frameworks/Accelerate.framework/Versions/A/Frameworks/vecLib.framework/Versions/A/libvMisc.dylib
0x0000000026a60000 	/System/Library/Frameworks/Accelerate.framework/Versions/A/Frameworks/vecLib.framework/Versions/A/libLAPACK.dylib
0x0000000026a60000 	/System/Library/Frameworks/Accelerate.framework/Versions/A/Frameworks/vecLib.framework/Versions/A/libBLAS.dylib
0x0000000026a60000 	/System/Library/Frameworks/Accelerate.framework/Versions/A/Frameworks/vecLib.framework/Versions/A/libLinearAlgebra.dylib
0x0000000026a60000 	/System/Library/Frameworks/Accelerate.framework/Versions/A/Frameworks/vecLib.framework/Versions/A/libSparse.dylib
0x0000000026a60000 	/System/Library/Frameworks/Accelerate.framework/Versions/A/Frameworks/vecLib.framework/Versions/A/libSparseBLAS.dylib
0x0000000026a60000 	/System/Library/PrivateFrameworks/IOAccelerator.framework/Versions/A/IOAccelerator
0x0000000026a60000 	/System/Library/PrivateFrameworks/IOPresentment.framework/Versions/A/IOPresentment
0x0000000026a60000 	/System/Library/PrivateFrameworks/DSExternalDisplay.framework/Versions/A/DSExternalDisplay
0x0000000026a60000 	/System/Library/Frameworks/OpenGL.framework/Versions/A/Libraries/libCoreFSCache.dylib
0x0000000026a60000 	/System/Library/Frameworks/CoreVideo.framework/Versions/A/CoreVideo
0x0000000026a60000 	/System/Library/PrivateFrameworks/GraphVisualizer.framework/Versions/A/GraphVisualizer
0x0000000026a60000 	/System/Library/Frameworks/MetalPerformanceShaders.framework/Versions/A/MetalPerformanceShaders
0x0000000026a60000 	/usr/lib/libFosl_dynamic.dylib
0x0000000026a60000 	/System/Library/PrivateFrameworks/FaceCore.framework/Versions/A/FaceCore
0x0000000026a60000 	/System/Library/Frameworks/OpenCL.framework/Versions/A/OpenCL
0x0000000026a60000 	/usr/lib/libcompression.dylib
0x0000000026a60000 	/System/Library/Frameworks/ApplicationServices.framework/Versions/A/Frameworks/ATS.framework/Versions/A/Resources/libFontParser.dylib
0x0000000026a60000 	/System/Library/Frameworks/ApplicationServices.framework/Versions/A/Frameworks/ATS.framework/Versions/A/Resources/libFontRegistry.dylib
0x0000000026a60000 	/System/Library/Frameworks/ImageIO.framework/Versions/A/Resources/libJPEG.dylib
0x0000000026a60000 	/System/Library/Frameworks/ImageIO.framework/Versions/A/Resources/libTIFF.dylib
0x0000000026a60000 	/System/Library/Frameworks/ImageIO.framework/Versions/A/Resources/libPng.dylib
0x0000000026a60000 	/System/Library/Frameworks/ImageIO.framework/Versions/A/Resources/libGIF.dylib
0x0000000026a60000 	/System/Library/Frameworks/ImageIO.framework/Versions/A/Resources/libJP2.dylib
0x0000000026a60000 	/System/Library/Frameworks/ImageIO.framework/Versions/A/Resources/libRadiance.dylib
0x0000000026a60000 	/System/Library/PrivateFrameworks/AppleJPEG.framework/Versions/A/AppleJPEG
0x0000000026a60000 	/System/Library/PrivateFrameworks/MetalTools.framework/Versions/A/MetalTools
0x0000000026a60000 	/System/Library/Frameworks/MetalPerformanceShaders.framework/Frameworks/MPSCore.framework/Versions/A/MPSCore
0x0000000026a60000 	/System/Library/Frameworks/MetalPerformanceShaders.framework/Frameworks/MPSImage.framework/Versions/A/MPSImage
0x0000000026a60000 	/System/Library/Frameworks/MetalPerformanceShaders.framework/Frameworks/MPSMatrix.framework/Versions/A/MPSMatrix
0x0000000026a60000 	/System/Library/Frameworks/MetalPerformanceShaders.framework/Frameworks/MPSNeuralNetwork.framework/Versions/A/MPSNeuralNetwork
0x0000000026a60000 	/System/Library/Frameworks/OpenGL.framework/Versions/A/Libraries/libGLU.dylib
0x0000000026a60000 	/System/Library/Frameworks/OpenGL.framework/Versions/A/Libraries/libGFXShared.dylib
0x0000000026a60000 	/System/Library/Frameworks/OpenGL.framework/Versions/A/Libraries/libGL.dylib
0x0000000026a60000 	/System/Library/Frameworks/OpenGL.framework/Versions/A/Libraries/libGLImage.dylib
0x0000000026a60000 	/System/Library/Frameworks/OpenGL.framework/Versions/A/Libraries/libCVMSPluginSupport.dylib
0x0000000026a60000 	/System/Library/Frameworks/OpenGL.framework/Versions/A/Libraries/libCoreVMClient.dylib
0x0000000026a60000 	/usr/lib/libcups.2.dylib
0x0000000026a60000 	/System/Library/Frameworks/Kerberos.framework/Versions/A/Kerberos
0x0000000026a60000 	/System/Library/Frameworks/GSS.framework/Versions/A/GSS
0x0000000026a60000 	/usr/lib/libresolv.9.dylib
0x0000000026a60000 	/usr/lib/libiconv.2.dylib
0x0000000026a60000 	/System/Library/PrivateFrameworks/Heimdal.framework/Versions/A/Heimdal
0x0000000026a60000 	/usr/lib/libheimdal-asn1.dylib
0x0000000026a60000 	/System/Library/Frameworks/OpenDirectory.framework/Versions/A/OpenDirectory
0x0000000026a60000 	/System/Library/PrivateFrameworks/CommonAuth.framework/Versions/A/CommonAuth
0x0000000026a60000 	/System/Library/Frameworks/OpenDirectory.framework/Versions/A/Frameworks/CFOpenDirectory.framework/Versions/A/CFOpenDirectory
0x0000000026a60000 	/System/Library/Frameworks/SecurityFoundation.framework/Versions/A/SecurityFoundation
0x0000000026a60000 	/System/Library/PrivateFrameworks/APFS.framework/Versions/A/APFS
0x0000000026a60000 	/usr/lib/libutil.dylib
0x0000000026a60000 	/System/Library/PrivateFrameworks/AppleSauce.framework/Versions/A/AppleSauce
0x0000000026a60000 	/System/Library/PrivateFrameworks/LinguisticData.framework/Versions/A/LinguisticData
0x0000000026a60000 	/usr/lib/libmarisa.dylib
0x0000000026a60000 	/System/Library/PrivateFrameworks/Lexicon.framework/Versions/A/Lexicon
0x0000000026a60000 	/usr/lib/libChineseTokenizer.dylib
0x0000000026a60000 	/usr/lib/libcmph.dylib
0x0000000026a60000 	/System/Library/PrivateFrameworks/LanguageModeling.framework/Versions/A/LanguageModeling
0x0000000026a60000 	/System/Library/PrivateFrameworks/CoreEmoji.framework/Versions/A/CoreEmoji
0x0000000026a60000 	/System/Library/Frameworks/ServiceManagement.framework/Versions/A/ServiceManagement
0x0000000026a60000 	/System/Library/PrivateFrameworks/BackgroundTaskManagement.framework/Versions/A/BackgroundTaskManagement
0x0000000026a60000 	/usr/lib/libxslt.1.dylib
0x0000000026a60000 	/System/Library/Frameworks/Carbon.framework/Versions/A/Frameworks/Ink.framework/Versions/A/Ink
0x0000000026a60000 	/System/Library/PrivateFrameworks/TextureIO.framework/Versions/A/TextureIO
0x0000000026a60000 	/usr/lib/libate.dylib
0x0000000026a60000 	/System/Library/PrivateFrameworks/CrashReporterSupport.framework/Versions/A/CrashReporterSupport
0x0000000026a60000 	/System/Library/PrivateFrameworks/Sharing.framework/Versions/A/Sharing
0x0000000026a60000 	/System/Library/PrivateFrameworks/IconServices.framework/Versions/A/IconServices
0x0000000026a60000 	/System/Library/PrivateFrameworks/ProtocolBuffer.framework/Versions/A/ProtocolBuffer
0x0000000026a60000 	/System/Library/PrivateFrameworks/Apple80211.framework/Versions/A/Apple80211
0x0000000026a60000 	/System/Library/Frameworks/CoreWLAN.framework/Versions/A/CoreWLAN
0x0000000026a60000 	/System/Library/PrivateFrameworks/CoreUtils.framework/Versions/A/CoreUtils
0x0000000026a60000 	/System/Library/Frameworks/IOBluetooth.framework/Versions/A/IOBluetooth
0x0000000026a60000 	/System/Library/PrivateFrameworks/CoreWiFi.framework/Versions/A/CoreWiFi
0x0000000026a60000 	/System/Library/Frameworks/CoreBluetooth.framework/Versions/A/CoreBluetooth
0x0000000026a60000 	/System/Library/PrivateFrameworks/SignpostNotification.framework/Versions/A/SignpostNotification
0x0000000026a60000 	/System/Library/PrivateFrameworks/DebugSymbols.framework/Versions/A/DebugSymbols
0x0000000026a60000 	/System/Library/PrivateFrameworks/CoreSymbolication.framework/Versions/A/CoreSymbolication
0x0000000026a60000 	/System/Library/PrivateFrameworks/Symbolication.framework/Versions/A/Symbolication
0x0000000026a60000 	/System/Library/PrivateFrameworks/AppleFSCompression.framework/Versions/A/AppleFSCompression
0x0000000026a60000 	/System/Library/PrivateFrameworks/SpeechRecognitionCore.framework/Versions/A/SpeechRecognitionCore
0x000000010b800000 	/Library/Java/JavaVirtualMachines/jdk1.8.0_152.jdk/Contents/Home/jre/lib/server/libjvm.dylib
0x0000000026a60000 	/usr/lib/libstdc++.6.0.9.dylib
0x000000010a646000 	/Library/Java/JavaVirtualMachines/jdk1.8.0_152.jdk/Contents/Home/jre/lib/libverify.dylib
0x000000010a654000 	/Library/Java/JavaVirtualMachines/jdk1.8.0_152.jdk/Contents/Home/jre/lib/libjava.dylib
0x000000010a68b000 	/Library/Java/JavaVirtualMachines/jdk1.8.0_152.jdk/Contents/Home/jre/lib/libinstrument.dylib
0x000000010a729000 	/Library/Java/JavaVirtualMachines/jdk1.8.0_152.jdk/Contents/Home/jre/lib/libzip.dylib
0x0000000129394000 	/Library/Java/JavaVirtualMachines/jdk1.8.0_152.jdk/Contents/Home/jre/lib/libnet.dylib
0x00000001293f8000 	/private/var/folders/sz/k8vlylnn1fq0qtrv4jlk1zhc0000gn/T/sqlite-3.21.0-5c7df14c-7e6d-4e4f-b3ce-f711d91ec2ef-libsqlitejdbc.jnilib
0x0000000129576000 	/Library/Java/JavaVirtualMachines/jdk1.8.0_152.jdk/Contents/Home/jre/lib/libawt.dylib
0x0000000129620000 	/Library/Java/JavaVirtualMachines/jdk1.8.0_152.jdk/Contents/Home/jre/lib/./libmlib_image.dylib
0x0000000026a60000 	/System/Library/Frameworks/JavaVM.framework/Versions/A/Frameworks/JavaNativeFoundation.framework/Versions/A/JavaNativeFoundation
0x0000000026a60000 	/System/Library/Frameworks/JavaVM.framework/Versions/A/Frameworks/JavaRuntimeSupport.framework/Versions/A/JavaRuntimeSupport
0x0000000026a60000 	/System/Library/Frameworks/JavaVM.framework/Versions/A/JavaVM
0x0000000026a60000 	/System/Library/PrivateFrameworks/JavaLaunching.framework/Versions/A/JavaLaunching
0x0000000026a60000 	/System/Library/Frameworks/Carbon.framework/Versions/A/Carbon
0x0000000026a60000 	/System/Library/Frameworks/Carbon.framework/Versions/A/Frameworks/CommonPanels.framework/Versions/A/CommonPanels
0x0000000026a60000 	/System/Library/Frameworks/Carbon.framework/Versions/A/Frameworks/Help.framework/Versions/A/Help
0x0000000026a60000 	/System/Library/Frameworks/Carbon.framework/Versions/A/Frameworks/ImageCapture.framework/Versions/A/ImageCapture
0x0000000026a60000 	/System/Library/Frameworks/Carbon.framework/Versions/A/Frameworks/OpenScripting.framework/Versions/A/OpenScripting
0x0000000026a60000 	/System/Library/Frameworks/Carbon.framework/Versions/A/Frameworks/Print.framework/Versions/A/Print
0x0000000026a60000 	/System/Library/Frameworks/Carbon.framework/Versions/A/Frameworks/SecurityHI.framework/Versions/A/SecurityHI
0x00000001296ec000 	/Library/Java/JavaVirtualMachines/jdk1.8.0_152.jdk/Contents/Home/jre/lib/libawt_lwawt.dylib
0x00000001297a6000 	/Library/Java/JavaVirtualMachines/jdk1.8.0_152.jdk/Contents/Home/jre/lib/./libosxapp.dylib
0x0000000026a60000 	/System/Library/Frameworks/ExceptionHandling.framework/Versions/A/ExceptionHandling
0x0000000026a60000 	/System/Library/PrivateFrameworks/CoreServicesInternal.framework/Versions/A/CoreServicesInternal
0x0000000026a60000 	/System/Library/CoreServices/RawCamera.bundle/Contents/MacOS/RawCamera
0x0000000026a60000 	/System/Library/PrivateFrameworks/MobileAsset.framework/Versions/A/MobileAsset
0x0000000026a60000 	/System/Library/PrivateFrameworks/StreamingZip.framework/Versions/A/StreamingZip
0x0000000026a60000 	/System/Library/Frameworks/MediaToolbox.framework/Versions/A/MediaToolbox
0x0000000026a60000 	/System/Library/PrivateFrameworks/CoreAVCHD.framework/Versions/A/CoreAVCHD
0x0000000026a60000 	/System/Library/Frameworks/MediaAccessibility.framework/Versions/A/MediaAccessibility
0x0000000026a60000 	/System/Library/PrivateFrameworks/Mangrove.framework/Versions/A/Mangrove
0x0000000026a60000 	/System/Library/Frameworks/CoreMedia.framework/Versions/A/CoreMedia
0x0000000026a60000 	/System/Library/Frameworks/VideoToolbox.framework/Versions/A/VideoToolbox
0x0000000026a60000 	/System/Library/PrivateFrameworks/CoreAUC.framework/Versions/A/CoreAUC
0x0000000026a60000 	/usr/lib/libspindump.dylib
0x0000000026a60000 	/usr/lib/libdscsym.dylib
0x0000000026a60000 	/System/Library/PrivateFrameworks/AppleVA.framework/Versions/A/AppleVA
0x0000000026a60000 	/System/Library/Frameworks/Accelerate.framework/Versions/A/Frameworks/vImage.framework/Versions/A/Libraries/libCGInterfaces.dylib
0x0000000026a60000 	/System/Library/Frameworks/ApplicationServices.framework/Versions/A/Frameworks/ATS.framework/Versions/A/Resources/libTrueTypeScaler.dylib
0x0000000026a60000 	/System/Library/Frameworks/OpenGL.framework/Versions/A/Resources/GLEngine.bundle/GLEngine
0x0000000026a60000 	/System/Library/Frameworks/OpenGL.framework/Versions/A/Libraries/libGLProgrammability.dylib
0x000000012bc17000 	/System/Library/Extensions/AppleIntelSKLGraphicsGLDriver.bundle/Contents/MacOS/AppleIntelSKLGraphicsGLDriver
0x0000000026a60000 	/System/Library/PrivateFrameworks/GPUSupport.framework/Versions/A/Libraries/libGPUSupportMercury.dylib
0x000000012cc46000 	/System/Library/Extensions/AMDRadeonX4000GLDriver.bundle/Contents/MacOS/AMDRadeonX4000GLDriver
0x0000000026a60000 	/System/Library/Extensions/AMDRadeonX4000GLDriver.bundle/Contents/MacOS/ATIRadeonX4000SCLib.dylib
0x0000000026a60000 	/System/Library/Frameworks/OpenGL.framework/Versions/A/Resources/GLRendererFloat.bundle/GLRendererFloat
0x0000000026a60000 	/System/Library/Frameworks/OpenCL.framework/Versions/A/Libraries/libcldcpuengine.dylib
0x0000000026a60000 	/usr/lib/libcrypto.35.dylib
0x0000000026a60000 	/System/Library/PrivateFrameworks/TrustEvaluationAgent.framework/Versions/A/TrustEvaluationAgent
0x0000000026a60000 	/System/Library/Extensions/AppleIntelSKLGraphicsMTLDriver.bundle/Contents/MacOS/AppleIntelSKLGraphicsMTLDriver
0x000000012cd7b000 	/System/Library/Extensions/AMDMTLBronzeDriver.bundle/Contents/MacOS/AMDMTLBronzeDriver
0x0000000026a60000 	/System/Library/PrivateFrameworks/IOAccelMemoryInfo.framework/Versions/A/IOAccelMemoryInfo
0x0000000026a60000 	/System/Library/PrivateFrameworks/GPUCompiler.framework/Versions/3802/Libraries/libmetal_timestamp.dylib
0x0000000026a60000 	/System/Library/PrivateFrameworks/FamilyControls.framework/Versions/A/FamilyControls
0x0000000026a60000 	/System/Library/PrivateFrameworks/CommerceKit.framework/Versions/A/Frameworks/CommerceCore.framework/Versions/A/CommerceCore
0x0000000026a60000 	/System/Library/PrivateFrameworks/SystemAdministration.framework/Versions/A/SystemAdministration
0x0000000026a60000 	/System/Library/PrivateFrameworks/AppContainer.framework/Versions/A/AppContainer
0x0000000026a60000 	/System/Library/PrivateFrameworks/SecCodeWrapper.framework/Versions/A/SecCodeWrapper
0x0000000026a60000 	/System/Library/PrivateFrameworks/DiskManagement.framework/Versions/A/DiskManagement
0x0000000026a60000 	/System/Library/Frameworks/DirectoryService.framework/Versions/A/DirectoryService
0x0000000026a60000 	/System/Library/PrivateFrameworks/DiskImages.framework/Versions/A/DiskImages
0x0000000026a60000 	/System/Library/PrivateFrameworks/LoginUIKit.framework/Versions/A/Frameworks/LoginUICore.framework/Versions/A/LoginUICore
0x0000000026a60000 	/usr/lib/libCoreStorage.dylib
0x0000000026a60000 	/usr/lib/libcsfde.dylib
0x0000000026a60000 	/usr/lib/libodfde.dylib
0x0000000026a60000 	/System/Library/PrivateFrameworks/MediaKit.framework/Versions/A/MediaKit
0x0000000026a60000 	/System/Library/Frameworks/DiscRecording.framework/Versions/A/DiscRecording
0x0000000026a60000 	/System/Library/PrivateFrameworks/EFILogin.framework/Versions/A/EFILogin
0x0000000026a60000 	/System/Library/PrivateFrameworks/ProtectedCloudStorage.framework/Versions/A/ProtectedCloudStorage
0x0000000026a60000 	/usr/lib/libcurl.4.dylib
0x0000000026a60000 	/usr/lib/libssl.35.dylib
0x0000000026a60000 	/System/Library/Frameworks/LDAP.framework/Versions/A/LDAP
0x0000000026a60000 	/usr/lib/libsasl2.2.dylib
0x0000000026a60000 	/System/Library/PrivateFrameworks/CoreDaemon.framework/Versions/B/CoreDaemon
0x0000000026a60000 	/System/Library/PrivateFrameworks/AppleSRP.framework/Versions/A/AppleSRP
0x000000012e008000 	/Library/Java/JavaVirtualMachines/jdk1.8.0_152.jdk/Contents/Home/jre/lib/libfontmanager.dylib
0x000000012e105000 	/Library/Java/JavaVirtualMachines/jdk1.8.0_152.jdk/Contents/Home/jre/lib/libosxui.dylib
0x000000012eecc000 	/Users/pierlim/IdeaProjects/Clips_Project/src/CLIPSJNI/libCLIPSJNI.jnilib
0x0000000026a60000 	/System/Library/PrivateFrameworks/ViewBridge.framework/Versions/A/ViewBridge
0x000000012f93b000 	/Library/Java/JavaVirtualMachines/jdk1.8.0_152.jdk/Contents/Home/jre/lib/libnio.dylib

VM Arguments:
jvm_args: -Djava.library.path=/Users/pierlim/IdeaProjects/Clips_Project/src/CLIPSJNI -javaagent:/Applications/IntelliJ IDEA.app/Contents/lib/idea_rt.jar=49695:/Applications/IntelliJ IDEA.app/Contents/bin -Dfile.encoding=UTF-8 
java_command: CharityRecommender
java_class_path (initial): /Library/Java/JavaVirtualMachines/jdk1.8.0_152.jdk/Contents/Home/jre/lib/charsets.jar:/Library/Java/JavaVirtualMachines/jdk1.8.0_152.jdk/Contents/Home/jre/lib/deploy.jar:/Library/Java/JavaVirtualMachines/jdk1.8.0_152.jdk/Contents/Home/jre/lib/ext/cldrdata.jar:/Library/Java/JavaVirtualMachines/jdk1.8.0_152.jdk/Contents/Home/jre/lib/ext/dnsns.jar:/Library/Java/JavaVirtualMachines/jdk1.8.0_152.jdk/Contents/Home/jre/lib/ext/jaccess.jar:/Library/Java/JavaVirtualMachines/jdk1.8.0_152.jdk/Contents/Home/jre/lib/ext/jfxrt.jar:/Library/Java/JavaVirtualMachines/jdk1.8.0_152.jdk/Contents/Home/jre/lib/ext/localedata.jar:/Library/Java/JavaVirtualMachines/jdk1.8.0_152.jdk/Contents/Home/jre/lib/ext/nashorn.jar:/Library/Java/JavaVirtualMachines/jdk1.8.0_152.jdk/Contents/Home/jre/lib/ext/sunec.jar:/Library/Java/JavaVirtualMachines/jdk1.8.0_152.jdk/Contents/Home/jre/lib/ext/sunjce_provider.jar:/Library/Java/JavaVirtualMachines/jdk1.8.0_152.jdk/Contents/Home/jre/lib/ext/sunpkcs11.jar:/Library/Java/JavaVirtualMachines/jdk1.8.0_152.jdk/Contents/Home/jre/lib/ext/zipfs.jar:/Library/Java/JavaVirtualMachines/jdk1.8.0_152.jdk/Contents/Home/jre/lib/javaws.jar:/Library/Java/JavaVirtualMachines/jdk1.8.0_152.jdk/Contents/Home/jre/lib/jce.jar:/Library/Java/JavaVirtualMachines/jdk1.8.0_152.jdk/Contents/Home/jre/lib/jfr.jar:/Library/Java/JavaVirtualMachines/jdk1.8.0_152.jdk/Contents/Home/jre/lib/jfxswt.jar:/Library/Java/JavaVirtualMachines/jdk1.8.0_152.jdk/Contents/Home/jre/lib/jsse.jar:/Library/Java/JavaVirtualMachines/jdk1.8.0_152.jdk/Contents/Home/jre/lib/management-agent.jar:/Library/Java/JavaVirtualMachines/jdk1.8.0_152.jdk/Contents/Home/jre/lib/plugin.jar:/Library/Java/JavaVirtualMachines/jdk1.8.0_152.jdk/Contents/Home/jre/lib/resources.jar:/Library/Java/JavaVirtualMachines/jdk1.8.0_152.jdk/Contents/Home/jre/lib/rt.jar:/Library/Java/JavaVirtualMachines/jdk1.8.0_152.jdk/Contents/Home/lib/ant-javafx.jar:/Library/Java/JavaVirtualMachines/jdk1.8.0_152.jdk/Contents/Home
Launcher Type: SUN_STANDARD

Environment Variables:
PATH=/usr/local/bin:/usr/local/bin:/opt/local/bin:/opt/local/sbin:/Users/pierlim/anaconda/bin:/Users/pierlim/miniconda2/bin:/usr/local/bin:/usr/bin:/bin:/usr/sbin:/sbin:/opt/X11/bin
SHELL=/bin/bash
DISPLAY=/private/tmp/com.apple.launchd.OhAckoYu1n/org.macosforge.xquartz:0

Signal Handlers:
SIGSEGV: [libjvm.dylib+0x5b494d], sa_mask[0]=11111111011111110111111111111111, sa_flags=SA_ONSTACK|SA_RESTART|SA_SIGINFO
SIGBUS: [libjvm.dylib+0x5b494d], sa_mask[0]=11111111011111110111111111111111, sa_flags=SA_RESTART|SA_SIGINFO
SIGFPE: [libjvm.dylib+0x48ab54], sa_mask[0]=11111111011111110111111111111111, sa_flags=SA_RESTART|SA_SIGINFO
SIGPIPE: [libjvm.dylib+0x48ab54], sa_mask[0]=11111111011111110111111111111111, sa_flags=SA_RESTART|SA_SIGINFO
SIGXFSZ: [libjvm.dylib+0x48ab54], sa_mask[0]=11111111011111110111111111111111, sa_flags=SA_RESTART|SA_SIGINFO
SIGILL: [libjvm.dylib+0x48ab54], sa_mask[0]=11111111011111110111111111111111, sa_flags=SA_RESTART|SA_SIGINFO
SIGUSR1: SIG_DFL, sa_mask[0]=00000000000000000000000000000000, sa_flags=none
SIGUSR2: [libjvm.dylib+0x48a672], sa_mask[0]=00100000000000000000000000000000, sa_flags=SA_RESTART|SA_SIGINFO
SIGHUP: [libjvm.dylib+0x488c49], sa_mask[0]=11111111011111110111111111111111, sa_flags=SA_RESTART|SA_SIGINFO
SIGINT: [libjvm.dylib+0x488c49], sa_mask[0]=11111111011111110111111111111111, sa_flags=SA_RESTART|SA_SIGINFO
SIGTERM: [libjvm.dylib+0x488c49], sa_mask[0]=11111111011111110111111111111111, sa_flags=SA_RESTART|SA_SIGINFO
SIGQUIT: [libjvm.dylib+0x488c49], sa_mask[0]=11111111011111110111111111111111, sa_flags=SA_RESTART|SA_SIGINFO


---------------  S Y S T E M  ---------------

OS:Bsduname:Darwin 17.4.0 Darwin Kernel Version 17.4.0: Sun Dec 17 09:19:54 PST 2017; root:xnu-4570.41.2~1/RELEASE_X86_64 x86_64
rlimit: STACK 8192k, CORE 0k, NPROC 1418, NOFILE 10240, AS infinity
load average:4.43 2.77 2.37

CPU:total 8 (initial active 8) (4 cores per cpu, 2 threads per core) family 6 model 94 stepping 3, cmov, cx8, fxsr, mmx, sse, sse2, sse3, ssse3, sse4.1, sse4.2, popcnt, avx, avx2, aes, clmul, erms, rtm, 3dnowpref, lzcnt, ht, tsc, tscinvbit, bmi1, bmi2, adx

Memory: 4k page, physical 16777216k(2258896k free)

/proc/meminfo:


vm_info: Java HotSpot(TM) 64-Bit Server VM (25.152-b16) for bsd-amd64 JRE (1.8.0_152-b16), built on Sep 14 2017 02:31:13 by "java_re" with gcc 4.2.1 (Based on Apple Inc. build 5658) (LLVM build 2336.11.00)

time: Wed Feb 14 23:39:38 2018
elapsed time: 6 seconds (0d 0h 0m 6s)

