#
# A fatal error has been detected by the Java Runtime Environment:
#
#  SIGSEGV (0xb) at pc=0x00000001249ddc3d, pid=91936, tid=0x000000000000c607
#
# JRE version: Java(TM) SE Runtime Environment (8.0_152-b16) (build 1.8.0_152-b16)
# Java VM: Java HotSpot(TM) 64-Bit Server VM (25.152-b16 mixed mode bsd-amd64 compressed oops)
# Problematic frame:
# C  [libCLIPSJNI.jnilib+0xa7c3d]  AddSymbol+0x3d
#
# Failed to write core dump. Core dumps have been disabled. To enable core dumping, try "ulimit -c unlimited" before starting Java again
#
# If you would like to submit a bug report, please visit:
#   http://bugreport.java.com/bugreport/crash.jsp
# The crash happened outside the Java Virtual Machine in native code.
# See problematic frame for where to report the bug.
#

---------------  T H R E A D  ---------------

Current thread (0x00007f86db987800):  JavaThread "AWT-EventQueue-0" [_thread_in_native, id=50695, stack(0x0000700005876000,0x0000700005976000)]

siginfo: si_signo: 11 (SIGSEGV), si_code: 0 (unknown), si_addr: 0x0000000000000000

Registers:
RAX=0x00000001249f12f0, RBX=0x00007f86d878b730, RCX=0x0000700005973158, RDX=0x0000000000000002
RSP=0x0000700005973080, RBP=0x00007000059730b0, RSI=0xf890fff6894cdf89, RDI=0x00007f86d876e040
R8 =0x0000000101ad96e0, R9 =0x0000700005972e28, R10=0x0000000101b071d0, R11=0x000000010ec29fe0
R12=0x0000000000000002, R13=0x00007f86d87baf20, R14=0x00007f86d876e040, R15=0xf890fff6894cdf89
RIP=0x00000001249ddc3d, EFLAGS=0x0000000000010282, ERR=0x0000000000000000
  TRAPNO=0x000000000000000d

Top of Stack: (sp=0x0000700005973080)
0x0000700005973080:   00000001249f12f0 00007f86d878b730
0x0000700005973090:   00007f86d876e040 00007f86d87baf20
0x00007000059730a0:   f890fff6894cdf04 f890fff6894cdf89
0x00007000059730b0:   00007000059730f0 000000012496a9e4
0x00007000059730c0:   0000700005973158 0000700005973158
0x00007000059730d0:   00007f86d876e040 00007f86d87baf20
0x00007000059730e0:   f890fff6894cdf89 00007f86db9879f8
0x00007000059730f0:   00007000059731f0 00000001249ee5a5
0x0000700005973100:   00007f86d9a035f8 000000010168d1b5
0x0000700005973110:   00007f86d9a0ab30 0000000000000000
0x0000700005973120:   0000000000000000 0000000101687510
0x0000700005973130:   0000700005973208 00007f86d99a7f20
0x0000700005973140:   0000000000000000 0000000000000001
0x0000700005973150:   000000010eaa02bd 00007f86d9a0ab30
0x0000700005973160:   00007f86d87baf20 00007f86d876e040
0x0000700005973170:   00007f86d876e040 00007f86d9a035c0
0x0000700005973180:   0000000001af75f0 00007f86d87892e0
0x0000700005973190:   0000000000000000 00007f86d9a03560
0x00007000059731a0:   0000700034312d66 00007000059731a8
0x00007000059731b0:   0000000000000000 0000700005973208
0x00007000059731c0:   bc74e16f48600010 000000010bfb5bc8
0x00007000059731d0:   0000000000000000 000000010bfb5bc0
0x00007000059731e0:   0000700005973290 00007f86db987800
0x00007000059731f0:   0000700005973260 000000010eaaf9f4
0x0000700005973200:   000000010eaa9538 000000076c6c8608
0x0000700005973210:   000000076c6c85f8 0000000000000000
0x0000700005973220:   0000700005973220 0000000000000000
0x0000700005973230:   0000700005973290 00000001247c6cd0
0x0000700005973240:   0000000000000000 000000010bfb5bc8
0x0000700005973250:   0000000000000000 0000700005973280
0x0000700005973260:   00007000059732d8 000000010eaa0040
0x0000700005973270:   0000000000000000 000000010eaa953b 

Instructions: (pc=0x00000001249ddc3d)
0x00000001249ddc1d:   8d 35 89 71 01 00 ba 01 00 00 00 4c 89 f7 e8 30
0x00000001249ddc2d:   56 fe ff be 01 00 00 00 4c 89 f7 e8 53 e0 fe ff
0x00000001249ddc3d:   41 8a 07 84 c0 74 47 49 8d 4f 01 31 db 66 0f 1f
0x00000001249ddc4d:   44 00 00 48 89 da 48 c1 e2 07 48 29 da 48 0f be 

Register to memory mapping:

RAX=0x00000001249f12f0: QueryJNICallback+0 in /Users/pierlim/IdeaProjects/Clips_Project/src/CLIPSJNI/libCLIPSJNI.jnilib at 0x0000000124936000
RBX=0x00007f86d878b730 is an unknown value
RCX=0x0000700005973158 is pointing into the stack for thread: 0x00007f86db987800
RDX=0x0000000000000002 is an unknown value
RSP=0x0000700005973080 is pointing into the stack for thread: 0x00007f86db987800
RBP=0x00007000059730b0 is pointing into the stack for thread: 0x00007f86db987800
RSI=0xf890fff6894cdf89 is an unknown value
RDI=0x00007f86d876e040 is an unknown value
R8 =0x0000000101ad96e0: _ZTV13ObjArrayKlass+0x10 in /Library/Java/JavaVirtualMachines/jdk1.8.0_152.jdk/Contents/Home/jre/lib/server/libjvm.dylib at 0x0000000101200000
R9 =0x0000700005972e28 is pointing into the stack for thread: 0x00007f86db987800
R10=0x0000000101b071d0: _ZN19TemplateInterpreter13_active_tableE+0x4800 in /Library/Java/JavaVirtualMachines/jdk1.8.0_152.jdk/Contents/Home/jre/lib/server/libjvm.dylib at 0x0000000101200000
R11=0x000000010ec29fe0 is at entry_point+32 in (nmethod*)0x000000010ec29e50
R12=0x0000000000000002 is an unknown value
R13=0x00007f86d87baf20 is an unknown value
R14=0x00007f86d876e040 is an unknown value
R15=0xf890fff6894cdf89 is an unknown value


Stack: [0x0000700005876000,0x0000700005976000],  sp=0x0000700005973080,  free space=1012k
Native frames: (J=compiled Java code, j=interpreted, Vv=VM code, C=native code)
C  [libCLIPSJNI.jnilib+0xa7c3d]  AddSymbol+0x3d
C  [libCLIPSJNI.jnilib+0x349e4]  FactSlotValue+0x34
C  [libCLIPSJNI.jnilib+0xb85a5]  Java_net_sf_clipsrules_jni_Environment_getFactList+0x145
j  net.sf.clipsrules.jni.Environment.getFactList(J)Ljava/util/List;+0
j  net.sf.clipsrules.jni.Environment.getFactList()Ljava/util/List;+5
j  CharityRecommender.processRules()V+63
j  CharityRecommender.nextButtonAction()V+203
j  CharityRecommender.onActionPerformed(Ljava/awt/event/ActionEvent;)V+21
j  CharityRecommender.actionPerformed(Ljava/awt/event/ActionEvent;)V+2
j  javax.swing.AbstractButton.fireActionPerformed(Ljava/awt/event/ActionEvent;)V+83
j  javax.swing.AbstractButton$Handler.actionPerformed(Ljava/awt/event/ActionEvent;)V+5
j  javax.swing.DefaultButtonModel.fireActionPerformed(Ljava/awt/event/ActionEvent;)V+34
j  javax.swing.DefaultButtonModel.setPressed(Z)V+117
j  javax.swing.plaf.basic.BasicButtonListener.mouseReleased(Ljava/awt/event/MouseEvent;)V+35
j  java.awt.Component.processMouseEvent(Ljava/awt/event/MouseEvent;)V+64
j  javax.swing.JComponent.processMouseEvent(Ljava/awt/event/MouseEvent;)V+23
J 1025 C1 java.awt.Component.processEvent(Ljava/awt/AWTEvent;)V (220 bytes) @ 0x000000010ee2559c [0x000000010ee25080+0x51c]
J 1024 C1 java.awt.Container.processEvent(Ljava/awt/AWTEvent;)V (22 bytes) @ 0x000000010ee24bc4 [0x000000010ee248a0+0x324]
J 1011 C1 java.awt.Component.dispatchEventImpl(Ljava/awt/AWTEvent;)V (883 bytes) @ 0x000000010ee1114c [0x000000010ee0bc00+0x554c]
J 902 C1 java.awt.Container.dispatchEventImpl(Ljava/awt/AWTEvent;)V (129 bytes) @ 0x000000010eda1eec [0x000000010eda1da0+0x14c]
J 1022 C1 java.awt.LightweightDispatcher.retargetMouseEvent(Ljava/awt/Component;ILjava/awt/event/MouseEvent;)V (350 bytes) @ 0x000000010ee232a4 [0x000000010ee20c60+0x2644]
J 1040 C1 java.awt.LightweightDispatcher.processMouseEvent(Ljava/awt/event/MouseEvent;)Z (286 bytes) @ 0x000000010ee35b3c [0x000000010ee34400+0x173c]
J 1012 C1 java.awt.LightweightDispatcher.dispatchEvent(Ljava/awt/AWTEvent;)Z (73 bytes) @ 0x000000010ee17d34 [0x000000010ee17900+0x434]
J 902 C1 java.awt.Container.dispatchEventImpl(Ljava/awt/AWTEvent;)V (129 bytes) @ 0x000000010eda1e8c [0x000000010eda1da0+0xec]
J 983 C1 java.awt.Window.dispatchEventImpl(Ljava/awt/AWTEvent;)V (23 bytes) @ 0x000000010edf1e4c [0x000000010edf1860+0x5ec]
J 960 C1 java.awt.EventQueue.dispatchEventImpl(Ljava/awt/AWTEvent;Ljava/lang/Object;)V (149 bytes) @ 0x000000010ede7624 [0x000000010ede5dc0+0x1864]
J 912 C1 java.awt.EventQueue$3.run()Ljava/lang/Void; (60 bytes) @ 0x000000010edad454 [0x000000010edad240+0x214]
J 911 C1 java.awt.EventQueue$3.run()Ljava/lang/Object; (5 bytes) @ 0x000000010eda600c [0x000000010eda5f80+0x8c]
v  ~StubRoutines::call_stub
V  [libjvm.dylib+0x2ef7b2]
V  [libjvm.dylib+0x34ff7c]
J 777  java.security.AccessController.doPrivileged(Ljava/security/PrivilegedAction;Ljava/security/AccessControlContext;)Ljava/lang/Object; (0 bytes) @ 0x000000010ed6bb55 [0x000000010ed6ba80+0xd5]
J 920 C1 java.awt.EventQueue$4.run()Ljava/lang/Object; (5 bytes) @ 0x000000010edb53ec [0x000000010edb4fc0+0x42c]
v  ~StubRoutines::call_stub
V  [libjvm.dylib+0x2ef7b2]
V  [libjvm.dylib+0x34ff7c]
J 777  java.security.AccessController.doPrivileged(Ljava/security/PrivilegedAction;Ljava/security/AccessControlContext;)Ljava/lang/Object; (0 bytes) @ 0x000000010ed6bb55 [0x000000010ed6ba80+0xd5]
J 908 C1 java.awt.EventQueue.dispatchEvent(Ljava/awt/AWTEvent;)V (80 bytes) @ 0x000000010eda7bf4 [0x000000010eda6d40+0xeb4]
J 913 C1 java.awt.EventDispatchThread.pumpOneEventForFilters(I)V (295 bytes) @ 0x000000010edaac3c [0x000000010eda90c0+0x1b7c]
j  java.awt.EventDispatchThread.pumpEventsForFilter(ILjava/awt/Conditional;Ljava/awt/EventFilter;)V+35
j  java.awt.EventDispatchThread.pumpEventsForHierarchy(ILjava/awt/Conditional;Ljava/awt/Component;)V+11
j  java.awt.EventDispatchThread.pumpEvents(ILjava/awt/Conditional;)V+4
j  java.awt.EventDispatchThread.pumpEvents(Ljava/awt/Conditional;)V+3
j  java.awt.EventDispatchThread.run()V+9
v  ~StubRoutines::call_stub
V  [libjvm.dylib+0x2ef7b2]
V  [libjvm.dylib+0x2eff56]
V  [libjvm.dylib+0x2f0102]
V  [libjvm.dylib+0x34a8c5]
V  [libjvm.dylib+0x56e327]
V  [libjvm.dylib+0x56fa14]
V  [libjvm.dylib+0x48d542]
C  [libsystem_pthread.dylib+0x36c1]  _pthread_body+0x154
C  [libsystem_pthread.dylib+0x356d]  _pthread_body+0x0
C  [libsystem_pthread.dylib+0x2c5d]  thread_start+0xd
C  0x0000000000000000

Java frames: (J=compiled Java code, j=interpreted, Vv=VM code)
j  net.sf.clipsrules.jni.Environment.getFactList(J)Ljava/util/List;+0
j  net.sf.clipsrules.jni.Environment.getFactList()Ljava/util/List;+5
j  CharityRecommender.processRules()V+63
j  CharityRecommender.nextButtonAction()V+203
j  CharityRecommender.onActionPerformed(Ljava/awt/event/ActionEvent;)V+21
j  CharityRecommender.actionPerformed(Ljava/awt/event/ActionEvent;)V+2
j  javax.swing.AbstractButton.fireActionPerformed(Ljava/awt/event/ActionEvent;)V+83
j  javax.swing.AbstractButton$Handler.actionPerformed(Ljava/awt/event/ActionEvent;)V+5
j  javax.swing.DefaultButtonModel.fireActionPerformed(Ljava/awt/event/ActionEvent;)V+34
j  javax.swing.DefaultButtonModel.setPressed(Z)V+117
j  javax.swing.plaf.basic.BasicButtonListener.mouseReleased(Ljava/awt/event/MouseEvent;)V+35
j  java.awt.Component.processMouseEvent(Ljava/awt/event/MouseEvent;)V+64
j  javax.swing.JComponent.processMouseEvent(Ljava/awt/event/MouseEvent;)V+23
J 1025 C1 java.awt.Component.processEvent(Ljava/awt/AWTEvent;)V (220 bytes) @ 0x000000010ee2559c [0x000000010ee25080+0x51c]
J 1024 C1 java.awt.Container.processEvent(Ljava/awt/AWTEvent;)V (22 bytes) @ 0x000000010ee24bc4 [0x000000010ee248a0+0x324]
J 1011 C1 java.awt.Component.dispatchEventImpl(Ljava/awt/AWTEvent;)V (883 bytes) @ 0x000000010ee1114c [0x000000010ee0bc00+0x554c]
J 902 C1 java.awt.Container.dispatchEventImpl(Ljava/awt/AWTEvent;)V (129 bytes) @ 0x000000010eda1eec [0x000000010eda1da0+0x14c]
J 1022 C1 java.awt.LightweightDispatcher.retargetMouseEvent(Ljava/awt/Component;ILjava/awt/event/MouseEvent;)V (350 bytes) @ 0x000000010ee232a4 [0x000000010ee20c60+0x2644]
J 1040 C1 java.awt.LightweightDispatcher.processMouseEvent(Ljava/awt/event/MouseEvent;)Z (286 bytes) @ 0x000000010ee35b3c [0x000000010ee34400+0x173c]
J 1012 C1 java.awt.LightweightDispatcher.dispatchEvent(Ljava/awt/AWTEvent;)Z (73 bytes) @ 0x000000010ee17d34 [0x000000010ee17900+0x434]
J 902 C1 java.awt.Container.dispatchEventImpl(Ljava/awt/AWTEvent;)V (129 bytes) @ 0x000000010eda1e8c [0x000000010eda1da0+0xec]
J 983 C1 java.awt.Window.dispatchEventImpl(Ljava/awt/AWTEvent;)V (23 bytes) @ 0x000000010edf1e4c [0x000000010edf1860+0x5ec]
J 960 C1 java.awt.EventQueue.dispatchEventImpl(Ljava/awt/AWTEvent;Ljava/lang/Object;)V (149 bytes) @ 0x000000010ede7624 [0x000000010ede5dc0+0x1864]
J 912 C1 java.awt.EventQueue$3.run()Ljava/lang/Void; (60 bytes) @ 0x000000010edad454 [0x000000010edad240+0x214]
J 911 C1 java.awt.EventQueue$3.run()Ljava/lang/Object; (5 bytes) @ 0x000000010eda600c [0x000000010eda5f80+0x8c]
v  ~StubRoutines::call_stub
J 777  java.security.AccessController.doPrivileged(Ljava/security/PrivilegedAction;Ljava/security/AccessControlContext;)Ljava/lang/Object; (0 bytes) @ 0x000000010ed6bae3 [0x000000010ed6ba80+0x63]
J 920 C1 java.awt.EventQueue$4.run()Ljava/lang/Object; (5 bytes) @ 0x000000010edb53ec [0x000000010edb4fc0+0x42c]
v  ~StubRoutines::call_stub
J 777  java.security.AccessController.doPrivileged(Ljava/security/PrivilegedAction;Ljava/security/AccessControlContext;)Ljava/lang/Object; (0 bytes) @ 0x000000010ed6bae3 [0x000000010ed6ba80+0x63]
J 908 C1 java.awt.EventQueue.dispatchEvent(Ljava/awt/AWTEvent;)V (80 bytes) @ 0x000000010eda7bf4 [0x000000010eda6d40+0xeb4]
J 913 C1 java.awt.EventDispatchThread.pumpOneEventForFilters(I)V (295 bytes) @ 0x000000010edaac3c [0x000000010eda90c0+0x1b7c]
j  java.awt.EventDispatchThread.pumpEventsForFilter(ILjava/awt/Conditional;Ljava/awt/EventFilter;)V+35
j  java.awt.EventDispatchThread.pumpEventsForHierarchy(ILjava/awt/Conditional;Ljava/awt/Component;)V+11
j  java.awt.EventDispatchThread.pumpEvents(ILjava/awt/Conditional;)V+4
j  java.awt.EventDispatchThread.pumpEvents(Ljava/awt/Conditional;)V+3
j  java.awt.EventDispatchThread.run()V+9
v  ~StubRoutines::call_stub

---------------  P R O C E S S  ---------------

Java Threads: ( => current thread )
  0x00007f86dc041000 JavaThread "Java2D Disposer" daemon [_thread_blocked, id=74515, stack(0x0000700005a7c000,0x0000700005b7c000)]
  0x00007f86da119000 JavaThread "Java2D Queue Flusher" daemon [_thread_blocked, id=75015, stack(0x0000700005979000,0x0000700005a79000)]
  0x00007f86db95f000 JavaThread "DestroyJavaVM" [_thread_blocked, id=9731, stack(0x0000700003f1f000,0x000070000401f000)]
=>0x00007f86db987800 JavaThread "AWT-EventQueue-0" [_thread_in_native, id=50695, stack(0x0000700005876000,0x0000700005976000)]
  0x00007f86da098000 JavaThread "AWT-Shutdown" [_thread_blocked, id=37931, stack(0x00007000053de000,0x00007000054de000)]
  0x00007f86db0be000 JavaThread "AppKit Thread" daemon [_thread_in_native, id=775, stack(0x00007ffeef38d000,0x00007ffeefb8d000)]
  0x00007f86d8883800 JavaThread "Service Thread" daemon [_thread_blocked, id=15619, stack(0x00007000051d8000,0x00007000052d8000)]
  0x00007f86db8e7000 JavaThread "C1 CompilerThread3" daemon [_thread_blocked, id=15107, stack(0x00007000050d5000,0x00007000051d5000)]
  0x00007f86d882c000 JavaThread "C2 CompilerThread2" daemon [_thread_blocked, id=14595, stack(0x0000700004fd2000,0x00007000050d2000)]
  0x00007f86db836000 JavaThread "C2 CompilerThread1" daemon [_thread_blocked, id=14339, stack(0x0000700004ecf000,0x0000700004fcf000)]
  0x00007f86da03a800 JavaThread "C2 CompilerThread0" daemon [_thread_blocked, id=13827, stack(0x0000700004dcc000,0x0000700004ecc000)]
  0x00007f86db835800 JavaThread "Monitor Ctrl-Break" daemon [_thread_in_native, id=13571, stack(0x0000700004cc9000,0x0000700004dc9000)]
  0x00007f86db00a800 JavaThread "Signal Dispatcher" daemon [_thread_blocked, id=16395, stack(0x0000700004bc6000,0x0000700004cc6000)]
  0x00007f86da801800 JavaThread "Finalizer" daemon [_thread_blocked, id=12547, stack(0x0000700004a40000,0x0000700004b40000)]
  0x00007f86d8803800 JavaThread "Reference Handler" daemon [_thread_blocked, id=19715, stack(0x000070000493d000,0x0000700004a3d000)]

Other Threads:
  0x00007f86db826000 VMThread [stack: 0x000070000483a000,0x000070000493a000] [id=20227]
  0x00007f86d882a800 WatcherThread [stack: 0x00007000052db000,0x00007000053db000] [id=43267]

VM state:not at safepoint (normal execution)

VM Mutex/Monitor currently owned by a thread: None

Heap:
 PSYoungGen      total 76288K, used 34096K [0x000000076ab00000, 0x0000000770000000, 0x00000007c0000000)
  eden space 65536K, 52% used [0x000000076ab00000,0x000000076cc4c258,0x000000076eb00000)
  from space 10752K, 0% used [0x000000076f580000,0x000000076f580000,0x0000000770000000)
  to   space 10752K, 0% used [0x000000076eb00000,0x000000076eb00000,0x000000076f580000)
 ParOldGen       total 175104K, used 0K [0x00000006c0000000, 0x00000006cab00000, 0x000000076ab00000)
  object space 175104K, 0% used [0x00000006c0000000,0x00000006c0000000,0x00000006cab00000)
 Metaspace       used 14000K, capacity 14338K, committed 14464K, reserved 1062912K
  class space    used 1730K, capacity 1844K, committed 1920K, reserved 1048576K

Card table byte_map: [0x000000010256c000,0x0000000102d6d000] byte_map_base: 0x00000000fef6c000

Marking Bits: (ParMarkBitMap*) 0x0000000101af66c0
 Begin Bits: [0x00000001032c3000, 0x00000001072c3000)
 End Bits:   [0x00000001072c3000, 0x000000010b2c3000)

Polling page: 0x00000001000f8000

CodeCache: size=245760Kb used=3870Kb max_used=3874Kb free=241889Kb
 bounds [0x000000010ea98000, 0x000000010ee68000, 0x000000011da98000]
 total_blobs=1686 nmethods=1124 adapters=476
 compilation: enabled

Compilation events (10 events):
Event: 8.886 Thread 0x00007f86db836000 nmethod 1119 0x000000010ee5c850 code [0x000000010ee5c9e0, 0x000000010ee5cce8]
Event: 9.010 Thread 0x00007f86db8e7000 1120       3       javax.swing.JComponent::getX (5 bytes)
Event: 9.010 Thread 0x00007f86db8e7000 nmethod 1120 0x000000010ee58850 code [0x000000010ee589c0, 0x000000010ee58b30]
Event: 9.010 Thread 0x00007f86db8e7000 1122       3       java.lang.Enum::equals (11 bytes)
Event: 9.010 Thread 0x00007f86db8e7000 nmethod 1122 0x000000010ee62550 code [0x000000010ee626c0, 0x000000010ee62870]
Event: 9.010 Thread 0x00007f86db8e7000 1121       3       javax.swing.JComponent::getY (5 bytes)
Event: 9.010 Thread 0x00007f86db8e7000 nmethod 1121 0x000000010ee62210 code [0x000000010ee62380, 0x000000010ee624f0]
Event: 9.114 Thread 0x00007f86db8e7000 1123       1       net.sf.clipsrules.jni.BaseRouter::getName (5 bytes)
Event: 9.114 Thread 0x00007f86db8e7000 nmethod 1123 0x000000010ee5c590 code [0x000000010ee5c6e0, 0x000000010ee5c7f0]
Event: 9.114 Thread 0x00007f86db8e7000 1124       3       java.util.ArrayList::<init> (61 bytes)

GC Heap History (0 events):
No events

Deoptimization events (5 events):
Event: 0.356 Thread 0x00007f86db001800 Uncommon trap: reason=unstable_if action=reinterpret pc=0x000000010ec1b928 method=org.sqlite.SQLiteJDBCLoader.contentsEquals(Ljava/io/InputStream;Ljava/io/InputStream;)Z @ 39
Event: 2.465 Thread 0x00007f86db987800 Uncommon trap: reason=class_check action=maybe_recompile pc=0x000000010ebab448 method=java.lang.String.equals(Ljava/lang/Object;)Z @ 8
Event: 2.466 Thread 0x00007f86db987800 Uncommon trap: reason=class_check action=maybe_recompile pc=0x000000010ebab448 method=java.lang.String.equals(Ljava/lang/Object;)Z @ 8
Event: 2.467 Thread 0x00007f86db987800 Uncommon trap: reason=class_check action=maybe_recompile pc=0x000000010ebab448 method=java.lang.String.equals(Ljava/lang/Object;)Z @ 8
Event: 2.468 Thread 0x00007f86db987800 Uncommon trap: reason=class_check action=maybe_recompile pc=0x000000010ebab448 method=java.lang.String.equals(Ljava/lang/Object;)Z @ 8

Classes redefined (0 events):
No events

Internal exceptions (10 events):
Event: 0.036 Thread 0x00007f86db001800 Exception <a 'java/lang/NoSuchMethodError': Method sun.misc.Unsafe.defineClass(Ljava/lang/String;[BII)Ljava/lang/Class; name or signature does not match> (0x000000076ab07ca8) thrown at [/Users/java_re/workspace/8-2-build-macosx-x86_64/jdk8u152/9742/hotspo
Event: 0.036 Thread 0x00007f86db001800 Exception <a 'java/lang/NoSuchMethodError': Method sun.misc.Unsafe.prefetchRead(Ljava/lang/Object;J)V name or signature does not match> (0x000000076ab07f90) thrown at [/Users/java_re/workspace/8-2-build-macosx-x86_64/jdk8u152/9742/hotspot/src/share/vm/pri
Event: 0.150 Thread 0x00007f86db001800 Exception <a 'java/security/PrivilegedActionException'> (0x000000076acf2670) thrown at [/Users/java_re/workspace/8-2-build-macosx-x86_64/jdk8u152/9742/hotspot/src/share/vm/prims/jvm.cpp, line 1390]
Event: 0.150 Thread 0x00007f86db001800 Exception <a 'java/security/PrivilegedActionException'> (0x000000076acf2880) thrown at [/Users/java_re/workspace/8-2-build-macosx-x86_64/jdk8u152/9742/hotspot/src/share/vm/prims/jvm.cpp, line 1390]
Event: 0.151 Thread 0x00007f86db001800 Exception <a 'java/security/PrivilegedActionException'> (0x000000076acf5bb0) thrown at [/Users/java_re/workspace/8-2-build-macosx-x86_64/jdk8u152/9742/hotspot/src/share/vm/prims/jvm.cpp, line 1390]
Event: 0.151 Thread 0x00007f86db001800 Exception <a 'java/security/PrivilegedActionException'> (0x000000076acf5dc0) thrown at [/Users/java_re/workspace/8-2-build-macosx-x86_64/jdk8u152/9742/hotspot/src/share/vm/prims/jvm.cpp, line 1390]
Event: 0.414 Thread 0x00007f86db001800 Exception <a 'java/lang/NoSuchFieldError': method resolution failed> (0x000000076b49dbc8) thrown at [/Users/java_re/workspace/8-2-build-macosx-x86_64/jdk8u152/9742/hotspot/src/share/vm/prims/methodHandles.cpp, line 1167]
Event: 0.416 Thread 0x00007f86db001800 Exception <a 'java/lang/NoSuchFieldError': method resolution failed> (0x000000076b4abde0) thrown at [/Users/java_re/workspace/8-2-build-macosx-x86_64/jdk8u152/9742/hotspot/src/share/vm/prims/methodHandles.cpp, line 1167]
Event: 0.629 Thread 0x00007f86db001800 Exception <a 'java/io/FileNotFoundException'> (0x000000076b54d880) thrown at [/Users/java_re/workspace/8-2-build-macosx-x86_64/jdk8u152/9742/hotspot/src/share/vm/prims/jni.cpp, line 709]
Event: 0.629 Thread 0x00007f86db001800 Exception <a 'java/io/FileNotFoundException'> (0x000000076b54e3f0) thrown at [/Users/java_re/workspace/8-2-build-macosx-x86_64/jdk8u152/9742/hotspot/src/share/vm/prims/jni.cpp, line 709]

Events (10 events):
Event: 5.975 loading class sun/reflect/MethodAccessorGenerator$1 done
Event: 5.975 loading class sun/reflect/ClassDefiner
Event: 5.975 loading class sun/reflect/ClassDefiner done
Event: 5.975 loading class sun/reflect/ClassDefiner$1
Event: 5.975 loading class sun/reflect/ClassDefiner$1 done
Event: 6.974 Thread 0x00007f86d8908000 Thread added: 0x00007f86d8908000
Event: 6.974 Executing VM operation: RevokeBias
Event: 6.974 Executing VM operation: RevokeBias done
Event: 6.974 Thread 0x00007f86d8908000 Thread exited: 0x00007f86d8908000
Event: 9.114 Thread 0x00007f86db083000 Thread added: 0x00007f86db083000


Dynamic libraries:
0x0000000026a60000 	/System/Library/Frameworks/Cocoa.framework/Versions/A/Cocoa
0x0000000026a60000 	/System/Library/Frameworks/Security.framework/Versions/A/Security
0x0000000026a60000 	/System/Library/Frameworks/ApplicationServices.framework/Versions/A/ApplicationServices
0x0000000026a60000 	/usr/lib/libz.1.dylib
0x0000000026a60000 	/usr/lib/libSystem.B.dylib
0x0000000026a60000 	/usr/lib/libobjc.A.dylib
0x0000000026a60000 	/System/Library/Frameworks/CoreFoundation.framework/Versions/A/CoreFoundation
0x0000000026a60000 	/System/Library/Frameworks/Foundation.framework/Versions/C/Foundation
0x0000000026a60000 	/System/Library/Frameworks/AppKit.framework/Versions/C/AppKit
0x0000000026a60000 	/System/Library/Frameworks/CoreData.framework/Versions/A/CoreData
0x0000000026a60000 	/System/Library/PrivateFrameworks/RemoteViewServices.framework/Versions/A/RemoteViewServices
0x0000000026a60000 	/System/Library/PrivateFrameworks/UIFoundation.framework/Versions/A/UIFoundation
0x0000000026a60000 	/System/Library/PrivateFrameworks/DFRFoundation.framework/Versions/A/DFRFoundation
0x0000000026a60000 	/System/Library/Frameworks/Metal.framework/Versions/A/Metal
0x0000000026a60000 	/System/Library/PrivateFrameworks/DesktopServicesPriv.framework/Versions/A/DesktopServicesPriv
0x0000000026a60000 	/usr/lib/libenergytrace.dylib
0x0000000026a60000 	/System/Library/PrivateFrameworks/SkyLight.framework/Versions/A/SkyLight
0x0000000026a60000 	/System/Library/Frameworks/CoreGraphics.framework/Versions/A/CoreGraphics
0x0000000026a60000 	/usr/lib/libScreenReader.dylib
0x0000000026a60000 	/System/Library/Frameworks/Accelerate.framework/Versions/A/Accelerate
0x0000000026a60000 	/System/Library/Frameworks/IOSurface.framework/Versions/A/IOSurface
0x0000000026a60000 	/System/Library/Frameworks/AudioToolbox.framework/Versions/A/AudioToolbox
0x0000000026a60000 	/System/Library/Frameworks/AudioUnit.framework/Versions/A/AudioUnit
0x0000000026a60000 	/System/Library/PrivateFrameworks/DataDetectorsCore.framework/Versions/A/DataDetectorsCore
0x0000000026a60000 	/System/Library/Frameworks/Carbon.framework/Versions/A/Frameworks/HIToolbox.framework/Versions/A/HIToolbox
0x0000000026a60000 	/usr/lib/libicucore.A.dylib
0x0000000026a60000 	/System/Library/Frameworks/QuartzCore.framework/Versions/A/QuartzCore
0x0000000026a60000 	/System/Library/Frameworks/Carbon.framework/Versions/A/Frameworks/SpeechRecognition.framework/Versions/A/SpeechRecognition
0x0000000026a60000 	/usr/lib/libauto.dylib
0x0000000026a60000 	/usr/lib/libxml2.2.dylib
0x0000000026a60000 	/System/Library/PrivateFrameworks/CoreUI.framework/Versions/A/CoreUI
0x0000000026a60000 	/System/Library/Frameworks/CoreAudio.framework/Versions/A/CoreAudio
0x0000000026a60000 	/System/Library/Frameworks/DiskArbitration.framework/Versions/A/DiskArbitration
0x0000000026a60000 	/usr/lib/liblangid.dylib
0x0000000026a60000 	/System/Library/PrivateFrameworks/MultitouchSupport.framework/Versions/A/MultitouchSupport
0x0000000026a60000 	/System/Library/Frameworks/IOKit.framework/Versions/A/IOKit
0x0000000026a60000 	/usr/lib/libDiagnosticMessagesClient.dylib
0x0000000026a60000 	/System/Library/Frameworks/CoreServices.framework/Versions/A/CoreServices
0x0000000026a60000 	/System/Library/PrivateFrameworks/PerformanceAnalysis.framework/Versions/A/PerformanceAnalysis
0x0000000026a60000 	/System/Library/Frameworks/OpenGL.framework/Versions/A/OpenGL
0x0000000026a60000 	/System/Library/Frameworks/ColorSync.framework/Versions/A/ColorSync
0x0000000026a60000 	/System/Library/Frameworks/CoreImage.framework/Versions/A/CoreImage
0x0000000026a60000 	/System/Library/Frameworks/CoreText.framework/Versions/A/CoreText
0x0000000026a60000 	/System/Library/Frameworks/ImageIO.framework/Versions/A/ImageIO
0x0000000026a60000 	/System/Library/PrivateFrameworks/Backup.framework/Versions/A/Backup
0x0000000026a60000 	/usr/lib/libarchive.2.dylib
0x0000000026a60000 	/System/Library/Frameworks/CFNetwork.framework/Versions/A/CFNetwork
0x0000000026a60000 	/System/Library/Frameworks/SystemConfiguration.framework/Versions/A/SystemConfiguration
0x0000000026a60000 	/usr/lib/libCRFSuite.dylib
0x0000000026a60000 	/usr/lib/libc++.1.dylib
0x0000000026a60000 	/usr/lib/libc++abi.dylib
0x0000000026a60000 	/usr/lib/system/libcache.dylib
0x0000000026a60000 	/usr/lib/system/libcommonCrypto.dylib
0x0000000026a60000 	/usr/lib/system/libcompiler_rt.dylib
0x0000000026a60000 	/usr/lib/system/libcopyfile.dylib
0x0000000026a60000 	/usr/lib/system/libcorecrypto.dylib
0x0000000026a60000 	/usr/lib/system/libdispatch.dylib
0x0000000026a60000 	/usr/lib/system/libdyld.dylib
0x0000000026a60000 	/usr/lib/system/libkeymgr.dylib
0x0000000026a60000 	/usr/lib/system/liblaunch.dylib
0x0000000026a60000 	/usr/lib/system/libmacho.dylib
0x0000000026a60000 	/usr/lib/system/libquarantine.dylib
0x0000000026a60000 	/usr/lib/system/libremovefile.dylib
0x0000000026a60000 	/usr/lib/system/libsystem_asl.dylib
0x0000000026a60000 	/usr/lib/system/libsystem_blocks.dylib
0x0000000026a60000 	/usr/lib/system/libsystem_c.dylib
0x0000000026a60000 	/usr/lib/system/libsystem_configuration.dylib
0x0000000026a60000 	/usr/lib/system/libsystem_coreservices.dylib
0x0000000026a60000 	/usr/lib/system/libsystem_darwin.dylib
0x0000000026a60000 	/usr/lib/system/libsystem_dnssd.dylib
0x0000000026a60000 	/usr/lib/system/libsystem_info.dylib
0x0000000026a60000 	/usr/lib/system/libsystem_m.dylib
0x0000000026a60000 	/usr/lib/system/libsystem_malloc.dylib
0x0000000026a60000 	/usr/lib/system/libsystem_network.dylib
0x0000000026a60000 	/usr/lib/system/libsystem_networkextension.dylib
0x0000000026a60000 	/usr/lib/system/libsystem_notify.dylib
0x0000000026a60000 	/usr/lib/system/libsystem_sandbox.dylib
0x0000000026a60000 	/usr/lib/system/libsystem_secinit.dylib
0x0000000026a60000 	/usr/lib/system/libsystem_kernel.dylib
0x0000000026a60000 	/usr/lib/system/libsystem_platform.dylib
0x0000000026a60000 	/usr/lib/system/libsystem_pthread.dylib
0x0000000026a60000 	/usr/lib/system/libsystem_symptoms.dylib
0x0000000026a60000 	/usr/lib/system/libsystem_trace.dylib
0x0000000026a60000 	/usr/lib/system/libunwind.dylib
0x0000000026a60000 	/usr/lib/system/libxpc.dylib
0x0000000026a60000 	/usr/lib/closure/libclosured.dylib
0x0000000026a60000 	/usr/lib/libbsm.0.dylib
0x0000000026a60000 	/usr/lib/system/libkxld.dylib
0x0000000026a60000 	/usr/lib/libOpenScriptingUtil.dylib
0x0000000026a60000 	/usr/lib/libcoretls.dylib
0x0000000026a60000 	/usr/lib/libcoretls_cfhelpers.dylib
0x0000000026a60000 	/usr/lib/libpam.2.dylib
0x0000000026a60000 	/usr/lib/libsqlite3.dylib
0x0000000026a60000 	/usr/lib/libxar.1.dylib
0x0000000026a60000 	/usr/lib/libbz2.1.0.dylib
0x0000000026a60000 	/usr/lib/liblzma.5.dylib
0x0000000026a60000 	/usr/lib/libnetwork.dylib
0x0000000026a60000 	/usr/lib/libapple_nghttp2.dylib
0x0000000026a60000 	/usr/lib/libpcap.A.dylib
0x0000000026a60000 	/usr/lib/libboringssl.dylib
0x0000000026a60000 	/usr/lib/libusrtcp.dylib
0x0000000026a60000 	/usr/lib/libapple_crypto.dylib
0x0000000026a60000 	/System/Library/Frameworks/CoreServices.framework/Versions/A/Frameworks/FSEvents.framework/Versions/A/FSEvents
0x0000000026a60000 	/System/Library/Frameworks/CoreServices.framework/Versions/A/Frameworks/CarbonCore.framework/Versions/A/CarbonCore
0x0000000026a60000 	/System/Library/Frameworks/CoreServices.framework/Versions/A/Frameworks/Metadata.framework/Versions/A/Metadata
0x0000000026a60000 	/System/Library/Frameworks/CoreServices.framework/Versions/A/Frameworks/OSServices.framework/Versions/A/OSServices
0x0000000026a60000 	/System/Library/Frameworks/CoreServices.framework/Versions/A/Frameworks/SearchKit.framework/Versions/A/SearchKit
0x0000000026a60000 	/System/Library/Frameworks/CoreServices.framework/Versions/A/Frameworks/AE.framework/Versions/A/AE
0x0000000026a60000 	/System/Library/Frameworks/CoreServices.framework/Versions/A/Frameworks/LaunchServices.framework/Versions/A/LaunchServices
0x0000000026a60000 	/System/Library/Frameworks/CoreServices.framework/Versions/A/Frameworks/DictionaryServices.framework/Versions/A/DictionaryServices
0x0000000026a60000 	/System/Library/Frameworks/CoreServices.framework/Versions/A/Frameworks/SharedFileList.framework/Versions/A/SharedFileList
0x0000000026a60000 	/System/Library/Frameworks/NetFS.framework/Versions/A/NetFS
0x0000000026a60000 	/System/Library/PrivateFrameworks/NetAuth.framework/Versions/A/NetAuth
0x0000000026a60000 	/System/Library/PrivateFrameworks/login.framework/Versions/A/Frameworks/loginsupport.framework/Versions/A/loginsupport
0x0000000026a60000 	/System/Library/PrivateFrameworks/TCC.framework/Versions/A/TCC
0x0000000026a60000 	/usr/lib/libmecabra.dylib
0x0000000026a60000 	/System/Library/Frameworks/ApplicationServices.framework/Versions/A/Frameworks/ATS.framework/Versions/A/ATS
0x0000000026a60000 	/System/Library/Frameworks/ApplicationServices.framework/Versions/A/Frameworks/ColorSyncLegacy.framework/Versions/A/ColorSyncLegacy
0x0000000026a60000 	/System/Library/Frameworks/ApplicationServices.framework/Versions/A/Frameworks/HIServices.framework/Versions/A/HIServices
0x0000000026a60000 	/System/Library/Frameworks/ApplicationServices.framework/Versions/A/Frameworks/LangAnalysis.framework/Versions/A/LangAnalysis
0x0000000026a60000 	/System/Library/Frameworks/ApplicationServices.framework/Versions/A/Frameworks/PrintCore.framework/Versions/A/PrintCore
0x0000000026a60000 	/System/Library/Frameworks/ApplicationServices.framework/Versions/A/Frameworks/QD.framework/Versions/A/QD
0x0000000026a60000 	/System/Library/Frameworks/ApplicationServices.framework/Versions/A/Frameworks/SpeechSynthesis.framework/Versions/A/SpeechSynthesis
0x0000000026a60000 	/System/Library/Frameworks/CoreDisplay.framework/Versions/A/CoreDisplay
0x0000000026a60000 	/System/Library/Frameworks/Accelerate.framework/Versions/A/Frameworks/vImage.framework/Versions/A/vImage
0x0000000026a60000 	/System/Library/Frameworks/Accelerate.framework/Versions/A/Frameworks/vecLib.framework/Versions/A/vecLib
0x0000000026a60000 	/System/Library/Frameworks/Accelerate.framework/Versions/A/Frameworks/vecLib.framework/Versions/A/libvDSP.dylib
0x0000000026a60000 	/System/Library/Frameworks/Accelerate.framework/Versions/A/Frameworks/vecLib.framework/Versions/A/libBNNS.dylib
0x0000000026a60000 	/System/Library/Frameworks/Accelerate.framework/Versions/A/Frameworks/vecLib.framework/Versions/A/libQuadrature.dylib
0x0000000026a60000 	/System/Library/Frameworks/Accelerate.framework/Versions/A/Frameworks/vecLib.framework/Versions/A/libvMisc.dylib
0x0000000026a60000 	/System/Library/Frameworks/Accelerate.framework/Versions/A/Frameworks/vecLib.framework/Versions/A/libLAPACK.dylib
0x0000000026a60000 	/System/Library/Frameworks/Accelerate.framework/Versions/A/Frameworks/vecLib.framework/Versions/A/libBLAS.dylib
0x0000000026a60000 	/System/Library/Frameworks/Accelerate.framework/Versions/A/Frameworks/vecLib.framework/Versions/A/libLinearAlgebra.dylib
0x0000000026a60000 	/System/Library/Frameworks/Accelerate.framework/Versions/A/Frameworks/vecLib.framework/Versions/A/libSparse.dylib
0x0000000026a60000 	/System/Library/Frameworks/Accelerate.framework/Versions/A/Frameworks/vecLib.framework/Versions/A/libSparseBLAS.dylib
0x0000000026a60000 	/System/Library/PrivateFrameworks/IOAccelerator.framework/Versions/A/IOAccelerator
0x0000000026a60000 	/System/Library/PrivateFrameworks/IOPresentment.framework/Versions/A/IOPresentment
0x0000000026a60000 	/System/Library/PrivateFrameworks/DSExternalDisplay.framework/Versions/A/DSExternalDisplay
0x0000000026a60000 	/System/Library/Frameworks/OpenGL.framework/Versions/A/Libraries/libCoreFSCache.dylib
0x0000000026a60000 	/System/Library/Frameworks/CoreVideo.framework/Versions/A/CoreVideo
0x0000000026a60000 	/System/Library/PrivateFrameworks/GraphVisualizer.framework/Versions/A/GraphVisualizer
0x0000000026a60000 	/System/Library/Frameworks/MetalPerformanceShaders.framework/Versions/A/MetalPerformanceShaders
0x0000000026a60000 	/usr/lib/libFosl_dynamic.dylib
0x0000000026a60000 	/System/Library/PrivateFrameworks/FaceCore.framework/Versions/A/FaceCore
0x0000000026a60000 	/System/Library/Frameworks/OpenCL.framework/Versions/A/OpenCL
0x0000000026a60000 	/usr/lib/libcompression.dylib
0x0000000026a60000 	/System/Library/Frameworks/ApplicationServices.framework/Versions/A/Frameworks/ATS.framework/Versions/A/Resources/libFontParser.dylib
0x0000000026a60000 	/System/Library/Frameworks/ApplicationServices.framework/Versions/A/Frameworks/ATS.framework/Versions/A/Resources/libFontRegistry.dylib
0x0000000026a60000 	/System/Library/Frameworks/ImageIO.framework/Versions/A/Resources/libJPEG.dylib
0x0000000026a60000 	/System/Library/Frameworks/ImageIO.framework/Versions/A/Resources/libTIFF.dylib
0x0000000026a60000 	/System/Library/Frameworks/ImageIO.framework/Versions/A/Resources/libPng.dylib
0x0000000026a60000 	/System/Library/Frameworks/ImageIO.framework/Versions/A/Resources/libGIF.dylib
0x0000000026a60000 	/System/Library/Frameworks/ImageIO.framework/Versions/A/Resources/libJP2.dylib
0x0000000026a60000 	/System/Library/Frameworks/ImageIO.framework/Versions/A/Resources/libRadiance.dylib
0x0000000026a60000 	/System/Library/PrivateFrameworks/AppleJPEG.framework/Versions/A/AppleJPEG
0x0000000026a60000 	/System/Library/PrivateFrameworks/MetalTools.framework/Versions/A/MetalTools
0x0000000026a60000 	/System/Library/Frameworks/MetalPerformanceShaders.framework/Frameworks/MPSCore.framework/Versions/A/MPSCore
0x0000000026a60000 	/System/Library/Frameworks/MetalPerformanceShaders.framework/Frameworks/MPSImage.framework/Versions/A/MPSImage
0x0000000026a60000 	/System/Library/Frameworks/MetalPerformanceShaders.framework/Frameworks/MPSMatrix.framework/Versions/A/MPSMatrix
0x0000000026a60000 	/System/Library/Frameworks/MetalPerformanceShaders.framework/Frameworks/MPSNeuralNetwork.framework/Versions/A/MPSNeuralNetwork
0x0000000026a60000 	/System/Library/Frameworks/OpenGL.framework/Versions/A/Libraries/libGLU.dylib
0x0000000026a60000 	/System/Library/Frameworks/OpenGL.framework/Versions/A/Libraries/libGFXShared.dylib
0x0000000026a60000 	/System/Library/Frameworks/OpenGL.framework/Versions/A/Libraries/libGL.dylib
0x0000000026a60000 	/System/Library/Frameworks/OpenGL.framework/Versions/A/Libraries/libGLImage.dylib
0x0000000026a60000 	/System/Library/Frameworks/OpenGL.framework/Versions/A/Libraries/libCVMSPluginSupport.dylib
0x0000000026a60000 	/System/Library/Frameworks/OpenGL.framework/Versions/A/Libraries/libCoreVMClient.dylib
0x0000000026a60000 	/usr/lib/libcups.2.dylib
0x0000000026a60000 	/System/Library/Frameworks/Kerberos.framework/Versions/A/Kerberos
0x0000000026a60000 	/System/Library/Frameworks/GSS.framework/Versions/A/GSS
0x0000000026a60000 	/usr/lib/libresolv.9.dylib
0x0000000026a60000 	/usr/lib/libiconv.2.dylib
0x0000000026a60000 	/System/Library/PrivateFrameworks/Heimdal.framework/Versions/A/Heimdal
0x0000000026a60000 	/usr/lib/libheimdal-asn1.dylib
0x0000000026a60000 	/System/Library/Frameworks/OpenDirectory.framework/Versions/A/OpenDirectory
0x0000000026a60000 	/System/Library/PrivateFrameworks/CommonAuth.framework/Versions/A/CommonAuth
0x0000000026a60000 	/System/Library/Frameworks/OpenDirectory.framework/Versions/A/Frameworks/CFOpenDirectory.framework/Versions/A/CFOpenDirectory
0x0000000026a60000 	/System/Library/Frameworks/SecurityFoundation.framework/Versions/A/SecurityFoundation
0x0000000026a60000 	/System/Library/PrivateFrameworks/APFS.framework/Versions/A/APFS
0x0000000026a60000 	/usr/lib/libutil.dylib
0x0000000026a60000 	/System/Library/PrivateFrameworks/AppleSauce.framework/Versions/A/AppleSauce
0x0000000026a60000 	/System/Library/PrivateFrameworks/LinguisticData.framework/Versions/A/LinguisticData
0x0000000026a60000 	/usr/lib/libmarisa.dylib
0x0000000026a60000 	/System/Library/PrivateFrameworks/Lexicon.framework/Versions/A/Lexicon
0x0000000026a60000 	/usr/lib/libChineseTokenizer.dylib
0x0000000026a60000 	/usr/lib/libcmph.dylib
0x0000000026a60000 	/System/Library/PrivateFrameworks/LanguageModeling.framework/Versions/A/LanguageModeling
0x0000000026a60000 	/System/Library/PrivateFrameworks/CoreEmoji.framework/Versions/A/CoreEmoji
0x0000000026a60000 	/System/Library/Frameworks/ServiceManagement.framework/Versions/A/ServiceManagement
0x0000000026a60000 	/System/Library/PrivateFrameworks/BackgroundTaskManagement.framework/Versions/A/BackgroundTaskManagement
0x0000000026a60000 	/usr/lib/libxslt.1.dylib
0x0000000026a60000 	/System/Library/Frameworks/Carbon.framework/Versions/A/Frameworks/Ink.framework/Versions/A/Ink
0x0000000026a60000 	/System/Library/PrivateFrameworks/TextureIO.framework/Versions/A/TextureIO
0x0000000026a60000 	/usr/lib/libate.dylib
0x0000000026a60000 	/System/Library/PrivateFrameworks/CrashReporterSupport.framework/Versions/A/CrashReporterSupport
0x0000000026a60000 	/System/Library/PrivateFrameworks/Sharing.framework/Versions/A/Sharing
0x0000000026a60000 	/System/Library/PrivateFrameworks/IconServices.framework/Versions/A/IconServices
0x0000000026a60000 	/System/Library/PrivateFrameworks/ProtocolBuffer.framework/Versions/A/ProtocolBuffer
0x0000000026a60000 	/System/Library/PrivateFrameworks/Apple80211.framework/Versions/A/Apple80211
0x0000000026a60000 	/System/Library/Frameworks/CoreWLAN.framework/Versions/A/CoreWLAN
0x0000000026a60000 	/System/Library/PrivateFrameworks/CoreUtils.framework/Versions/A/CoreUtils
0x0000000026a60000 	/System/Library/Frameworks/IOBluetooth.framework/Versions/A/IOBluetooth
0x0000000026a60000 	/System/Library/PrivateFrameworks/CoreWiFi.framework/Versions/A/CoreWiFi
0x0000000026a60000 	/System/Library/Frameworks/CoreBluetooth.framework/Versions/A/CoreBluetooth
0x0000000026a60000 	/System/Library/PrivateFrameworks/SignpostNotification.framework/Versions/A/SignpostNotification
0x0000000026a60000 	/System/Library/PrivateFrameworks/DebugSymbols.framework/Versions/A/DebugSymbols
0x0000000026a60000 	/System/Library/PrivateFrameworks/CoreSymbolication.framework/Versions/A/CoreSymbolication
0x0000000026a60000 	/System/Library/PrivateFrameworks/Symbolication.framework/Versions/A/Symbolication
0x0000000026a60000 	/System/Library/PrivateFrameworks/AppleFSCompression.framework/Versions/A/AppleFSCompression
0x0000000026a60000 	/System/Library/PrivateFrameworks/SpeechRecognitionCore.framework/Versions/A/SpeechRecognitionCore
0x0000000101200000 	/Library/Java/JavaVirtualMachines/jdk1.8.0_152.jdk/Contents/Home/jre/lib/server/libjvm.dylib
0x0000000026a60000 	/usr/lib/libstdc++.6.0.9.dylib
0x00000001000b4000 	/Library/Java/JavaVirtualMachines/jdk1.8.0_152.jdk/Contents/Home/jre/lib/libverify.dylib
0x00000001000c2000 	/Library/Java/JavaVirtualMachines/jdk1.8.0_152.jdk/Contents/Home/jre/lib/libjava.dylib
0x00000001000f9000 	/Library/Java/JavaVirtualMachines/jdk1.8.0_152.jdk/Contents/Home/jre/lib/libinstrument.dylib
0x0000000100197000 	/Library/Java/JavaVirtualMachines/jdk1.8.0_152.jdk/Contents/Home/jre/lib/libzip.dylib
0x000000010e3dc000 	/Library/Java/JavaVirtualMachines/jdk1.8.0_152.jdk/Contents/Home/jre/lib/libnet.dylib
0x000000010e440000 	/private/var/folders/sz/k8vlylnn1fq0qtrv4jlk1zhc0000gn/T/sqlite-3.21.0-5a69ae3d-f888-4ca6-a923-3fd18fc7a058-libsqlitejdbc.jnilib
0x000000010e5be000 	/Library/Java/JavaVirtualMachines/jdk1.8.0_152.jdk/Contents/Home/jre/lib/libawt.dylib
0x000000010e668000 	/Library/Java/JavaVirtualMachines/jdk1.8.0_152.jdk/Contents/Home/jre/lib/./libmlib_image.dylib
0x0000000026a60000 	/System/Library/Frameworks/JavaVM.framework/Versions/A/Frameworks/JavaNativeFoundation.framework/Versions/A/JavaNativeFoundation
0x0000000026a60000 	/System/Library/Frameworks/JavaVM.framework/Versions/A/Frameworks/JavaRuntimeSupport.framework/Versions/A/JavaRuntimeSupport
0x0000000026a60000 	/System/Library/Frameworks/JavaVM.framework/Versions/A/JavaVM
0x0000000026a60000 	/System/Library/PrivateFrameworks/JavaLaunching.framework/Versions/A/JavaLaunching
0x0000000026a60000 	/System/Library/Frameworks/Carbon.framework/Versions/A/Carbon
0x0000000026a60000 	/System/Library/Frameworks/Carbon.framework/Versions/A/Frameworks/CommonPanels.framework/Versions/A/CommonPanels
0x0000000026a60000 	/System/Library/Frameworks/Carbon.framework/Versions/A/Frameworks/Help.framework/Versions/A/Help
0x0000000026a60000 	/System/Library/Frameworks/Carbon.framework/Versions/A/Frameworks/ImageCapture.framework/Versions/A/ImageCapture
0x0000000026a60000 	/System/Library/Frameworks/Carbon.framework/Versions/A/Frameworks/OpenScripting.framework/Versions/A/OpenScripting
0x0000000026a60000 	/System/Library/Frameworks/Carbon.framework/Versions/A/Frameworks/Print.framework/Versions/A/Print
0x0000000026a60000 	/System/Library/Frameworks/Carbon.framework/Versions/A/Frameworks/SecurityHI.framework/Versions/A/SecurityHI
0x000000010e734000 	/Library/Java/JavaVirtualMachines/jdk1.8.0_152.jdk/Contents/Home/jre/lib/libawt_lwawt.dylib
0x000000010e7ee000 	/Library/Java/JavaVirtualMachines/jdk1.8.0_152.jdk/Contents/Home/jre/lib/./libosxapp.dylib
0x0000000026a60000 	/System/Library/Frameworks/ExceptionHandling.framework/Versions/A/ExceptionHandling
0x0000000026a60000 	/System/Library/PrivateFrameworks/CoreServicesInternal.framework/Versions/A/CoreServicesInternal
0x0000000026a60000 	/System/Library/CoreServices/RawCamera.bundle/Contents/MacOS/RawCamera
0x0000000026a60000 	/System/Library/PrivateFrameworks/MobileAsset.framework/Versions/A/MobileAsset
0x0000000026a60000 	/System/Library/PrivateFrameworks/StreamingZip.framework/Versions/A/StreamingZip
0x0000000026a60000 	/System/Library/Frameworks/MediaToolbox.framework/Versions/A/MediaToolbox
0x0000000026a60000 	/System/Library/PrivateFrameworks/CoreAVCHD.framework/Versions/A/CoreAVCHD
0x0000000026a60000 	/System/Library/Frameworks/MediaAccessibility.framework/Versions/A/MediaAccessibility
0x0000000026a60000 	/System/Library/PrivateFrameworks/Mangrove.framework/Versions/A/Mangrove
0x0000000026a60000 	/System/Library/Frameworks/CoreMedia.framework/Versions/A/CoreMedia
0x0000000026a60000 	/System/Library/Frameworks/VideoToolbox.framework/Versions/A/VideoToolbox
0x0000000026a60000 	/System/Library/PrivateFrameworks/CoreAUC.framework/Versions/A/CoreAUC
0x0000000026a60000 	/usr/lib/libspindump.dylib
0x0000000026a60000 	/usr/lib/libdscsym.dylib
0x0000000026a60000 	/System/Library/PrivateFrameworks/AppleVA.framework/Versions/A/AppleVA
0x0000000026a60000 	/System/Library/Frameworks/Accelerate.framework/Versions/A/Frameworks/vImage.framework/Versions/A/Libraries/libCGInterfaces.dylib
0x0000000026a60000 	/System/Library/Frameworks/ApplicationServices.framework/Versions/A/Frameworks/ATS.framework/Versions/A/Resources/libTrueTypeScaler.dylib
0x0000000026a60000 	/System/Library/Frameworks/OpenGL.framework/Versions/A/Resources/GLEngine.bundle/GLEngine
0x0000000026a60000 	/System/Library/Frameworks/OpenGL.framework/Versions/A/Libraries/libGLProgrammability.dylib
0x0000000121714000 	/System/Library/Extensions/AppleIntelSKLGraphicsGLDriver.bundle/Contents/MacOS/AppleIntelSKLGraphicsGLDriver
0x0000000026a60000 	/System/Library/PrivateFrameworks/GPUSupport.framework/Versions/A/Libraries/libGPUSupportMercury.dylib
0x000000012273f000 	/System/Library/Extensions/AMDRadeonX4000GLDriver.bundle/Contents/MacOS/AMDRadeonX4000GLDriver
0x0000000026a60000 	/System/Library/Extensions/AMDRadeonX4000GLDriver.bundle/Contents/MacOS/ATIRadeonX4000SCLib.dylib
0x0000000026a60000 	/System/Library/Frameworks/OpenGL.framework/Versions/A/Resources/GLRendererFloat.bundle/GLRendererFloat
0x0000000026a60000 	/System/Library/Frameworks/OpenCL.framework/Versions/A/Libraries/libcldcpuengine.dylib
0x0000000026a60000 	/usr/lib/libcrypto.35.dylib
0x0000000026a60000 	/System/Library/PrivateFrameworks/TrustEvaluationAgent.framework/Versions/A/TrustEvaluationAgent
0x0000000026a60000 	/System/Library/Extensions/AppleIntelSKLGraphicsMTLDriver.bundle/Contents/MacOS/AppleIntelSKLGraphicsMTLDriver
0x0000000122852000 	/System/Library/Extensions/AMDMTLBronzeDriver.bundle/Contents/MacOS/AMDMTLBronzeDriver
0x0000000026a60000 	/System/Library/PrivateFrameworks/IOAccelMemoryInfo.framework/Versions/A/IOAccelMemoryInfo
0x0000000026a60000 	/System/Library/PrivateFrameworks/GPUCompiler.framework/Versions/3802/Libraries/libmetal_timestamp.dylib
0x0000000026a60000 	/System/Library/PrivateFrameworks/FamilyControls.framework/Versions/A/FamilyControls
0x0000000026a60000 	/System/Library/PrivateFrameworks/CommerceKit.framework/Versions/A/Frameworks/CommerceCore.framework/Versions/A/CommerceCore
0x0000000026a60000 	/System/Library/PrivateFrameworks/SystemAdministration.framework/Versions/A/SystemAdministration
0x0000000026a60000 	/System/Library/PrivateFrameworks/AppContainer.framework/Versions/A/AppContainer
0x0000000026a60000 	/System/Library/PrivateFrameworks/SecCodeWrapper.framework/Versions/A/SecCodeWrapper
0x0000000026a60000 	/System/Library/PrivateFrameworks/DiskManagement.framework/Versions/A/DiskManagement
0x0000000026a60000 	/System/Library/Frameworks/DirectoryService.framework/Versions/A/DirectoryService
0x0000000026a60000 	/System/Library/PrivateFrameworks/DiskImages.framework/Versions/A/DiskImages
0x0000000026a60000 	/System/Library/PrivateFrameworks/LoginUIKit.framework/Versions/A/Frameworks/LoginUICore.framework/Versions/A/LoginUICore
0x0000000026a60000 	/usr/lib/libCoreStorage.dylib
0x0000000026a60000 	/usr/lib/libcsfde.dylib
0x0000000026a60000 	/usr/lib/libodfde.dylib
0x0000000026a60000 	/System/Library/PrivateFrameworks/MediaKit.framework/Versions/A/MediaKit
0x0000000026a60000 	/System/Library/Frameworks/DiscRecording.framework/Versions/A/DiscRecording
0x0000000026a60000 	/System/Library/PrivateFrameworks/EFILogin.framework/Versions/A/EFILogin
0x0000000026a60000 	/System/Library/PrivateFrameworks/ProtectedCloudStorage.framework/Versions/A/ProtectedCloudStorage
0x0000000026a60000 	/usr/lib/libcurl.4.dylib
0x0000000026a60000 	/usr/lib/libssl.35.dylib
0x0000000026a60000 	/System/Library/Frameworks/LDAP.framework/Versions/A/LDAP
0x0000000026a60000 	/usr/lib/libsasl2.2.dylib
0x0000000026a60000 	/System/Library/PrivateFrameworks/CoreDaemon.framework/Versions/B/CoreDaemon
0x0000000026a60000 	/System/Library/PrivateFrameworks/AppleSRP.framework/Versions/A/AppleSRP
0x0000000123a92000 	/Library/Java/JavaVirtualMachines/jdk1.8.0_152.jdk/Contents/Home/jre/lib/libfontmanager.dylib
0x0000000123b70000 	/Library/Java/JavaVirtualMachines/jdk1.8.0_152.jdk/Contents/Home/jre/lib/libosxui.dylib
0x0000000124936000 	/Users/pierlim/IdeaProjects/Clips_Project/src/CLIPSJNI/libCLIPSJNI.jnilib
0x0000000026a60000 	/System/Library/PrivateFrameworks/ViewBridge.framework/Versions/A/ViewBridge
0x00000001253a1000 	/Library/Java/JavaVirtualMachines/jdk1.8.0_152.jdk/Contents/Home/jre/lib/libnio.dylib

VM Arguments:
jvm_args: -Djava.library.path=/Users/pierlim/IdeaProjects/Clips_Project/src/CLIPSJNI -javaagent:/Applications/IntelliJ IDEA.app/Contents/lib/idea_rt.jar=49631:/Applications/IntelliJ IDEA.app/Contents/bin -Dfile.encoding=UTF-8 
java_command: CharityRecommender
java_class_path (initial): /Library/Java/JavaVirtualMachines/jdk1.8.0_152.jdk/Contents/Home/jre/lib/charsets.jar:/Library/Java/JavaVirtualMachines/jdk1.8.0_152.jdk/Contents/Home/jre/lib/deploy.jar:/Library/Java/JavaVirtualMachines/jdk1.8.0_152.jdk/Contents/Home/jre/lib/ext/cldrdata.jar:/Library/Java/JavaVirtualMachines/jdk1.8.0_152.jdk/Contents/Home/jre/lib/ext/dnsns.jar:/Library/Java/JavaVirtualMachines/jdk1.8.0_152.jdk/Contents/Home/jre/lib/ext/jaccess.jar:/Library/Java/JavaVirtualMachines/jdk1.8.0_152.jdk/Contents/Home/jre/lib/ext/jfxrt.jar:/Library/Java/JavaVirtualMachines/jdk1.8.0_152.jdk/Contents/Home/jre/lib/ext/localedata.jar:/Library/Java/JavaVirtualMachines/jdk1.8.0_152.jdk/Contents/Home/jre/lib/ext/nashorn.jar:/Library/Java/JavaVirtualMachines/jdk1.8.0_152.jdk/Contents/Home/jre/lib/ext/sunec.jar:/Library/Java/JavaVirtualMachines/jdk1.8.0_152.jdk/Contents/Home/jre/lib/ext/sunjce_provider.jar:/Library/Java/JavaVirtualMachines/jdk1.8.0_152.jdk/Contents/Home/jre/lib/ext/sunpkcs11.jar:/Library/Java/JavaVirtualMachines/jdk1.8.0_152.jdk/Contents/Home/jre/lib/ext/zipfs.jar:/Library/Java/JavaVirtualMachines/jdk1.8.0_152.jdk/Contents/Home/jre/lib/javaws.jar:/Library/Java/JavaVirtualMachines/jdk1.8.0_152.jdk/Contents/Home/jre/lib/jce.jar:/Library/Java/JavaVirtualMachines/jdk1.8.0_152.jdk/Contents/Home/jre/lib/jfr.jar:/Library/Java/JavaVirtualMachines/jdk1.8.0_152.jdk/Contents/Home/jre/lib/jfxswt.jar:/Library/Java/JavaVirtualMachines/jdk1.8.0_152.jdk/Contents/Home/jre/lib/jsse.jar:/Library/Java/JavaVirtualMachines/jdk1.8.0_152.jdk/Contents/Home/jre/lib/management-agent.jar:/Library/Java/JavaVirtualMachines/jdk1.8.0_152.jdk/Contents/Home/jre/lib/plugin.jar:/Library/Java/JavaVirtualMachines/jdk1.8.0_152.jdk/Contents/Home/jre/lib/resources.jar:/Library/Java/JavaVirtualMachines/jdk1.8.0_152.jdk/Contents/Home/jre/lib/rt.jar:/Library/Java/JavaVirtualMachines/jdk1.8.0_152.jdk/Contents/Home/lib/ant-javafx.jar:/Library/Java/JavaVirtualMachines/jdk1.8.0_152.jdk/Contents/Home
Launcher Type: SUN_STANDARD

Environment Variables:
PATH=/usr/local/bin:/usr/local/bin:/opt/local/bin:/opt/local/sbin:/Users/pierlim/anaconda/bin:/Users/pierlim/miniconda2/bin:/usr/local/bin:/usr/bin:/bin:/usr/sbin:/sbin:/opt/X11/bin
SHELL=/bin/bash
DISPLAY=/private/tmp/com.apple.launchd.OhAckoYu1n/org.macosforge.xquartz:0

Signal Handlers:
SIGSEGV: [libjvm.dylib+0x5b494d], sa_mask[0]=11111111011111110111111111111111, sa_flags=SA_ONSTACK|SA_RESTART|SA_SIGINFO
SIGBUS: [libjvm.dylib+0x5b494d], sa_mask[0]=11111111011111110111111111111111, sa_flags=SA_RESTART|SA_SIGINFO
SIGFPE: [libjvm.dylib+0x48ab54], sa_mask[0]=11111111011111110111111111111111, sa_flags=SA_RESTART|SA_SIGINFO
SIGPIPE: [libjvm.dylib+0x48ab54], sa_mask[0]=11111111011111110111111111111111, sa_flags=SA_RESTART|SA_SIGINFO
SIGXFSZ: [libjvm.dylib+0x48ab54], sa_mask[0]=11111111011111110111111111111111, sa_flags=SA_RESTART|SA_SIGINFO
SIGILL: [libjvm.dylib+0x48ab54], sa_mask[0]=11111111011111110111111111111111, sa_flags=SA_RESTART|SA_SIGINFO
SIGUSR1: SIG_DFL, sa_mask[0]=00000000000000000000000000000000, sa_flags=none
SIGUSR2: [libjvm.dylib+0x48a672], sa_mask[0]=00100000000000000000000000000000, sa_flags=SA_RESTART|SA_SIGINFO
SIGHUP: [libjvm.dylib+0x488c49], sa_mask[0]=11111111011111110111111111111111, sa_flags=SA_RESTART|SA_SIGINFO
SIGINT: [libjvm.dylib+0x488c49], sa_mask[0]=11111111011111110111111111111111, sa_flags=SA_RESTART|SA_SIGINFO
SIGTERM: [libjvm.dylib+0x488c49], sa_mask[0]=11111111011111110111111111111111, sa_flags=SA_RESTART|SA_SIGINFO
SIGQUIT: [libjvm.dylib+0x488c49], sa_mask[0]=11111111011111110111111111111111, sa_flags=SA_RESTART|SA_SIGINFO


---------------  S Y S T E M  ---------------

OS:Bsduname:Darwin 17.4.0 Darwin Kernel Version 17.4.0: Sun Dec 17 09:19:54 PST 2017; root:xnu-4570.41.2~1/RELEASE_X86_64 x86_64
rlimit: STACK 8192k, CORE 0k, NPROC 1418, NOFILE 10240, AS infinity
load average:2.09 2.24 2.16

CPU:total 8 (initial active 8) (4 cores per cpu, 2 threads per core) family 6 model 94 stepping 3, cmov, cx8, fxsr, mmx, sse, sse2, sse3, ssse3, sse4.1, sse4.2, popcnt, avx, avx2, aes, clmul, erms, rtm, 3dnowpref, lzcnt, ht, tsc, tscinvbit, bmi1, bmi2, adx

Memory: 4k page, physical 16777216k(433916k free)

/proc/meminfo:


vm_info: Java HotSpot(TM) 64-Bit Server VM (25.152-b16) for bsd-amd64 JRE (1.8.0_152-b16), built on Sep 14 2017 02:31:13 by "java_re" with gcc 4.2.1 (Based on Apple Inc. build 5658) (LLVM build 2336.11.00)

time: Wed Feb 14 23:32:19 2018
elapsed time: 9 seconds (0d 0h 0m 9s)

