#
# A fatal error has been detected by the Java Runtime Environment:
#
#  SIGSEGV (0xb) at pc=0x000000012a9df589, pid=91161, tid=0x0000000000013b0f
#
# JRE version: Java(TM) SE Runtime Environment (8.0_152-b16) (build 1.8.0_152-b16)
# Java VM: Java HotSpot(TM) 64-Bit Server VM (25.152-b16 mixed mode bsd-amd64 compressed oops)
# Problematic frame:
# C  [libCLIPSJNI.jnilib+0xb8589]  Java_net_sf_clipsrules_jni_Environment_getFactList+0x129
#
# Failed to write core dump. Core dumps have been disabled. To enable core dumping, try "ulimit -c unlimited" before starting Java again
#
# If you would like to submit a bug report, please visit:
#   http://bugreport.java.com/bugreport/crash.jsp
# The crash happened outside the Java Virtual Machine in native code.
# See problematic frame for where to report the bug.
#

---------------  T H R E A D  ---------------

Current thread (0x00007fc262958000):  JavaThread "AWT-EventQueue-0" [_thread_in_native, id=80655, stack(0x0000700005af6000,0x0000700005bf6000)]

siginfo: si_signo: 11 (SIGSEGV), si_code: 1 (SEGV_MAPERR), si_addr: 0x0000000000000021

Registers:
RAX=0x0000000000000001, RBX=0x00007fc262677e70, RCX=0x0000000000000000, RDX=0x0000000000000004
RSP=0x0000700005bf4560, RBP=0x0000700005bf4650, RSI=0x0000000000000007, RDI=0x0000700005bf4520
R8 =0x0000000107ad96e0, R9 =0x0000700005bf4288, R10=0x0000000000000000, R11=0x000000012a9e5434
R12=0x00007fc262677e70, R13=0x00007fc263b8c580, R14=0x00007fc262577cf0, R15=0x00007fc2629581f8
RIP=0x000000012a9df589, EFLAGS=0x0000000000010246, ERR=0x0000000000000004
  TRAPNO=0x000000000000000e

Top of Stack: (sp=0x0000700005bf4560)
0x0000700005bf4560:   00007fc262577d38 000000012a7dd438
0x0000700005bf4570:   00007fc2624702f0 0000700005bf4620
0x0000700005bf4580:   0000700005bf45a0 00000001073f3d8e
0x0000700005bf4590:   00007fc262958000 00007fc26246f4c0
0x0000700005bf45a0:   0000700005bf4660 00000001074e8738
0x0000700005bf45b0:   0000700005bf4678 00007fc2624702f0
0x0000700005bf45c0:   00007fc263b8c580 00007fc262677e70
0x0000700005bf45d0:   00007fc262677e70 00007fc262577ce8
0x0000700005bf45e0:   0000000062958000 00007fc263bb3f20
0x0000700005bf45f0:   0000000000000000 00007fc262577c90
0x0000700005bf4600:   0000000100352d66 0000000100000000
0x0000700005bf4610:   0000700005bf46b8 0000700005bf4678
0x0000700005bf4620:   faef992bf995007c 000000012a7dd438
0x0000700005bf4630:   0000000000000000 000000012a7dd430
0x0000700005bf4640:   0000700005bf46e8 00007fc262958000
0x0000700005bf4650:   0000700005bf46b8 00000001156f0c84
0x0000700005bf4660:   0000700005bf46b8 00000001156f089b
0x0000700005bf4670:   00000001156f0859 0000700005bf4678
0x0000700005bf4680:   000000012a7dd430 0000700005bf46e8
0x0000700005bf4690:   000000012a7e2868 0000000000000000
0x0000700005bf46a0:   000000012a7dd438 0000000000000000
0x0000700005bf46b0:   0000700005bf46d8 0000700005bf4730
0x0000700005bf46c0:   00000001156d90c0 0000000000000000
0x0000700005bf46d0:   00000001156e747b 00007fc262677e70
0x0000700005bf46e0:   00000001156e75e5 000000076bdf0360
0x0000700005bf46f0:   0000700005bf46f0 000000012a7dd4d5
0x0000700005bf4700:   0000700005bf4740 000000012a7e2868
0x0000700005bf4710:   0000000000000000 000000012a7dd4e0
0x0000700005bf4720:   0000700005bf46d8 0000700005bf4740
0x0000700005bf4730:   0000700005bf4790 00000001156d90c0
0x0000700005bf4740:   000000076bdf0360 000000076b936a80
0x0000700005bf4750:   0000700005bf4750 0000000111f2307f 

Instructions: (pc=0x000000012a9df589)
0x000000012a9df569:   08 00 4c 89 ad 70 ff ff ff 0f 84 90 01 00 00 31
0x000000012a9df579:   c9 66 0f 1f 44 00 00 48 89 4d a0 48 8b 44 c8 18
0x000000012a9df589:   4c 8b 70 20 4c 89 e7 4c 89 ee 4c 89 f2 48 8d 9d
0x000000012a9df599:   68 ff ff ff 48 89 d9 e8 0b c4 f7 ff 48 89 df 48 

Register to memory mapping:

RAX=0x0000000000000001 is an unknown value
RBX=0x00007fc262677e70 is an unknown value
RCX=0x0000000000000000 is an unknown value
RDX=0x0000000000000004 is an unknown value
RSP=0x0000700005bf4560 is pointing into the stack for thread: 0x00007fc262958000
RBP=0x0000700005bf4650 is pointing into the stack for thread: 0x00007fc262958000
RSI=0x0000000000000007 is an unknown value
RDI=0x0000700005bf4520 is pointing into the stack for thread: 0x00007fc262958000
R8 =0x0000000107ad96e0: _ZTV13ObjArrayKlass+0x10 in /Library/Java/JavaVirtualMachines/jdk1.8.0_152.jdk/Contents/Home/jre/lib/server/libjvm.dylib at 0x0000000107200000
R9 =0x0000700005bf4288 is pointing into the stack for thread: 0x00007fc262958000
R10=0x0000000000000000 is an unknown value
R11=0x000000012a9e5434: DeallocateJNIData+0xb74 in /Users/pierlim/IdeaProjects/Clips_Project/src/CLIPSJNI/libCLIPSJNI.jnilib at 0x000000012a927000
R12=0x00007fc262677e70 is an unknown value
R13=0x00007fc263b8c580 is an unknown value
R14=0x00007fc262577cf0 is an unknown value
R15=0x00007fc2629581f8 is an unknown value


Stack: [0x0000700005af6000,0x0000700005bf6000],  sp=0x0000700005bf4560,  free space=1017k
Native frames: (J=compiled Java code, j=interpreted, Vv=VM code, C=native code)
C  [libCLIPSJNI.jnilib+0xb8589]  Java_net_sf_clipsrules_jni_Environment_getFactList+0x129
j  net.sf.clipsrules.jni.Environment.getFactList(J)Ljava/util/List;+0
j  net.sf.clipsrules.jni.Environment.getFactList()Ljava/util/List;+5
j  CharityRecommender.processRules()V+63
j  CharityRecommender.<init>()V+528
j  CharityRecommender$2.run()V+4
j  java.awt.event.InvocationEvent.dispatch$$$capture()V+47
j  java.awt.event.InvocationEvent.dispatch()V+8
j  java.awt.EventQueue.dispatchEventImpl(Ljava/awt/AWTEvent;Ljava/lang/Object;)V+21
j  java.awt.EventQueue.access$500(Ljava/awt/EventQueue;Ljava/awt/AWTEvent;Ljava/lang/Object;)V+3
j  java.awt.EventQueue$3.run()Ljava/lang/Void;+32
j  java.awt.EventQueue$3.run()Ljava/lang/Object;+1
v  ~StubRoutines::call_stub
V  [libjvm.dylib+0x2ef7b2]
V  [libjvm.dylib+0x34ff7c]
j  java.security.AccessController.doPrivileged(Ljava/security/PrivilegedAction;Ljava/security/AccessControlContext;)Ljava/lang/Object;+0
j  java.security.ProtectionDomain$JavaSecurityAccessImpl.doIntersectionPrivilege(Ljava/security/PrivilegedAction;Ljava/security/AccessControlContext;Ljava/security/AccessControlContext;)Ljava/lang/Object;+18
j  java.awt.EventQueue.dispatchEvent(Ljava/awt/AWTEvent;)V+46
j  java.awt.EventDispatchThread.pumpOneEventForFilters(I)V+245
j  java.awt.EventDispatchThread.pumpEventsForFilter(ILjava/awt/Conditional;Ljava/awt/EventFilter;)V+35
j  java.awt.EventDispatchThread.pumpEventsForHierarchy(ILjava/awt/Conditional;Ljava/awt/Component;)V+11
j  java.awt.EventDispatchThread.pumpEvents(ILjava/awt/Conditional;)V+4
j  java.awt.EventDispatchThread.pumpEvents(Ljava/awt/Conditional;)V+3
j  java.awt.EventDispatchThread.run()V+9
v  ~StubRoutines::call_stub
V  [libjvm.dylib+0x2ef7b2]
V  [libjvm.dylib+0x2eff56]
V  [libjvm.dylib+0x2f0102]
V  [libjvm.dylib+0x34a8c5]
V  [libjvm.dylib+0x56e327]
V  [libjvm.dylib+0x56fa14]
V  [libjvm.dylib+0x48d542]
C  [libsystem_pthread.dylib+0x36c1]  _pthread_body+0x154
C  [libsystem_pthread.dylib+0x356d]  _pthread_body+0x0
C  [libsystem_pthread.dylib+0x2c5d]  thread_start+0xd
C  0x0000000000000000

Java frames: (J=compiled Java code, j=interpreted, Vv=VM code)
j  net.sf.clipsrules.jni.Environment.getFactList(J)Ljava/util/List;+0
j  net.sf.clipsrules.jni.Environment.getFactList()Ljava/util/List;+5
j  CharityRecommender.processRules()V+63
j  CharityRecommender.<init>()V+528
j  CharityRecommender$2.run()V+4
j  java.awt.event.InvocationEvent.dispatch$$$capture()V+47
j  java.awt.event.InvocationEvent.dispatch()V+8
j  java.awt.EventQueue.dispatchEventImpl(Ljava/awt/AWTEvent;Ljava/lang/Object;)V+21
j  java.awt.EventQueue.access$500(Ljava/awt/EventQueue;Ljava/awt/AWTEvent;Ljava/lang/Object;)V+3
j  java.awt.EventQueue$3.run()Ljava/lang/Void;+32
j  java.awt.EventQueue$3.run()Ljava/lang/Object;+1
v  ~StubRoutines::call_stub
j  java.security.AccessController.doPrivileged(Ljava/security/PrivilegedAction;Ljava/security/AccessControlContext;)Ljava/lang/Object;+0
j  java.security.ProtectionDomain$JavaSecurityAccessImpl.doIntersectionPrivilege(Ljava/security/PrivilegedAction;Ljava/security/AccessControlContext;Ljava/security/AccessControlContext;)Ljava/lang/Object;+18
j  java.awt.EventQueue.dispatchEvent(Ljava/awt/AWTEvent;)V+46
j  java.awt.EventDispatchThread.pumpOneEventForFilters(I)V+245
j  java.awt.EventDispatchThread.pumpEventsForFilter(ILjava/awt/Conditional;Ljava/awt/EventFilter;)V+35
j  java.awt.EventDispatchThread.pumpEventsForHierarchy(ILjava/awt/Conditional;Ljava/awt/Component;)V+11
j  java.awt.EventDispatchThread.pumpEvents(ILjava/awt/Conditional;)V+4
j  java.awt.EventDispatchThread.pumpEvents(Ljava/awt/Conditional;)V+3
j  java.awt.EventDispatchThread.run()V+9
v  ~StubRoutines::call_stub

---------------  P R O C E S S  ---------------

Java Threads: ( => current thread )
  0x00007fc265197000 JavaThread "Java2D Disposer" daemon [_thread_blocked, id=74251, stack(0x0000700005cfc000,0x0000700005dfc000)]
  0x00007fc263148000 JavaThread "Java2D Queue Flusher" daemon [_thread_blocked, id=75031, stack(0x0000700005bf9000,0x0000700005cf9000)]
  0x00007fc265800800 JavaThread "DestroyJavaVM" [_thread_blocked, id=10243, stack(0x00007000041a5000,0x00007000042a5000)]
=>0x00007fc262958000 JavaThread "AWT-EventQueue-0" [_thread_in_native, id=80655, stack(0x0000700005af6000,0x0000700005bf6000)]
  0x00007fc26513f000 JavaThread "AWT-Shutdown" [_thread_blocked, id=36651, stack(0x00007000057e7000,0x00007000058e7000)]
  0x00007fc265876800 JavaThread "AppKit Thread" daemon [_thread_in_native, id=775, stack(0x00007ffee93a5000,0x00007ffee9ba5000)]
  0x00007fc266810000 JavaThread "Service Thread" daemon [_thread_blocked, id=22275, stack(0x00007000055e1000,0x00007000056e1000)]
  0x00007fc263028800 JavaThread "C1 CompilerThread3" daemon [_thread_blocked, id=22019, stack(0x00007000054de000,0x00007000055de000)]
  0x00007fc263028000 JavaThread "C2 CompilerThread2" daemon [_thread_blocked, id=15619, stack(0x00007000053db000,0x00007000054db000)]
  0x00007fc263027000 JavaThread "C2 CompilerThread1" daemon [_thread_blocked, id=16131, stack(0x00007000052d8000,0x00007000053d8000)]
  0x00007fc263026800 JavaThread "C2 CompilerThread0" daemon [_thread_blocked, id=16643, stack(0x00007000051d5000,0x00007000052d5000)]
  0x00007fc264004000 JavaThread "JDWP Command Reader" daemon [_thread_in_native, id=16899, stack(0x00007000050d2000,0x00007000051d2000)]
  0x00007fc26500a000 JavaThread "JDWP Event Helper Thread" daemon [_thread_blocked, id=14851, stack(0x0000700004fcf000,0x00007000050cf000)]
  0x00007fc26500b000 JavaThread "JDWP Transport Listener: dt_socket" daemon [_thread_blocked, id=14343, stack(0x0000700004ecc000,0x0000700004fcc000)]
  0x00007fc262802000 JavaThread "Signal Dispatcher" daemon [_thread_blocked, id=14091, stack(0x0000700004dc9000,0x0000700004ec9000)]
  0x00007fc265001000 JavaThread "Finalizer" daemon [_thread_blocked, id=12291, stack(0x0000700004cc6000,0x0000700004dc6000)]
  0x00007fc26585f800 JavaThread "Reference Handler" daemon [_thread_blocked, id=19203, stack(0x0000700004bc3000,0x0000700004cc3000)]

Other Threads:
  0x00007fc26585a800 VMThread [stack: 0x0000700004ac0000,0x0000700004bc0000] [id=19459]
  0x00007fc265846800 WatcherThread [stack: 0x00007000056e4000,0x00007000057e4000] [id=22531]

VM state:not at safepoint (normal execution)

VM Mutex/Monitor currently owned by a thread: None

Heap:
 PSYoungGen      total 76288K, used 23698K [0x000000076ab00000, 0x0000000770000000, 0x00000007c0000000)
  eden space 65536K, 36% used [0x000000076ab00000,0x000000076c224a98,0x000000076eb00000)
  from space 10752K, 0% used [0x000000076f580000,0x000000076f580000,0x0000000770000000)
  to   space 10752K, 0% used [0x000000076eb00000,0x000000076eb00000,0x000000076f580000)
 ParOldGen       total 175104K, used 0K [0x00000006c0000000, 0x00000006cab00000, 0x000000076ab00000)
  object space 175104K, 0% used [0x00000006c0000000,0x00000006c0000000,0x00000006cab00000)
 Metaspace       used 10290K, capacity 10456K, committed 10496K, reserved 1058816K
  class space    used 1200K, capacity 1251K, committed 1280K, reserved 1048576K

Card table byte_map: [0x000000010856c000,0x0000000108d6d000] byte_map_base: 0x0000000104f6c000

Marking Bits: (ParMarkBitMap*) 0x0000000107af66c0
 Begin Bits: [0x00000001092c3000, 0x000000010d2c3000)
 End Bits:   [0x000000010d2c3000, 0x00000001112c3000)

Polling page: 0x00000001060e0000

CodeCache: size=245760Kb used=2363Kb max_used=2375Kb free=243396Kb
 bounds [0x00000001156d1000, 0x0000000115941000, 0x00000001246d1000]
 total_blobs=922 nmethods=492 adapters=352
 compilation: enabled

Compilation events (10 events):
Event: 1.054 Thread 0x00007fc263026800  487       4       java.nio.HeapCharBuffer::get (15 bytes)
Event: 1.055 Thread 0x00007fc263026800 nmethod 487 0x0000000115919910 code [0x0000000115919a60, 0x0000000115919b98]
Event: 1.065 Thread 0x00007fc263027000 nmethod 467 0x000000011591e410 code [0x000000011591e720, 0x000000011591fe58]
Event: 1.069 Thread 0x00007fc263028000 nmethod 464 0x0000000115921b50 code [0x0000000115921e60, 0x0000000115923948]
Event: 2.886 Thread 0x00007fc263028800  490       3       java.lang.Math::max (11 bytes)
Event: 2.887 Thread 0x00007fc263028800 nmethod 490 0x0000000115915210 code [0x0000000115915380, 0x0000000115915510]
Event: 7.783 Thread 0x00007fc263028800  492       3       java.lang.Integer::stringSize (21 bytes)
Event: 7.783 Thread 0x00007fc263028800 nmethod 492 0x0000000115917190 code [0x0000000115917300, 0x0000000115917510]
Event: 7.783 Thread 0x00007fc263028800  491   !   3       java.util.zip.ZipFile$ZipFileInputStream::close (110 bytes)
Event: 7.784 Thread 0x00007fc263028800 nmethod 491 0x0000000115916350 code [0x0000000115916520, 0x0000000115916d98]

GC Heap History (0 events):
No events

Deoptimization events (1 events):
Event: 0.459 Thread 0x00007fc265800800 Uncommon trap: reason=unstable_if action=reinterpret pc=0x000000011585cb38 method=org.sqlite.SQLiteJDBCLoader.contentsEquals(Ljava/io/InputStream;Ljava/io/InputStream;)Z @ 39

Classes redefined (0 events):
No events

Internal exceptions (10 events):
Event: 0.038 Thread 0x00007fc265800800 Exception <a 'java/lang/NoSuchMethodError': Method sun.misc.Unsafe.defineClass(Ljava/lang/String;[BII)Ljava/lang/Class; name or signature does not match> (0x000000076ab07ca8) thrown at [/Users/java_re/workspace/8-2-build-macosx-x86_64/jdk8u152/9742/hotspo
Event: 0.038 Thread 0x00007fc265800800 Exception <a 'java/lang/NoSuchMethodError': Method sun.misc.Unsafe.prefetchRead(Ljava/lang/Object;J)V name or signature does not match> (0x000000076ab07f90) thrown at [/Users/java_re/workspace/8-2-build-macosx-x86_64/jdk8u152/9742/hotspot/src/share/vm/pri
Event: 0.214 Thread 0x00007fc265800800 Exception <a 'java/security/PrivilegedActionException'> (0x000000076aeba4f0) thrown at [/Users/java_re/workspace/8-2-build-macosx-x86_64/jdk8u152/9742/hotspot/src/share/vm/prims/jvm.cpp, line 1390]
Event: 0.214 Thread 0x00007fc265800800 Exception <a 'java/security/PrivilegedActionException'> (0x000000076aeba700) thrown at [/Users/java_re/workspace/8-2-build-macosx-x86_64/jdk8u152/9742/hotspot/src/share/vm/prims/jvm.cpp, line 1390]
Event: 0.215 Thread 0x00007fc265800800 Exception <a 'java/security/PrivilegedActionException'> (0x000000076aebda30) thrown at [/Users/java_re/workspace/8-2-build-macosx-x86_64/jdk8u152/9742/hotspot/src/share/vm/prims/jvm.cpp, line 1390]
Event: 0.215 Thread 0x00007fc265800800 Exception <a 'java/security/PrivilegedActionException'> (0x000000076aebdc40) thrown at [/Users/java_re/workspace/8-2-build-macosx-x86_64/jdk8u152/9742/hotspot/src/share/vm/prims/jvm.cpp, line 1390]
Event: 0.555 Thread 0x00007fc265800800 Exception <a 'java/lang/NoSuchFieldError': method resolution failed> (0x000000076b61f530) thrown at [/Users/java_re/workspace/8-2-build-macosx-x86_64/jdk8u152/9742/hotspot/src/share/vm/prims/methodHandles.cpp, line 1167]
Event: 0.558 Thread 0x00007fc265800800 Exception <a 'java/lang/NoSuchFieldError': method resolution failed> (0x000000076b62d748) thrown at [/Users/java_re/workspace/8-2-build-macosx-x86_64/jdk8u152/9742/hotspot/src/share/vm/prims/methodHandles.cpp, line 1167]
Event: 0.821 Thread 0x00007fc265800800 Exception <a 'java/io/FileNotFoundException'> (0x000000076b6cf5f0) thrown at [/Users/java_re/workspace/8-2-build-macosx-x86_64/jdk8u152/9742/hotspot/src/share/vm/prims/jni.cpp, line 709]
Event: 0.822 Thread 0x00007fc265800800 Exception <a 'java/io/FileNotFoundException'> (0x000000076b6d0160) thrown at [/Users/java_re/workspace/8-2-build-macosx-x86_64/jdk8u152/9742/hotspot/src/share/vm/prims/jni.cpp, line 709]

Events (10 events):
Event: 7.787 Executing VM operation: ForceSafepoint
Event: 7.787 Executing VM operation: ForceSafepoint done
Event: 8.185 Executing VM operation: EnterInterpOnlyMode
Event: 8.185 Executing VM operation: EnterInterpOnlyMode done
Event: 8.185 Executing VM operation: GetCurrentLocation
Event: 8.185 Executing VM operation: GetCurrentLocation done
Event: 8.185 Executing VM operation: ChangeSingleStep
Event: 8.185 Executing VM operation: ChangeSingleStep done
Event: 8.186 Executing VM operation: ChangeSingleStep
Event: 8.186 Executing VM operation: ChangeSingleStep done


Dynamic libraries:
0x0000000026a60000 	/System/Library/Frameworks/Cocoa.framework/Versions/A/Cocoa
0x0000000026a60000 	/System/Library/Frameworks/Security.framework/Versions/A/Security
0x0000000026a60000 	/System/Library/Frameworks/ApplicationServices.framework/Versions/A/ApplicationServices
0x0000000026a60000 	/usr/lib/libz.1.dylib
0x0000000026a60000 	/usr/lib/libSystem.B.dylib
0x0000000026a60000 	/usr/lib/libobjc.A.dylib
0x0000000026a60000 	/System/Library/Frameworks/CoreFoundation.framework/Versions/A/CoreFoundation
0x0000000026a60000 	/System/Library/Frameworks/Foundation.framework/Versions/C/Foundation
0x0000000026a60000 	/System/Library/Frameworks/AppKit.framework/Versions/C/AppKit
0x0000000026a60000 	/System/Library/Frameworks/CoreData.framework/Versions/A/CoreData
0x0000000026a60000 	/System/Library/PrivateFrameworks/RemoteViewServices.framework/Versions/A/RemoteViewServices
0x0000000026a60000 	/System/Library/PrivateFrameworks/UIFoundation.framework/Versions/A/UIFoundation
0x0000000026a60000 	/System/Library/PrivateFrameworks/DFRFoundation.framework/Versions/A/DFRFoundation
0x0000000026a60000 	/System/Library/Frameworks/Metal.framework/Versions/A/Metal
0x0000000026a60000 	/System/Library/PrivateFrameworks/DesktopServicesPriv.framework/Versions/A/DesktopServicesPriv
0x0000000026a60000 	/usr/lib/libenergytrace.dylib
0x0000000026a60000 	/System/Library/PrivateFrameworks/SkyLight.framework/Versions/A/SkyLight
0x0000000026a60000 	/System/Library/Frameworks/CoreGraphics.framework/Versions/A/CoreGraphics
0x0000000026a60000 	/usr/lib/libScreenReader.dylib
0x0000000026a60000 	/System/Library/Frameworks/Accelerate.framework/Versions/A/Accelerate
0x0000000026a60000 	/System/Library/Frameworks/IOSurface.framework/Versions/A/IOSurface
0x0000000026a60000 	/System/Library/Frameworks/AudioToolbox.framework/Versions/A/AudioToolbox
0x0000000026a60000 	/System/Library/Frameworks/AudioUnit.framework/Versions/A/AudioUnit
0x0000000026a60000 	/System/Library/PrivateFrameworks/DataDetectorsCore.framework/Versions/A/DataDetectorsCore
0x0000000026a60000 	/System/Library/Frameworks/Carbon.framework/Versions/A/Frameworks/HIToolbox.framework/Versions/A/HIToolbox
0x0000000026a60000 	/usr/lib/libicucore.A.dylib
0x0000000026a60000 	/System/Library/Frameworks/QuartzCore.framework/Versions/A/QuartzCore
0x0000000026a60000 	/System/Library/Frameworks/Carbon.framework/Versions/A/Frameworks/SpeechRecognition.framework/Versions/A/SpeechRecognition
0x0000000026a60000 	/usr/lib/libauto.dylib
0x0000000026a60000 	/usr/lib/libxml2.2.dylib
0x0000000026a60000 	/System/Library/PrivateFrameworks/CoreUI.framework/Versions/A/CoreUI
0x0000000026a60000 	/System/Library/Frameworks/CoreAudio.framework/Versions/A/CoreAudio
0x0000000026a60000 	/System/Library/Frameworks/DiskArbitration.framework/Versions/A/DiskArbitration
0x0000000026a60000 	/usr/lib/liblangid.dylib
0x0000000026a60000 	/System/Library/PrivateFrameworks/MultitouchSupport.framework/Versions/A/MultitouchSupport
0x0000000026a60000 	/System/Library/Frameworks/IOKit.framework/Versions/A/IOKit
0x0000000026a60000 	/usr/lib/libDiagnosticMessagesClient.dylib
0x0000000026a60000 	/System/Library/Frameworks/CoreServices.framework/Versions/A/CoreServices
0x0000000026a60000 	/System/Library/PrivateFrameworks/PerformanceAnalysis.framework/Versions/A/PerformanceAnalysis
0x0000000026a60000 	/System/Library/Frameworks/OpenGL.framework/Versions/A/OpenGL
0x0000000026a60000 	/System/Library/Frameworks/ColorSync.framework/Versions/A/ColorSync
0x0000000026a60000 	/System/Library/Frameworks/CoreImage.framework/Versions/A/CoreImage
0x0000000026a60000 	/System/Library/Frameworks/CoreText.framework/Versions/A/CoreText
0x0000000026a60000 	/System/Library/Frameworks/ImageIO.framework/Versions/A/ImageIO
0x0000000026a60000 	/System/Library/PrivateFrameworks/Backup.framework/Versions/A/Backup
0x0000000026a60000 	/usr/lib/libarchive.2.dylib
0x0000000026a60000 	/System/Library/Frameworks/CFNetwork.framework/Versions/A/CFNetwork
0x0000000026a60000 	/System/Library/Frameworks/SystemConfiguration.framework/Versions/A/SystemConfiguration
0x0000000026a60000 	/usr/lib/libCRFSuite.dylib
0x0000000026a60000 	/usr/lib/libc++.1.dylib
0x0000000026a60000 	/usr/lib/libc++abi.dylib
0x0000000026a60000 	/usr/lib/system/libcache.dylib
0x0000000026a60000 	/usr/lib/system/libcommonCrypto.dylib
0x0000000026a60000 	/usr/lib/system/libcompiler_rt.dylib
0x0000000026a60000 	/usr/lib/system/libcopyfile.dylib
0x0000000026a60000 	/usr/lib/system/libcorecrypto.dylib
0x0000000026a60000 	/usr/lib/system/libdispatch.dylib
0x0000000026a60000 	/usr/lib/system/libdyld.dylib
0x0000000026a60000 	/usr/lib/system/libkeymgr.dylib
0x0000000026a60000 	/usr/lib/system/liblaunch.dylib
0x0000000026a60000 	/usr/lib/system/libmacho.dylib
0x0000000026a60000 	/usr/lib/system/libquarantine.dylib
0x0000000026a60000 	/usr/lib/system/libremovefile.dylib
0x0000000026a60000 	/usr/lib/system/libsystem_asl.dylib
0x0000000026a60000 	/usr/lib/system/libsystem_blocks.dylib
0x0000000026a60000 	/usr/lib/system/libsystem_c.dylib
0x0000000026a60000 	/usr/lib/system/libsystem_configuration.dylib
0x0000000026a60000 	/usr/lib/system/libsystem_coreservices.dylib
0x0000000026a60000 	/usr/lib/system/libsystem_darwin.dylib
0x0000000026a60000 	/usr/lib/system/libsystem_dnssd.dylib
0x0000000026a60000 	/usr/lib/system/libsystem_info.dylib
0x0000000026a60000 	/usr/lib/system/libsystem_m.dylib
0x0000000026a60000 	/usr/lib/system/libsystem_malloc.dylib
0x0000000026a60000 	/usr/lib/system/libsystem_network.dylib
0x0000000026a60000 	/usr/lib/system/libsystem_networkextension.dylib
0x0000000026a60000 	/usr/lib/system/libsystem_notify.dylib
0x0000000026a60000 	/usr/lib/system/libsystem_sandbox.dylib
0x0000000026a60000 	/usr/lib/system/libsystem_secinit.dylib
0x0000000026a60000 	/usr/lib/system/libsystem_kernel.dylib
0x0000000026a60000 	/usr/lib/system/libsystem_platform.dylib
0x0000000026a60000 	/usr/lib/system/libsystem_pthread.dylib
0x0000000026a60000 	/usr/lib/system/libsystem_symptoms.dylib
0x0000000026a60000 	/usr/lib/system/libsystem_trace.dylib
0x0000000026a60000 	/usr/lib/system/libunwind.dylib
0x0000000026a60000 	/usr/lib/system/libxpc.dylib
0x0000000026a60000 	/usr/lib/closure/libclosured.dylib
0x0000000026a60000 	/usr/lib/libbsm.0.dylib
0x0000000026a60000 	/usr/lib/system/libkxld.dylib
0x0000000026a60000 	/usr/lib/libOpenScriptingUtil.dylib
0x0000000026a60000 	/usr/lib/libcoretls.dylib
0x0000000026a60000 	/usr/lib/libcoretls_cfhelpers.dylib
0x0000000026a60000 	/usr/lib/libpam.2.dylib
0x0000000026a60000 	/usr/lib/libsqlite3.dylib
0x0000000026a60000 	/usr/lib/libxar.1.dylib
0x0000000026a60000 	/usr/lib/libbz2.1.0.dylib
0x0000000026a60000 	/usr/lib/liblzma.5.dylib
0x0000000026a60000 	/usr/lib/libnetwork.dylib
0x0000000026a60000 	/usr/lib/libapple_nghttp2.dylib
0x0000000026a60000 	/usr/lib/libpcap.A.dylib
0x0000000026a60000 	/usr/lib/libboringssl.dylib
0x0000000026a60000 	/usr/lib/libusrtcp.dylib
0x0000000026a60000 	/usr/lib/libapple_crypto.dylib
0x0000000026a60000 	/System/Library/Frameworks/CoreServices.framework/Versions/A/Frameworks/FSEvents.framework/Versions/A/FSEvents
0x0000000026a60000 	/System/Library/Frameworks/CoreServices.framework/Versions/A/Frameworks/CarbonCore.framework/Versions/A/CarbonCore
0x0000000026a60000 	/System/Library/Frameworks/CoreServices.framework/Versions/A/Frameworks/Metadata.framework/Versions/A/Metadata
0x0000000026a60000 	/System/Library/Frameworks/CoreServices.framework/Versions/A/Frameworks/OSServices.framework/Versions/A/OSServices
0x0000000026a60000 	/System/Library/Frameworks/CoreServices.framework/Versions/A/Frameworks/SearchKit.framework/Versions/A/SearchKit
0x0000000026a60000 	/System/Library/Frameworks/CoreServices.framework/Versions/A/Frameworks/AE.framework/Versions/A/AE
0x0000000026a60000 	/System/Library/Frameworks/CoreServices.framework/Versions/A/Frameworks/LaunchServices.framework/Versions/A/LaunchServices
0x0000000026a60000 	/System/Library/Frameworks/CoreServices.framework/Versions/A/Frameworks/DictionaryServices.framework/Versions/A/DictionaryServices
0x0000000026a60000 	/System/Library/Frameworks/CoreServices.framework/Versions/A/Frameworks/SharedFileList.framework/Versions/A/SharedFileList
0x0000000026a60000 	/System/Library/Frameworks/NetFS.framework/Versions/A/NetFS
0x0000000026a60000 	/System/Library/PrivateFrameworks/NetAuth.framework/Versions/A/NetAuth
0x0000000026a60000 	/System/Library/PrivateFrameworks/login.framework/Versions/A/Frameworks/loginsupport.framework/Versions/A/loginsupport
0x0000000026a60000 	/System/Library/PrivateFrameworks/TCC.framework/Versions/A/TCC
0x0000000026a60000 	/usr/lib/libmecabra.dylib
0x0000000026a60000 	/System/Library/Frameworks/ApplicationServices.framework/Versions/A/Frameworks/ATS.framework/Versions/A/ATS
0x0000000026a60000 	/System/Library/Frameworks/ApplicationServices.framework/Versions/A/Frameworks/ColorSyncLegacy.framework/Versions/A/ColorSyncLegacy
0x0000000026a60000 	/System/Library/Frameworks/ApplicationServices.framework/Versions/A/Frameworks/HIServices.framework/Versions/A/HIServices
0x0000000026a60000 	/System/Library/Frameworks/ApplicationServices.framework/Versions/A/Frameworks/LangAnalysis.framework/Versions/A/LangAnalysis
0x0000000026a60000 	/System/Library/Frameworks/ApplicationServices.framework/Versions/A/Frameworks/PrintCore.framework/Versions/A/PrintCore
0x0000000026a60000 	/System/Library/Frameworks/ApplicationServices.framework/Versions/A/Frameworks/QD.framework/Versions/A/QD
0x0000000026a60000 	/System/Library/Frameworks/ApplicationServices.framework/Versions/A/Frameworks/SpeechSynthesis.framework/Versions/A/SpeechSynthesis
0x0000000026a60000 	/System/Library/Frameworks/CoreDisplay.framework/Versions/A/CoreDisplay
0x0000000026a60000 	/System/Library/Frameworks/Accelerate.framework/Versions/A/Frameworks/vImage.framework/Versions/A/vImage
0x0000000026a60000 	/System/Library/Frameworks/Accelerate.framework/Versions/A/Frameworks/vecLib.framework/Versions/A/vecLib
0x0000000026a60000 	/System/Library/Frameworks/Accelerate.framework/Versions/A/Frameworks/vecLib.framework/Versions/A/libvDSP.dylib
0x0000000026a60000 	/System/Library/Frameworks/Accelerate.framework/Versions/A/Frameworks/vecLib.framework/Versions/A/libBNNS.dylib
0x0000000026a60000 	/System/Library/Frameworks/Accelerate.framework/Versions/A/Frameworks/vecLib.framework/Versions/A/libQuadrature.dylib
0x0000000026a60000 	/System/Library/Frameworks/Accelerate.framework/Versions/A/Frameworks/vecLib.framework/Versions/A/libvMisc.dylib
0x0000000026a60000 	/System/Library/Frameworks/Accelerate.framework/Versions/A/Frameworks/vecLib.framework/Versions/A/libLAPACK.dylib
0x0000000026a60000 	/System/Library/Frameworks/Accelerate.framework/Versions/A/Frameworks/vecLib.framework/Versions/A/libBLAS.dylib
0x0000000026a60000 	/System/Library/Frameworks/Accelerate.framework/Versions/A/Frameworks/vecLib.framework/Versions/A/libLinearAlgebra.dylib
0x0000000026a60000 	/System/Library/Frameworks/Accelerate.framework/Versions/A/Frameworks/vecLib.framework/Versions/A/libSparse.dylib
0x0000000026a60000 	/System/Library/Frameworks/Accelerate.framework/Versions/A/Frameworks/vecLib.framework/Versions/A/libSparseBLAS.dylib
0x0000000026a60000 	/System/Library/PrivateFrameworks/IOAccelerator.framework/Versions/A/IOAccelerator
0x0000000026a60000 	/System/Library/PrivateFrameworks/IOPresentment.framework/Versions/A/IOPresentment
0x0000000026a60000 	/System/Library/PrivateFrameworks/DSExternalDisplay.framework/Versions/A/DSExternalDisplay
0x0000000026a60000 	/System/Library/Frameworks/OpenGL.framework/Versions/A/Libraries/libCoreFSCache.dylib
0x0000000026a60000 	/System/Library/Frameworks/CoreVideo.framework/Versions/A/CoreVideo
0x0000000026a60000 	/System/Library/PrivateFrameworks/GraphVisualizer.framework/Versions/A/GraphVisualizer
0x0000000026a60000 	/System/Library/Frameworks/MetalPerformanceShaders.framework/Versions/A/MetalPerformanceShaders
0x0000000026a60000 	/usr/lib/libFosl_dynamic.dylib
0x0000000026a60000 	/System/Library/PrivateFrameworks/FaceCore.framework/Versions/A/FaceCore
0x0000000026a60000 	/System/Library/Frameworks/OpenCL.framework/Versions/A/OpenCL
0x0000000026a60000 	/usr/lib/libcompression.dylib
0x0000000026a60000 	/System/Library/Frameworks/ApplicationServices.framework/Versions/A/Frameworks/ATS.framework/Versions/A/Resources/libFontParser.dylib
0x0000000026a60000 	/System/Library/Frameworks/ApplicationServices.framework/Versions/A/Frameworks/ATS.framework/Versions/A/Resources/libFontRegistry.dylib
0x0000000026a60000 	/System/Library/Frameworks/ImageIO.framework/Versions/A/Resources/libJPEG.dylib
0x0000000026a60000 	/System/Library/Frameworks/ImageIO.framework/Versions/A/Resources/libTIFF.dylib
0x0000000026a60000 	/System/Library/Frameworks/ImageIO.framework/Versions/A/Resources/libPng.dylib
0x0000000026a60000 	/System/Library/Frameworks/ImageIO.framework/Versions/A/Resources/libGIF.dylib
0x0000000026a60000 	/System/Library/Frameworks/ImageIO.framework/Versions/A/Resources/libJP2.dylib
0x0000000026a60000 	/System/Library/Frameworks/ImageIO.framework/Versions/A/Resources/libRadiance.dylib
0x0000000026a60000 	/System/Library/PrivateFrameworks/AppleJPEG.framework/Versions/A/AppleJPEG
0x0000000026a60000 	/System/Library/PrivateFrameworks/MetalTools.framework/Versions/A/MetalTools
0x0000000026a60000 	/System/Library/Frameworks/MetalPerformanceShaders.framework/Frameworks/MPSCore.framework/Versions/A/MPSCore
0x0000000026a60000 	/System/Library/Frameworks/MetalPerformanceShaders.framework/Frameworks/MPSImage.framework/Versions/A/MPSImage
0x0000000026a60000 	/System/Library/Frameworks/MetalPerformanceShaders.framework/Frameworks/MPSMatrix.framework/Versions/A/MPSMatrix
0x0000000026a60000 	/System/Library/Frameworks/MetalPerformanceShaders.framework/Frameworks/MPSNeuralNetwork.framework/Versions/A/MPSNeuralNetwork
0x0000000026a60000 	/System/Library/Frameworks/OpenGL.framework/Versions/A/Libraries/libGLU.dylib
0x0000000026a60000 	/System/Library/Frameworks/OpenGL.framework/Versions/A/Libraries/libGFXShared.dylib
0x0000000026a60000 	/System/Library/Frameworks/OpenGL.framework/Versions/A/Libraries/libGL.dylib
0x0000000026a60000 	/System/Library/Frameworks/OpenGL.framework/Versions/A/Libraries/libGLImage.dylib
0x0000000026a60000 	/System/Library/Frameworks/OpenGL.framework/Versions/A/Libraries/libCVMSPluginSupport.dylib
0x0000000026a60000 	/System/Library/Frameworks/OpenGL.framework/Versions/A/Libraries/libCoreVMClient.dylib
0x0000000026a60000 	/usr/lib/libcups.2.dylib
0x0000000026a60000 	/System/Library/Frameworks/Kerberos.framework/Versions/A/Kerberos
0x0000000026a60000 	/System/Library/Frameworks/GSS.framework/Versions/A/GSS
0x0000000026a60000 	/usr/lib/libresolv.9.dylib
0x0000000026a60000 	/usr/lib/libiconv.2.dylib
0x0000000026a60000 	/System/Library/PrivateFrameworks/Heimdal.framework/Versions/A/Heimdal
0x0000000026a60000 	/usr/lib/libheimdal-asn1.dylib
0x0000000026a60000 	/System/Library/Frameworks/OpenDirectory.framework/Versions/A/OpenDirectory
0x0000000026a60000 	/System/Library/PrivateFrameworks/CommonAuth.framework/Versions/A/CommonAuth
0x0000000026a60000 	/System/Library/Frameworks/OpenDirectory.framework/Versions/A/Frameworks/CFOpenDirectory.framework/Versions/A/CFOpenDirectory
0x0000000026a60000 	/System/Library/Frameworks/SecurityFoundation.framework/Versions/A/SecurityFoundation
0x0000000026a60000 	/System/Library/PrivateFrameworks/APFS.framework/Versions/A/APFS
0x0000000026a60000 	/usr/lib/libutil.dylib
0x0000000026a60000 	/System/Library/PrivateFrameworks/AppleSauce.framework/Versions/A/AppleSauce
0x0000000026a60000 	/System/Library/PrivateFrameworks/LinguisticData.framework/Versions/A/LinguisticData
0x0000000026a60000 	/usr/lib/libmarisa.dylib
0x0000000026a60000 	/System/Library/PrivateFrameworks/Lexicon.framework/Versions/A/Lexicon
0x0000000026a60000 	/usr/lib/libChineseTokenizer.dylib
0x0000000026a60000 	/usr/lib/libcmph.dylib
0x0000000026a60000 	/System/Library/PrivateFrameworks/LanguageModeling.framework/Versions/A/LanguageModeling
0x0000000026a60000 	/System/Library/PrivateFrameworks/CoreEmoji.framework/Versions/A/CoreEmoji
0x0000000026a60000 	/System/Library/Frameworks/ServiceManagement.framework/Versions/A/ServiceManagement
0x0000000026a60000 	/System/Library/PrivateFrameworks/BackgroundTaskManagement.framework/Versions/A/BackgroundTaskManagement
0x0000000026a60000 	/usr/lib/libxslt.1.dylib
0x0000000026a60000 	/System/Library/Frameworks/Carbon.framework/Versions/A/Frameworks/Ink.framework/Versions/A/Ink
0x0000000026a60000 	/System/Library/PrivateFrameworks/TextureIO.framework/Versions/A/TextureIO
0x0000000026a60000 	/usr/lib/libate.dylib
0x0000000026a60000 	/System/Library/PrivateFrameworks/CrashReporterSupport.framework/Versions/A/CrashReporterSupport
0x0000000026a60000 	/System/Library/PrivateFrameworks/Sharing.framework/Versions/A/Sharing
0x0000000026a60000 	/System/Library/PrivateFrameworks/IconServices.framework/Versions/A/IconServices
0x0000000026a60000 	/System/Library/PrivateFrameworks/ProtocolBuffer.framework/Versions/A/ProtocolBuffer
0x0000000026a60000 	/System/Library/PrivateFrameworks/Apple80211.framework/Versions/A/Apple80211
0x0000000026a60000 	/System/Library/Frameworks/CoreWLAN.framework/Versions/A/CoreWLAN
0x0000000026a60000 	/System/Library/PrivateFrameworks/CoreUtils.framework/Versions/A/CoreUtils
0x0000000026a60000 	/System/Library/Frameworks/IOBluetooth.framework/Versions/A/IOBluetooth
0x0000000026a60000 	/System/Library/PrivateFrameworks/CoreWiFi.framework/Versions/A/CoreWiFi
0x0000000026a60000 	/System/Library/Frameworks/CoreBluetooth.framework/Versions/A/CoreBluetooth
0x0000000026a60000 	/System/Library/PrivateFrameworks/SignpostNotification.framework/Versions/A/SignpostNotification
0x0000000026a60000 	/System/Library/PrivateFrameworks/DebugSymbols.framework/Versions/A/DebugSymbols
0x0000000026a60000 	/System/Library/PrivateFrameworks/CoreSymbolication.framework/Versions/A/CoreSymbolication
0x0000000026a60000 	/System/Library/PrivateFrameworks/Symbolication.framework/Versions/A/Symbolication
0x0000000026a60000 	/System/Library/PrivateFrameworks/AppleFSCompression.framework/Versions/A/AppleFSCompression
0x0000000026a60000 	/System/Library/PrivateFrameworks/SpeechRecognitionCore.framework/Versions/A/SpeechRecognitionCore
0x0000000107200000 	/Library/Java/JavaVirtualMachines/jdk1.8.0_152.jdk/Contents/Home/jre/lib/server/libjvm.dylib
0x0000000026a60000 	/usr/lib/libstdc++.6.0.9.dylib
0x000000010609c000 	/Library/Java/JavaVirtualMachines/jdk1.8.0_152.jdk/Contents/Home/jre/lib/libverify.dylib
0x00000001060aa000 	/Library/Java/JavaVirtualMachines/jdk1.8.0_152.jdk/Contents/Home/jre/lib/libjava.dylib
0x00000001060e1000 	/Library/Java/JavaVirtualMachines/jdk1.8.0_152.jdk/Contents/Home/jre/lib/libjdwp.dylib
0x000000010612c000 	/Library/Java/JavaVirtualMachines/jdk1.8.0_152.jdk/Contents/Home/jre/lib/libnpt.dylib
0x0000000106130000 	/Library/Java/JavaVirtualMachines/jdk1.8.0_152.jdk/Contents/Home/jre/lib/libinstrument.dylib
0x00000001061ce000 	/Library/Java/JavaVirtualMachines/jdk1.8.0_152.jdk/Contents/Home/jre/lib/libzip.dylib
0x0000000114255000 	/Library/Java/JavaVirtualMachines/jdk1.8.0_152.jdk/Contents/Home/jre/lib/libdt_socket.dylib
0x000000011442a000 	/private/var/folders/sz/k8vlylnn1fq0qtrv4jlk1zhc0000gn/T/sqlite-3.21.0-6345f455-4195-4d70-9756-1058067019d9-libsqlitejdbc.jnilib
0x00000001145cf000 	/Library/Java/JavaVirtualMachines/jdk1.8.0_152.jdk/Contents/Home/jre/lib/libawt.dylib
0x0000000114679000 	/Library/Java/JavaVirtualMachines/jdk1.8.0_152.jdk/Contents/Home/jre/lib/./libmlib_image.dylib
0x0000000026a60000 	/System/Library/Frameworks/JavaVM.framework/Versions/A/Frameworks/JavaNativeFoundation.framework/Versions/A/JavaNativeFoundation
0x0000000026a60000 	/System/Library/Frameworks/JavaVM.framework/Versions/A/Frameworks/JavaRuntimeSupport.framework/Versions/A/JavaRuntimeSupport
0x0000000026a60000 	/System/Library/Frameworks/JavaVM.framework/Versions/A/JavaVM
0x0000000026a60000 	/System/Library/PrivateFrameworks/JavaLaunching.framework/Versions/A/JavaLaunching
0x0000000026a60000 	/System/Library/Frameworks/Carbon.framework/Versions/A/Carbon
0x0000000026a60000 	/System/Library/Frameworks/Carbon.framework/Versions/A/Frameworks/CommonPanels.framework/Versions/A/CommonPanels
0x0000000026a60000 	/System/Library/Frameworks/Carbon.framework/Versions/A/Frameworks/Help.framework/Versions/A/Help
0x0000000026a60000 	/System/Library/Frameworks/Carbon.framework/Versions/A/Frameworks/ImageCapture.framework/Versions/A/ImageCapture
0x0000000026a60000 	/System/Library/Frameworks/Carbon.framework/Versions/A/Frameworks/OpenScripting.framework/Versions/A/OpenScripting
0x0000000026a60000 	/System/Library/Frameworks/Carbon.framework/Versions/A/Frameworks/Print.framework/Versions/A/Print
0x0000000026a60000 	/System/Library/Frameworks/Carbon.framework/Versions/A/Frameworks/SecurityHI.framework/Versions/A/SecurityHI
0x0000000114745000 	/Library/Java/JavaVirtualMachines/jdk1.8.0_152.jdk/Contents/Home/jre/lib/libawt_lwawt.dylib
0x00000001147ff000 	/Library/Java/JavaVirtualMachines/jdk1.8.0_152.jdk/Contents/Home/jre/lib/./libosxapp.dylib
0x0000000026a60000 	/System/Library/Frameworks/ExceptionHandling.framework/Versions/A/ExceptionHandling
0x0000000026a60000 	/System/Library/PrivateFrameworks/CoreServicesInternal.framework/Versions/A/CoreServicesInternal
0x0000000026a60000 	/System/Library/CoreServices/RawCamera.bundle/Contents/MacOS/RawCamera
0x0000000026a60000 	/System/Library/PrivateFrameworks/MobileAsset.framework/Versions/A/MobileAsset
0x0000000026a60000 	/System/Library/PrivateFrameworks/StreamingZip.framework/Versions/A/StreamingZip
0x0000000026a60000 	/System/Library/Frameworks/MediaToolbox.framework/Versions/A/MediaToolbox
0x0000000026a60000 	/System/Library/PrivateFrameworks/CoreAVCHD.framework/Versions/A/CoreAVCHD
0x0000000026a60000 	/System/Library/Frameworks/MediaAccessibility.framework/Versions/A/MediaAccessibility
0x0000000026a60000 	/System/Library/PrivateFrameworks/Mangrove.framework/Versions/A/Mangrove
0x0000000026a60000 	/System/Library/Frameworks/CoreMedia.framework/Versions/A/CoreMedia
0x0000000026a60000 	/System/Library/Frameworks/VideoToolbox.framework/Versions/A/VideoToolbox
0x0000000026a60000 	/System/Library/PrivateFrameworks/CoreAUC.framework/Versions/A/CoreAUC
0x0000000026a60000 	/usr/lib/libspindump.dylib
0x0000000026a60000 	/usr/lib/libdscsym.dylib
0x0000000026a60000 	/System/Library/PrivateFrameworks/AppleVA.framework/Versions/A/AppleVA
0x0000000026a60000 	/System/Library/Frameworks/Accelerate.framework/Versions/A/Frameworks/vImage.framework/Versions/A/Libraries/libCGInterfaces.dylib
0x0000000026a60000 	/System/Library/Frameworks/ApplicationServices.framework/Versions/A/Frameworks/ATS.framework/Versions/A/Resources/libTrueTypeScaler.dylib
0x0000000026a60000 	/System/Library/Frameworks/OpenGL.framework/Versions/A/Resources/GLEngine.bundle/GLEngine
0x0000000026a60000 	/System/Library/Frameworks/OpenGL.framework/Versions/A/Libraries/libGLProgrammability.dylib
0x0000000127676000 	/System/Library/Extensions/AppleIntelSKLGraphicsGLDriver.bundle/Contents/MacOS/AppleIntelSKLGraphicsGLDriver
0x0000000026a60000 	/System/Library/PrivateFrameworks/GPUSupport.framework/Versions/A/Libraries/libGPUSupportMercury.dylib
0x00000001286a4000 	/System/Library/Extensions/AMDRadeonX4000GLDriver.bundle/Contents/MacOS/AMDRadeonX4000GLDriver
0x0000000026a60000 	/System/Library/Extensions/AMDRadeonX4000GLDriver.bundle/Contents/MacOS/ATIRadeonX4000SCLib.dylib
0x0000000026a60000 	/System/Library/Frameworks/OpenGL.framework/Versions/A/Resources/GLRendererFloat.bundle/GLRendererFloat
0x0000000026a60000 	/System/Library/Frameworks/OpenCL.framework/Versions/A/Libraries/libcldcpuengine.dylib
0x0000000026a60000 	/usr/lib/libcrypto.35.dylib
0x0000000026a60000 	/System/Library/PrivateFrameworks/TrustEvaluationAgent.framework/Versions/A/TrustEvaluationAgent
0x0000000026a60000 	/System/Library/Extensions/AppleIntelSKLGraphicsMTLDriver.bundle/Contents/MacOS/AppleIntelSKLGraphicsMTLDriver
0x00000001287d6000 	/System/Library/Extensions/AMDMTLBronzeDriver.bundle/Contents/MacOS/AMDMTLBronzeDriver
0x0000000026a60000 	/System/Library/PrivateFrameworks/IOAccelMemoryInfo.framework/Versions/A/IOAccelMemoryInfo
0x0000000026a60000 	/System/Library/PrivateFrameworks/GPUCompiler.framework/Versions/3802/Libraries/libmetal_timestamp.dylib
0x0000000026a60000 	/System/Library/PrivateFrameworks/FamilyControls.framework/Versions/A/FamilyControls
0x0000000026a60000 	/System/Library/PrivateFrameworks/CommerceKit.framework/Versions/A/Frameworks/CommerceCore.framework/Versions/A/CommerceCore
0x0000000026a60000 	/System/Library/PrivateFrameworks/SystemAdministration.framework/Versions/A/SystemAdministration
0x0000000026a60000 	/System/Library/PrivateFrameworks/AppContainer.framework/Versions/A/AppContainer
0x0000000026a60000 	/System/Library/PrivateFrameworks/SecCodeWrapper.framework/Versions/A/SecCodeWrapper
0x0000000026a60000 	/System/Library/PrivateFrameworks/DiskManagement.framework/Versions/A/DiskManagement
0x0000000026a60000 	/System/Library/Frameworks/DirectoryService.framework/Versions/A/DirectoryService
0x0000000026a60000 	/System/Library/PrivateFrameworks/DiskImages.framework/Versions/A/DiskImages
0x0000000026a60000 	/System/Library/PrivateFrameworks/LoginUIKit.framework/Versions/A/Frameworks/LoginUICore.framework/Versions/A/LoginUICore
0x0000000026a60000 	/usr/lib/libCoreStorage.dylib
0x0000000026a60000 	/usr/lib/libcsfde.dylib
0x0000000026a60000 	/usr/lib/libodfde.dylib
0x0000000026a60000 	/System/Library/PrivateFrameworks/MediaKit.framework/Versions/A/MediaKit
0x0000000026a60000 	/System/Library/Frameworks/DiscRecording.framework/Versions/A/DiscRecording
0x0000000026a60000 	/System/Library/PrivateFrameworks/EFILogin.framework/Versions/A/EFILogin
0x0000000026a60000 	/System/Library/PrivateFrameworks/ProtectedCloudStorage.framework/Versions/A/ProtectedCloudStorage
0x0000000026a60000 	/usr/lib/libcurl.4.dylib
0x0000000026a60000 	/usr/lib/libssl.35.dylib
0x0000000026a60000 	/System/Library/Frameworks/LDAP.framework/Versions/A/LDAP
0x0000000026a60000 	/usr/lib/libsasl2.2.dylib
0x0000000026a60000 	/System/Library/PrivateFrameworks/CoreDaemon.framework/Versions/B/CoreDaemon
0x0000000026a60000 	/System/Library/PrivateFrameworks/AppleSRP.framework/Versions/A/AppleSRP
0x0000000129a63000 	/Library/Java/JavaVirtualMachines/jdk1.8.0_152.jdk/Contents/Home/jre/lib/libfontmanager.dylib
0x0000000129b60000 	/Library/Java/JavaVirtualMachines/jdk1.8.0_152.jdk/Contents/Home/jre/lib/libosxui.dylib
0x000000012a927000 	/Users/pierlim/IdeaProjects/Clips_Project/src/CLIPSJNI/libCLIPSJNI.jnilib
0x0000000026a60000 	/System/Library/PrivateFrameworks/ViewBridge.framework/Versions/A/ViewBridge

VM Arguments:
jvm_args: -agentlib:jdwp=transport=dt_socket,address=127.0.0.1:49496,suspend=y,server=n -Djava.library.path=/Users/pierlim/IdeaProjects/Clips_Project/src/CLIPSJNI -javaagent:/Users/pierlim/Library/Caches/IntelliJIdea2017.3/captureAgent/debugger-agent.jar=/private/var/folders/sz/k8vlylnn1fq0qtrv4jlk1zhc0000gn/T/capture.props -Dfile.encoding=UTF-8 
java_command: CharityRecommender
java_class_path (initial): /Library/Java/JavaVirtualMachines/jdk1.8.0_152.jdk/Contents/Home/jre/lib/charsets.jar:/Library/Java/JavaVirtualMachines/jdk1.8.0_152.jdk/Contents/Home/jre/lib/deploy.jar:/Library/Java/JavaVirtualMachines/jdk1.8.0_152.jdk/Contents/Home/jre/lib/ext/cldrdata.jar:/Library/Java/JavaVirtualMachines/jdk1.8.0_152.jdk/Contents/Home/jre/lib/ext/dnsns.jar:/Library/Java/JavaVirtualMachines/jdk1.8.0_152.jdk/Contents/Home/jre/lib/ext/jaccess.jar:/Library/Java/JavaVirtualMachines/jdk1.8.0_152.jdk/Contents/Home/jre/lib/ext/jfxrt.jar:/Library/Java/JavaVirtualMachines/jdk1.8.0_152.jdk/Contents/Home/jre/lib/ext/localedata.jar:/Library/Java/JavaVirtualMachines/jdk1.8.0_152.jdk/Contents/Home/jre/lib/ext/nashorn.jar:/Library/Java/JavaVirtualMachines/jdk1.8.0_152.jdk/Contents/Home/jre/lib/ext/sunec.jar:/Library/Java/JavaVirtualMachines/jdk1.8.0_152.jdk/Contents/Home/jre/lib/ext/sunjce_provider.jar:/Library/Java/JavaVirtualMachines/jdk1.8.0_152.jdk/Contents/Home/jre/lib/ext/sunpkcs11.jar:/Library/Java/JavaVirtualMachines/jdk1.8.0_152.jdk/Contents/Home/jre/lib/ext/zipfs.jar:/Library/Java/JavaVirtualMachines/jdk1.8.0_152.jdk/Contents/Home/jre/lib/javaws.jar:/Library/Java/JavaVirtualMachines/jdk1.8.0_152.jdk/Contents/Home/jre/lib/jce.jar:/Library/Java/JavaVirtualMachines/jdk1.8.0_152.jdk/Contents/Home/jre/lib/jfr.jar:/Library/Java/JavaVirtualMachines/jdk1.8.0_152.jdk/Contents/Home/jre/lib/jfxswt.jar:/Library/Java/JavaVirtualMachines/jdk1.8.0_152.jdk/Contents/Home/jre/lib/jsse.jar:/Library/Java/JavaVirtualMachines/jdk1.8.0_152.jdk/Contents/Home/jre/lib/management-agent.jar:/Library/Java/JavaVirtualMachines/jdk1.8.0_152.jdk/Contents/Home/jre/lib/plugin.jar:/Library/Java/JavaVirtualMachines/jdk1.8.0_152.jdk/Contents/Home/jre/lib/resources.jar:/Library/Java/JavaVirtualMachines/jdk1.8.0_152.jdk/Contents/Home/jre/lib/rt.jar:/Library/Java/JavaVirtualMachines/jdk1.8.0_152.jdk/Contents/Home/lib/ant-javafx.jar:/Library/Java/JavaVirtualMachines/jdk1.8.0_152.jdk/Contents/Home
Launcher Type: SUN_STANDARD

Environment Variables:
PATH=/usr/local/bin:/usr/local/bin:/opt/local/bin:/opt/local/sbin:/Users/pierlim/anaconda/bin:/Users/pierlim/miniconda2/bin:/usr/local/bin:/usr/bin:/bin:/usr/sbin:/sbin:/opt/X11/bin
SHELL=/bin/bash
DISPLAY=/private/tmp/com.apple.launchd.OhAckoYu1n/org.macosforge.xquartz:0

Signal Handlers:
SIGSEGV: [libjvm.dylib+0x5b494d], sa_mask[0]=11111111011111110111111111111111, sa_flags=SA_ONSTACK|SA_RESTART|SA_SIGINFO
SIGBUS: [libjvm.dylib+0x5b494d], sa_mask[0]=11111111011111110111111111111111, sa_flags=SA_RESTART|SA_SIGINFO
SIGFPE: [libjvm.dylib+0x48ab54], sa_mask[0]=11111111011111110111111111111111, sa_flags=SA_RESTART|SA_SIGINFO
SIGPIPE: [libjvm.dylib+0x48ab54], sa_mask[0]=11111111011111110111111111111111, sa_flags=SA_RESTART|SA_SIGINFO
SIGXFSZ: [libjvm.dylib+0x48ab54], sa_mask[0]=11111111011111110111111111111111, sa_flags=SA_RESTART|SA_SIGINFO
SIGILL: [libjvm.dylib+0x48ab54], sa_mask[0]=11111111011111110111111111111111, sa_flags=SA_RESTART|SA_SIGINFO
SIGUSR1: SIG_DFL, sa_mask[0]=00000000000000000000000000000000, sa_flags=none
SIGUSR2: [libjvm.dylib+0x48a672], sa_mask[0]=00100000000000000000000000000000, sa_flags=SA_RESTART|SA_SIGINFO
SIGHUP: [libjvm.dylib+0x488c49], sa_mask[0]=11111111011111110111111111111111, sa_flags=SA_RESTART|SA_SIGINFO
SIGINT: [libjvm.dylib+0x488c49], sa_mask[0]=11111111011111110111111111111111, sa_flags=SA_RESTART|SA_SIGINFO
SIGTERM: [libjvm.dylib+0x488c49], sa_mask[0]=11111111011111110111111111111111, sa_flags=SA_RESTART|SA_SIGINFO
SIGQUIT: [libjvm.dylib+0x488c49], sa_mask[0]=11111111011111110111111111111111, sa_flags=SA_RESTART|SA_SIGINFO


---------------  S Y S T E M  ---------------

OS:Bsduname:Darwin 17.4.0 Darwin Kernel Version 17.4.0: Sun Dec 17 09:19:54 PST 2017; root:xnu-4570.41.2~1/RELEASE_X86_64 x86_64
rlimit: STACK 8192k, CORE 0k, NPROC 1418, NOFILE 10240, AS infinity
load average:1.98 1.95 1.96

CPU:total 8 (initial active 8) (4 cores per cpu, 2 threads per core) family 6 model 94 stepping 3, cmov, cx8, fxsr, mmx, sse, sse2, sse3, ssse3, sse4.1, sse4.2, popcnt, avx, avx2, aes, clmul, erms, rtm, 3dnowpref, lzcnt, ht, tsc, tscinvbit, bmi1, bmi2, adx

Memory: 4k page, physical 16777216k(347196k free)

/proc/meminfo:


vm_info: Java HotSpot(TM) 64-Bit Server VM (25.152-b16) for bsd-amd64 JRE (1.8.0_152-b16), built on Sep 14 2017 02:31:13 by "java_re" with gcc 4.2.1 (Based on Apple Inc. build 5658) (LLVM build 2336.11.00)

time: Wed Feb 14 22:53:51 2018
elapsed time: 8 seconds (0d 0h 0m 8s)

